#
# There is insufficient memory for the Java Runtime Environment to continue.
# Native memory allocation (malloc) failed to allocate 1105296 bytes. Error detail: Chunk::new
# Possible reasons:
#   The system is out of physical RAM or swap space
#   This process is running with CompressedOops enabled, and the Java Heap may be blocking the growth of the native heap
# Possible solutions:
#   Reduce memory load on the system
#   Increase physical memory or swap space
#   Check if swap backing store is full
#   Decrease Java heap size (-Xmx/-Xms)
#   Decrease number of Java threads
#   Decrease Java thread stack sizes (-Xss)
#   Set larger code cache with -XX:ReservedCodeCacheSize=
#   JVM is running with Unscaled Compressed Oops mode in which the Java heap is
#     placed in the first 4GB address space. The Java Heap base address is the
#     maximum limit for the native heap growth. Please use -XX:HeapBaseMinAddress
#     to set the Java Heap base and to place the Java Heap above 4GB virtual address.
# This output file may be truncated or incomplete.
#
#  Out of Memory Error (arena.cpp:168), pid=18608, tid=18372
#
# JRE version: OpenJDK Runtime Environment Temurin-21.0.6+7 (21.0.6+7) (build 21.0.6+7-LTS)
# Java VM: OpenJDK 64-Bit Server VM Temurin-21.0.6+7 (21.0.6+7-LTS, mixed mode, sharing, tiered, compressed oops, compressed class ptrs, parallel gc, windows-amd64)
# No core dump will be written. Minidumps are not enabled by default on client versions of Windows
#

---------------  S U M M A R Y ------------

Command Line: --add-modules=ALL-SYSTEM --add-opens=java.base/java.util=ALL-UNNAMED --add-opens=java.base/java.lang=ALL-UNNAMED --add-opens=java.base/sun.nio.fs=ALL-UNNAMED -Declipse.application=org.eclipse.jdt.ls.core.id1 -Dosgi.bundles.defaultStartLevel=4 -Declipse.product=org.eclipse.jdt.ls.core.product -Djava.import.generatesMetadataFilesAtProjectRoot=false -DDetectVMInstallationsJob.disabled=true -Dfile.encoding=utf8 -XX:+UseParallelGC -XX:GCTimeRatio=4 -XX:AdaptiveSizePolicyWeight=90 -Dsun.zip.disableMemoryMapping=true -Xmx1G -Xms100m -Xlog:disable -javaagent:c:\Users\Johnly\.vscode\extensions\redhat.java-1.41.1-win32-x64\lombok\lombok-1.18.36.jar -XX:+HeapDumpOnOutOfMemoryError -XX:HeapDumpPath=c:\Users\Johnly\AppData\Roaming\Code\User\workspaceStorage\06f7cb8f4aa0567787170b2adc627bbe\redhat.java -Daether.dependencyCollector.impl=bf c:\Users\Johnly\.vscode\extensions\redhat.java-1.41.1-win32-x64\server\plugins\org.eclipse.equinox.launcher_1.7.0.v20250331-1702.jar -configuration c:\Users\Johnly\AppData\Roaming\Code\User\globalStorage\redhat.java\1.41.1\config_win -data c:\Users\Johnly\AppData\Roaming\Code\User\workspaceStorage\06f7cb8f4aa0567787170b2adc627bbe\redhat.java\jdt_ws --pipe=\\.\pipe\lsp-33720d87764a400f83c0799c973009bb-sock

Host: AMD Ryzen 7 3750H with Radeon Vega Mobile Gfx  , 8 cores, 15G,  Windows 11 , 64 bit Build 26100 (10.0.26100.3624)
Time: Thu Apr 10 13:10:11 2025 W. Europe Daylight Time elapsed time: 52.122514 seconds (0d 0h 0m 52s)

---------------  T H R E A D  ---------------

Current thread (0x0000016d65ddd8c0):  JavaThread "C2 CompilerThread1" daemon [_thread_in_native, id=18372, stack(0x000000563e000000,0x000000563e100000) (1024K)]


Current CompileTask:
C2:52122 11104 %s!   4       org.eclipse.jdt.internal.core.index.DiskIndex::readCategoryTable @ 260 (743 bytes)

Stack: [0x000000563e000000,0x000000563e100000]
Native frames: (J=compiled Java code, j=interpreted, Vv=VM code, C=native code)
V  [jvm.dll+0x6cdee9]
V  [jvm.dll+0x8a83d1]
V  [jvm.dll+0x8aa8fe]
V  [jvm.dll+0x8aafe3]
V  [jvm.dll+0x27f706]
V  [jvm.dll+0xc500d]
V  [jvm.dll+0xc5543]
V  [jvm.dll+0x3b6752]
V  [jvm.dll+0x1e0009]
V  [jvm.dll+0x247b42]
V  [jvm.dll+0x246fcf]
V  [jvm.dll+0x1c75ee]
V  [jvm.dll+0x25685a]
V  [jvm.dll+0x254dfa]
V  [jvm.dll+0x3f0256]
V  [jvm.dll+0x851f8b]
V  [jvm.dll+0x6cc5ed]
C  [ucrtbase.dll+0x37b0]
C  [KERNEL32.DLL+0x2e8d7]
C  [ntdll.dll+0xb14fc]


---------------  P R O C E S S  ---------------

Threads class SMR info:
_java_thread_list=0x0000016d685ef250, length=60, elements={
0x0000016d484abba0, 0x0000016d4856d6a0, 0x0000016d5c864770, 0x0000016d5c867e40,
0x0000016d5c868a90, 0x0000016d5c874130, 0x0000016d5c874b80, 0x0000016d5c875c00,
0x0000016d5c87a9a0, 0x0000016d5e2e80b0, 0x0000016d5e527870, 0x0000016d636e7cf0,
0x0000016d5e6a6030, 0x0000016d630af830, 0x0000016d6314d630, 0x0000016d63811ef0,
0x0000016d63ad9830, 0x0000016d6389f030, 0x0000016d6389e9a0, 0x0000016d6389e310,
0x0000016d638a03e0, 0x0000016d638a0a70, 0x0000016d6389f6c0, 0x0000016d5e7f3730,
0x0000016d5e7f2380, 0x0000016d5e7f3dc0, 0x0000016d5e7f4450, 0x0000016d5e7f4ae0,
0x0000016d5e7f1cf0, 0x0000016d5e7f2a10, 0x0000016d5e7f5170, 0x0000016d5e7f5e90,
0x0000016d5e7f6520, 0x0000016d5e7f30a0, 0x0000016d5e7f5800, 0x0000016d5e7f6bb0,
0x0000016d5e7f7240, 0x0000016d5e7f78d0, 0x0000016d654d38e0, 0x0000016d654d1180,
0x0000016d654d0460, 0x0000016d654d3f70, 0x0000016d654d5320, 0x0000016d654d6040,
0x0000016d654d4600, 0x0000016d654d4c90, 0x0000016d654d59b0, 0x0000016d5e7f8c80,
0x0000016d5e7f9310, 0x0000016d6389dc80, 0x0000016d654cf0b0, 0x0000016d683bd0a0,
0x0000016d65ddd8c0, 0x0000016d683bf800, 0x0000016d683bd730, 0x0000016d683bf170,
0x0000016d683bddc0, 0x0000016d683beae0, 0x0000016d683bfe90, 0x0000016d683be450
}

Java Threads: ( => current thread )
  0x0000016d484abba0 JavaThread "main"                              [_thread_blocked, id=4564, stack(0x000000563e200000,0x000000563e300000) (1024K)]
  0x0000016d4856d6a0 JavaThread "Reference Handler"          daemon [_thread_blocked, id=15244, stack(0x000000563e600000,0x000000563e700000) (1024K)]
  0x0000016d5c864770 JavaThread "Finalizer"                  daemon [_thread_blocked, id=18208, stack(0x000000563e700000,0x000000563e800000) (1024K)]
  0x0000016d5c867e40 JavaThread "Signal Dispatcher"          daemon [_thread_blocked, id=2760, stack(0x000000563e800000,0x000000563e900000) (1024K)]
  0x0000016d5c868a90 JavaThread "Attach Listener"            daemon [_thread_blocked, id=16748, stack(0x000000563e900000,0x000000563ea00000) (1024K)]
  0x0000016d5c874130 JavaThread "Service Thread"             daemon [_thread_blocked, id=15140, stack(0x000000563ea00000,0x000000563eb00000) (1024K)]
  0x0000016d5c874b80 JavaThread "Monitor Deflation Thread"   daemon [_thread_blocked, id=4168, stack(0x000000563eb00000,0x000000563ec00000) (1024K)]
  0x0000016d5c875c00 JavaThread "C2 CompilerThread0"         daemon [_thread_blocked, id=2584, stack(0x000000563ec00000,0x000000563ed00000) (1024K)]
  0x0000016d5c87a9a0 JavaThread "C1 CompilerThread0"         daemon [_thread_blocked, id=2076, stack(0x000000563ed00000,0x000000563ee00000) (1024K)]
  0x0000016d5e2e80b0 JavaThread "Common-Cleaner"             daemon [_thread_blocked, id=19940, stack(0x000000563ee00000,0x000000563ef00000) (1024K)]
  0x0000016d5e527870 JavaThread "Notification Thread"        daemon [_thread_blocked, id=2588, stack(0x000000563ef00000,0x000000563f000000) (1024K)]
  0x0000016d636e7cf0 JavaThread "Active Thread: Equinox Container: fd66f3f7-12ee-4e4b-afb0-f0571dc5d8be"        [_thread_blocked, id=7240, stack(0x000000563f800000,0x000000563f900000) (1024K)]
  0x0000016d5e6a6030 JavaThread "Refresh Thread: Equinox Container: fd66f3f7-12ee-4e4b-afb0-f0571dc5d8be" daemon [_thread_blocked, id=20424, stack(0x000000563f900000,0x000000563fa00000) (1024K)]
  0x0000016d630af830 JavaThread "Framework Event Dispatcher: Equinox Container: fd66f3f7-12ee-4e4b-afb0-f0571dc5d8be" daemon [_thread_blocked, id=1112, stack(0x000000563fb00000,0x000000563fc00000) (1024K)]
  0x0000016d6314d630 JavaThread "Start Level: Equinox Container: fd66f3f7-12ee-4e4b-afb0-f0571dc5d8be" daemon [_thread_blocked, id=20508, stack(0x000000563fc00000,0x000000563fd00000) (1024K)]
  0x0000016d63811ef0 JavaThread "Bundle File Closer"         daemon [_thread_blocked, id=5720, stack(0x000000563fd00000,0x000000563fe00000) (1024K)]
  0x0000016d63ad9830 JavaThread "SCR Component Actor"        daemon [_thread_blocked, id=10332, stack(0x000000563fe00000,0x000000563ff00000) (1024K)]
  0x0000016d6389f030 JavaThread "Worker-JM"                         [_thread_blocked, id=13660, stack(0x000000563ff00000,0x0000005640000000) (1024K)]
  0x0000016d6389e9a0 JavaThread "Worker-0: Publish Diagnostics"        [_thread_blocked, id=16368, stack(0x000000563f000000,0x000000563f100000) (1024K)]
  0x0000016d6389e310 JavaThread "Worker-1"                          [_thread_blocked, id=17968, stack(0x0000005640000000,0x0000005640100000) (1024K)]
  0x0000016d638a03e0 JavaThread "Worker-2: Building"                [_thread_blocked, id=9720, stack(0x0000005640200000,0x0000005640300000) (1024K)]
  0x0000016d638a0a70 JavaThread "Java indexing"              daemon [_thread_blocked, id=15168, stack(0x0000005640400000,0x0000005640500000) (1024K)]
  0x0000016d6389f6c0 JavaThread "Worker-3: Validate documents"        [_thread_blocked, id=5148, stack(0x0000005640500000,0x0000005640600000) (1024K)]
  0x0000016d5e7f3730 JavaThread "JNA Cleaner"                daemon [_thread_blocked, id=20364, stack(0x0000005640300000,0x0000005640400000) (1024K)]
  0x0000016d5e7f2380 JavaThread "Worker-4"                          [_thread_blocked, id=17152, stack(0x0000005640900000,0x0000005640a00000) (1024K)]
  0x0000016d5e7f3dc0 JavaThread "Worker-5"                          [_thread_blocked, id=1352, stack(0x000000563f100000,0x000000563f200000) (1024K)]
  0x0000016d5e7f4450 JavaThread "Thread-2"                   daemon [_thread_in_native, id=16128, stack(0x0000005640a00000,0x0000005640b00000) (1024K)]
  0x0000016d5e7f4ae0 JavaThread "Thread-3"                   daemon [_thread_in_native, id=10176, stack(0x0000005640b00000,0x0000005640c00000) (1024K)]
  0x0000016d5e7f1cf0 JavaThread "Thread-4"                   daemon [_thread_in_native, id=6540, stack(0x0000005640c00000,0x0000005640d00000) (1024K)]
  0x0000016d5e7f2a10 JavaThread "Thread-5"                   daemon [_thread_in_native, id=11296, stack(0x0000005640d00000,0x0000005640e00000) (1024K)]
  0x0000016d5e7f5170 JavaThread "Thread-6"                   daemon [_thread_in_native, id=18180, stack(0x0000005640e00000,0x0000005640f00000) (1024K)]
  0x0000016d5e7f5e90 JavaThread "Thread-7"                   daemon [_thread_in_native, id=9608, stack(0x0000005640f00000,0x0000005641000000) (1024K)]
  0x0000016d5e7f6520 JavaThread "Thread-8"                   daemon [_thread_in_native, id=17848, stack(0x0000005641000000,0x0000005641100000) (1024K)]
  0x0000016d5e7f30a0 JavaThread "Thread-9"                   daemon [_thread_in_native, id=4116, stack(0x0000005641100000,0x0000005641200000) (1024K)]
  0x0000016d5e7f5800 JavaThread "Thread-10"                  daemon [_thread_in_native, id=20412, stack(0x0000005641200000,0x0000005641300000) (1024K)]
  0x0000016d5e7f6bb0 JavaThread "pool-2-thread-1"                   [_thread_blocked, id=6128, stack(0x0000005641300000,0x0000005641400000) (1024K)]
  0x0000016d5e7f7240 JavaThread "WorkspaceEventsHandler"            [_thread_blocked, id=19296, stack(0x0000005641600000,0x0000005641700000) (1024K)]
  0x0000016d5e7f78d0 JavaThread "pool-1-thread-1"                   [_thread_blocked, id=21280, stack(0x0000005641700000,0x0000005641800000) (1024K)]
  0x0000016d654d38e0 JavaThread "LocalFile Deleter"          daemon [_thread_blocked, id=13404, stack(0x0000005641a00000,0x0000005641b00000) (1024K)]
  0x0000016d654d1180 JavaThread "LocalFile Deleter"          daemon [_thread_blocked, id=17492, stack(0x0000005641b00000,0x0000005641c00000) (1024K)]
  0x0000016d654d0460 JavaThread "LocalFile Deleter"          daemon [_thread_blocked, id=15572, stack(0x0000005641c00000,0x0000005641d00000) (1024K)]
  0x0000016d654d3f70 JavaThread "LocalFile Deleter"          daemon [_thread_blocked, id=19688, stack(0x0000005641d00000,0x0000005641e00000) (1024K)]
  0x0000016d654d5320 JavaThread "LocalFile Deleter"          daemon [_thread_blocked, id=20724, stack(0x0000005641e00000,0x0000005641f00000) (1024K)]
  0x0000016d654d6040 JavaThread "Compiler Source File Reader" daemon [_thread_blocked, id=10584, stack(0x0000005641f00000,0x0000005642000000) (1024K)]
  0x0000016d654d4600 JavaThread "Compiler Source File Reader" daemon [_thread_blocked, id=20016, stack(0x0000005642000000,0x0000005642100000) (1024K)]
  0x0000016d654d4c90 JavaThread "Compiler Source File Reader" daemon [_thread_blocked, id=17868, stack(0x0000005642100000,0x0000005642200000) (1024K)]
  0x0000016d654d59b0 JavaThread "Compiler Source File Reader" daemon [_thread_blocked, id=1920, stack(0x0000005642200000,0x0000005642300000) (1024K)]
  0x0000016d5e7f8c80 JavaThread "Compiler Processing Task"   daemon [_thread_blocked, id=16160, stack(0x0000005641400000,0x0000005641500000) (1024K)]
  0x0000016d5e7f9310 JavaThread "Compiler Class File Writer" daemon [_thread_blocked, id=8188, stack(0x0000005642300000,0x0000005642400000) (1024K)]
  0x0000016d6389dc80 JavaThread "Compiler Class File Writer" daemon [_thread_blocked, id=18328, stack(0x0000005641900000,0x0000005641a00000) (1024K)]
  0x0000016d654cf0b0 JavaThread "Compiler Class File Writer" daemon [_thread_blocked, id=21092, stack(0x0000005642400000,0x0000005642500000) (1024K)]
  0x0000016d683bd0a0 JavaThread "Compiler Class File Writer" daemon [_thread_blocked, id=9916, stack(0x0000005642500000,0x0000005642600000) (1024K)]
=>0x0000016d65ddd8c0 JavaThread "C2 CompilerThread1"         daemon [_thread_in_native, id=18372, stack(0x000000563e000000,0x000000563e100000) (1024K)]
  0x0000016d683bf800 JavaThread "ForkJoinPool.commonPool-worker-1" daemon [_thread_blocked, id=9728, stack(0x0000005641800000,0x0000005641900000) (1024K)]
  0x0000016d683bd730 JavaThread "ForkJoinPool.commonPool-worker-2" daemon [_thread_blocked, id=7192, stack(0x0000005642600000,0x0000005642700000) (1024K)]
  0x0000016d683bf170 JavaThread "ForkJoinPool.commonPool-worker-3" daemon [_thread_blocked, id=17360, stack(0x0000005642700000,0x0000005642800000) (1024K)]
  0x0000016d683bddc0 JavaThread "ForkJoinPool.commonPool-worker-4" daemon [_thread_blocked, id=16024, stack(0x0000005642800000,0x0000005642900000) (1024K)]
  0x0000016d683beae0 JavaThread "ForkJoinPool.commonPool-worker-5" daemon [_thread_blocked, id=3776, stack(0x0000005642900000,0x0000005642a00000) (1024K)]
  0x0000016d683bfe90 JavaThread "ForkJoinPool.commonPool-worker-6" daemon [_thread_blocked, id=21408, stack(0x0000005642a00000,0x0000005642b00000) (1024K)]
  0x0000016d683be450 JavaThread "ForkJoinPool.commonPool-worker-7" daemon [_thread_blocked, id=12712, stack(0x0000005642b00000,0x0000005642c00000) (1024K)]
Total: 60

Other Threads:
  0x0000016d5c861da0 VMThread "VM Thread"                           [id=20100, stack(0x000000563e500000,0x000000563e600000) (1024K)]
  0x0000016d5c77ba00 WatcherThread "VM Periodic Task Thread"        [id=9340, stack(0x000000563e400000,0x000000563e500000) (1024K)]
  0x0000016d484c9eb0 WorkerThread "GC Thread#0"                     [id=4652, stack(0x000000563e300000,0x000000563e400000) (1024K)]
  0x0000016d5e6aa3f0 WorkerThread "GC Thread#1"                     [id=18172, stack(0x000000563f200000,0x000000563f300000) (1024K)]
  0x0000016d5eca5280 WorkerThread "GC Thread#2"                     [id=16452, stack(0x000000563f300000,0x000000563f400000) (1024K)]
  0x0000016d5eca5620 WorkerThread "GC Thread#3"                     [id=20780, stack(0x000000563f400000,0x000000563f500000) (1024K)]
  0x0000016d5e6cc440 WorkerThread "GC Thread#4"                     [id=2364, stack(0x000000563f500000,0x000000563f600000) (1024K)]
  0x0000016d5e6cc7e0 WorkerThread "GC Thread#5"                     [id=21336, stack(0x000000563f600000,0x000000563f700000) (1024K)]
  0x0000016d5e6cef00 WorkerThread "GC Thread#6"                     [id=2200, stack(0x000000563f700000,0x000000563f800000) (1024K)]
  0x0000016d635025b0 WorkerThread "GC Thread#7"                     [id=18384, stack(0x000000563fa00000,0x000000563fb00000) (1024K)]
Total: 10

Threads with active compile tasks:
C2 CompilerThread1  52209 11104 %s!   4       org.eclipse.jdt.internal.core.index.DiskIndex::readCategoryTable @ 260 (743 bytes)
Total: 1

VM state: not at safepoint (normal execution)

VM Mutex/Monitor currently owned by a thread: None

Heap address: 0x00000000c0000000, size: 1024 MB, Compressed Oops mode: 32-bit

CDS archive(s) mapped at: [0x0000016d00000000-0x0000016d00ba0000-0x0000016d00ba0000), size 12189696, SharedBaseAddress: 0x0000016d00000000, ArchiveRelocationMode: 1.
Compressed class space mapped at: 0x0000016d01000000-0x0000016d41000000, reserved size: 1073741824
Narrow klass base: 0x0000016d00000000, Narrow klass shift: 0, Narrow klass range: 0x100000000

GC Precious Log:
 CardTable entry size: 512
 CPUs: 8 total, 8 available
 Memory: 15807M
 Large Page Support: Disabled
 NUMA Support: Disabled
 Compressed Oops: Enabled (32-bit)
 Alignments: Space 512K, Generation 512K, Heap 2M
 Heap Min Capacity: 100M
 Heap Initial Capacity: 100M
 Heap Max Capacity: 1G
 Pre-touch: Disabled
 Parallel Workers: 8

Heap:
 PSYoungGen      total 3072K, used 1609K [0x00000000eab00000, 0x00000000eaf80000, 0x0000000100000000)
  eden space 2560K, 52% used [0x00000000eab00000,0x00000000eac52440,0x00000000ead80000)
  from space 512K, 50% used [0x00000000eaf00000,0x00000000eaf40000,0x00000000eaf80000)
  to   space 512K, 0% used [0x00000000eae80000,0x00000000eae80000,0x00000000eaf00000)
 ParOldGen       total 699392K, used 535756K [0x00000000c0000000, 0x00000000eab00000, 0x00000000eab00000)
  object space 699392K, 76% used [0x00000000c0000000,0x00000000e0b331b0,0x00000000eab00000)
 Metaspace       used 68559K, committed 70016K, reserved 1114112K
  class space    used 7253K, committed 7872K, reserved 1048576K

Card table byte_map: [0x0000016d47e50000,0x0000016d48060000] _byte_map_base: 0x0000016d47850000

Marking Bits: (ParMarkBitMap*) 0x00007ffab9e23260
 Begin Bits: [0x0000016d5a6a0000, 0x0000016d5b6a0000)
 End Bits:   [0x0000016d5b6a0000, 0x0000016d5c6a0000)

Polling page: 0x0000016d47c00000

Metaspace:

Usage:
  Non-class:     59.87 MB used.
      Class:      7.08 MB used.
       Both:     66.95 MB used.

Virtual space:
  Non-class space:       64.00 MB reserved,      60.69 MB ( 95%) committed,  1 nodes.
      Class space:        1.00 GB reserved,       7.69 MB ( <1%) committed,  1 nodes.
             Both:        1.06 GB reserved,      68.38 MB (  6%) committed. 

Chunk freelists:
   Non-Class:  2.78 MB
       Class:  8.13 MB
        Both:  10.91 MB

MaxMetaspaceSize: unlimited
CompressedClassSpaceSize: 1.00 GB
Initial GC threshold: 21.00 MB
Current GC threshold: 98.12 MB
CDS: on
 - commit_granule_bytes: 65536.
 - commit_granule_words: 8192.
 - virtual_space_node_default_size: 8388608.
 - enlarge_chunks_in_place: 1.
 - use_allocation_guard: 0.


Internal statistics:

num_allocs_failed_limit: 13.
num_arena_births: 1152.
num_arena_deaths: 22.
num_vsnodes_births: 2.
num_vsnodes_deaths: 0.
num_space_committed: 1094.
num_space_uncommitted: 0.
num_chunks_returned_to_freelist: 37.
num_chunks_taken_from_freelist: 4121.
num_chunk_merges: 22.
num_chunk_splits: 2570.
num_chunks_enlarged: 1515.
num_inconsistent_stats: 0.

CodeHeap 'non-profiled nmethods': size=120000Kb used=8636Kb max_used=8636Kb free=111363Kb
 bounds [0x0000016d53170000, 0x0000016d539e0000, 0x0000016d5a6a0000]
CodeHeap 'profiled nmethods': size=120000Kb used=22586Kb max_used=22586Kb free=97413Kb
 bounds [0x0000016d4b6a0000, 0x0000016d4ccb0000, 0x0000016d52bd0000]
CodeHeap 'non-nmethods': size=5760Kb used=1471Kb max_used=1538Kb free=4288Kb
 bounds [0x0000016d52bd0000, 0x0000016d52e40000, 0x0000016d53170000]
 total_blobs=11160 nmethods=10373 adapters=693
 compilation: enabled
              stopped_count=0, restarted_count=0
 full_count=0

Compilation events (20 events):
Event: 51.030 Thread 0x0000016d5c87a9a0 11196       3       org.eclipse.jdt.internal.core.ModularClassFile::getModule (39 bytes)
Event: 51.030 Thread 0x0000016d5c87a9a0 nmethod 11196 0x0000016d4cca5c10 code [0x0000016d4cca5e60, 0x0000016d4cca6ad0]
Event: 51.031 Thread 0x0000016d5c87a9a0 11193       3       org.eclipse.jdt.internal.core.ClasspathEntry::<init> (27 bytes)
Event: 51.031 Thread 0x0000016d5c87a9a0 nmethod 11193 0x0000016d4cca6e10 code [0x0000016d4cca6fc0, 0x0000016d4cca7178]
Event: 51.031 Thread 0x0000016d5c87a9a0 11191       3       org.apache.maven.repository.legacy.LegacyRepositorySystem::createArtifactRepository (41 bytes)
Event: 51.031 Thread 0x0000016d5c87a9a0 nmethod 11191 0x0000016d4cca7290 code [0x0000016d4cca7460, 0x0000016d4cca7840]
Event: 51.031 Thread 0x0000016d5c87a9a0 11192       3       org.eclipse.m2e.jdt.internal.ClasspathEntryDescriptor::setClasspathAttribute (39 bytes)
Event: 51.032 Thread 0x0000016d5c87a9a0 nmethod 11192 0x0000016d4cca7990 code [0x0000016d4cca7b80, 0x0000016d4cca7f78]
Event: 51.132 Thread 0x0000016d5c87a9a0 11202  s    3       jdk.internal.ref.Cleaner::remove (89 bytes)
Event: 51.133 Thread 0x0000016d5c87a9a0 nmethod 11202 0x0000016d4cca8110 code [0x0000016d4cca82e0, 0x0000016d4cca86e0]
Event: 51.133 Thread 0x0000016d5c87a9a0 11203       3       java.nio.DirectByteBuffer$Deallocator::run (23 bytes)
Event: 51.134 Thread 0x0000016d5c87a9a0 nmethod 11203 0x0000016d4cca8810 code [0x0000016d4cca8a00, 0x0000016d4cca8d70]
Event: 51.316 Thread 0x0000016d5c87a9a0 11205   !   3       org.eclipse.core.internal.jobs.JobManager::nextJob (291 bytes)
Event: 51.319 Thread 0x0000016d5c87a9a0 nmethod 11205 0x0000016d4cca8f10 code [0x0000016d4cca93a0, 0x0000016d4ccab4d8]
Event: 51.319 Thread 0x0000016d5c87a9a0 11204       3       org.eclipse.core.internal.jobs.JobManager::startJob (89 bytes)
Event: 51.319 Thread 0x0000016d5c87a9a0 nmethod 11204 0x0000016d4ccac610 code [0x0000016d4ccac8c0, 0x0000016d4ccad720]
Event: 51.319 Thread 0x0000016d5c87a9a0 11206   !   3       org.eclipse.core.internal.jobs.JobManager::sleepHint (67 bytes)
Event: 51.320 Thread 0x0000016d5c87a9a0 nmethod 11206 0x0000016d4ccadb90 code [0x0000016d4ccade00, 0x0000016d4ccae8d0]
Event: 51.527 Thread 0x0000016d5c87a9a0 11207       1       org.eclipse.lsp4j.jsonrpc.messages.RequestMessage::getMethod (5 bytes)
Event: 51.527 Thread 0x0000016d5c87a9a0 nmethod 11207 0x0000016d539def10 code [0x0000016d539df0a0, 0x0000016d539df168]

GC Heap History (20 events):
Event: 50.472 GC heap before
{Heap before GC invocations=606 (full 3):
 PSYoungGen      total 3584K, used 3392K [0x00000000eab00000, 0x00000000eaf80000, 0x0000000100000000)
  eden space 2560K, 100% used [0x00000000eab00000,0x00000000ead80000,0x00000000ead80000)
  from space 1024K, 81% used [0x00000000eae80000,0x00000000eaf50010,0x00000000eaf80000)
  to   space 1024K, 0% used [0x00000000ead80000,0x00000000ead80000,0x00000000eae80000)
 ParOldGen       total 699392K, used 528705K [0x00000000c0000000, 0x00000000eab00000, 0x00000000eab00000)
  object space 699392K, 75% used [0x00000000c0000000,0x00000000e0450528,0x00000000eab00000)
 Metaspace       used 67888K, committed 69376K, reserved 1114112K
  class space    used 7168K, committed 7808K, reserved 1048576K
}
Event: 50.476 GC heap after
{Heap after GC invocations=606 (full 3):
 PSYoungGen      total 3584K, used 576K [0x00000000eab00000, 0x00000000eaf80000, 0x0000000100000000)
  eden space 2560K, 0% used [0x00000000eab00000,0x00000000eab00000,0x00000000ead80000)
  from space 1024K, 56% used [0x00000000ead80000,0x00000000eae10010,0x00000000eae80000)
  to   space 1024K, 0% used [0x00000000eae80000,0x00000000eae80000,0x00000000eaf80000)
 ParOldGen       total 699392K, used 529449K [0x00000000c0000000, 0x00000000eab00000, 0x00000000eab00000)
  object space 699392K, 75% used [0x00000000c0000000,0x00000000e050a538,0x00000000eab00000)
 Metaspace       used 67888K, committed 69376K, reserved 1114112K
  class space    used 7168K, committed 7808K, reserved 1048576K
}
Event: 50.516 GC heap before
{Heap before GC invocations=607 (full 3):
 PSYoungGen      total 3584K, used 3136K [0x00000000eab00000, 0x00000000eaf80000, 0x0000000100000000)
  eden space 2560K, 99% used [0x00000000eab00000,0x00000000ead7fff8,0x00000000ead80000)
  from space 1024K, 56% used [0x00000000ead80000,0x00000000eae10010,0x00000000eae80000)
  to   space 1024K, 0% used [0x00000000eae80000,0x00000000eae80000,0x00000000eaf80000)
 ParOldGen       total 699392K, used 529449K [0x00000000c0000000, 0x00000000eab00000, 0x00000000eab00000)
  object space 699392K, 75% used [0x00000000c0000000,0x00000000e050a538,0x00000000eab00000)
 Metaspace       used 67928K, committed 69376K, reserved 1114112K
  class space    used 7176K, committed 7808K, reserved 1048576K
}
Event: 50.522 GC heap after
{Heap after GC invocations=607 (full 3):
 PSYoungGen      total 1536K, used 996K [0x00000000eab00000, 0x00000000eb380000, 0x0000000100000000)
  eden space 512K, 0% used [0x00000000eab00000,0x00000000eab00000,0x00000000eab80000)
  from space 1024K, 97% used [0x00000000eae80000,0x00000000eaf79378,0x00000000eaf80000)
  to   space 3072K, 0% used [0x00000000eab80000,0x00000000eab80000,0x00000000eae80000)
 ParOldGen       total 699392K, used 531019K [0x00000000c0000000, 0x00000000eab00000, 0x00000000eab00000)
  object space 699392K, 75% used [0x00000000c0000000,0x00000000e0692db0,0x00000000eab00000)
 Metaspace       used 67928K, committed 69376K, reserved 1114112K
  class space    used 7176K, committed 7808K, reserved 1048576K
}
Event: 50.525 GC heap before
{Heap before GC invocations=608 (full 3):
 PSYoungGen      total 1536K, used 1508K [0x00000000eab00000, 0x00000000eb380000, 0x0000000100000000)
  eden space 512K, 99% used [0x00000000eab00000,0x00000000eab7ff80,0x00000000eab80000)
  from space 1024K, 97% used [0x00000000eae80000,0x00000000eaf79378,0x00000000eaf80000)
  to   space 3072K, 0% used [0x00000000eab80000,0x00000000eab80000,0x00000000eae80000)
 ParOldGen       total 699392K, used 531019K [0x00000000c0000000, 0x00000000eab00000, 0x00000000eab00000)
  object space 699392K, 75% used [0x00000000c0000000,0x00000000e0692db0,0x00000000eab00000)
 Metaspace       used 67929K, committed 69376K, reserved 1114112K
  class space    used 7176K, committed 7808K, reserved 1048576K
}
Event: 50.529 GC heap after
{Heap after GC invocations=608 (full 3):
 PSYoungGen      total 1536K, used 544K [0x00000000eab00000, 0x00000000eaf00000, 0x0000000100000000)
  eden space 512K, 0% used [0x00000000eab00000,0x00000000eab00000,0x00000000eab80000)
  from space 1024K, 53% used [0x00000000eab80000,0x00000000eac08000,0x00000000eac80000)
  to   space 1536K, 0% used [0x00000000ead80000,0x00000000ead80000,0x00000000eaf00000)
 ParOldGen       total 699392K, used 532048K [0x00000000c0000000, 0x00000000eab00000, 0x00000000eab00000)
  object space 699392K, 76% used [0x00000000c0000000,0x00000000e0794138,0x00000000eab00000)
 Metaspace       used 67929K, committed 69376K, reserved 1114112K
  class space    used 7176K, committed 7808K, reserved 1048576K
}
Event: 50.532 GC heap before
{Heap before GC invocations=609 (full 3):
 PSYoungGen      total 1536K, used 1056K [0x00000000eab00000, 0x00000000eaf00000, 0x0000000100000000)
  eden space 512K, 100% used [0x00000000eab00000,0x00000000eab80000,0x00000000eab80000)
  from space 1024K, 53% used [0x00000000eab80000,0x00000000eac08000,0x00000000eac80000)
  to   space 1536K, 0% used [0x00000000ead80000,0x00000000ead80000,0x00000000eaf00000)
 ParOldGen       total 699392K, used 532048K [0x00000000c0000000, 0x00000000eab00000, 0x00000000eab00000)
  object space 699392K, 76% used [0x00000000c0000000,0x00000000e0794138,0x00000000eab00000)
 Metaspace       used 67933K, committed 69440K, reserved 1114112K
  class space    used 7176K, committed 7808K, reserved 1048576K
}
Event: 50.536 GC heap after
{Heap after GC invocations=609 (full 3):
 PSYoungGen      total 1536K, used 480K [0x00000000eab00000, 0x00000000eae00000, 0x0000000100000000)
  eden space 1024K, 0% used [0x00000000eab00000,0x00000000eab00000,0x00000000eac00000)
  from space 512K, 93% used [0x00000000ead80000,0x00000000eadf8000,0x00000000eae00000)
  to   space 1024K, 0% used [0x00000000eac00000,0x00000000eac00000,0x00000000ead00000)
 ParOldGen       total 699392K, used 532472K [0x00000000c0000000, 0x00000000eab00000, 0x00000000eab00000)
  object space 699392K, 76% used [0x00000000c0000000,0x00000000e07fe138,0x00000000eab00000)
 Metaspace       used 67933K, committed 69440K, reserved 1114112K
  class space    used 7176K, committed 7808K, reserved 1048576K
}
Event: 50.543 GC heap before
{Heap before GC invocations=610 (full 3):
 PSYoungGen      total 1536K, used 1504K [0x00000000eab00000, 0x00000000eae00000, 0x0000000100000000)
  eden space 1024K, 100% used [0x00000000eab00000,0x00000000eac00000,0x00000000eac00000)
  from space 512K, 93% used [0x00000000ead80000,0x00000000eadf8000,0x00000000eae00000)
  to   space 1024K, 0% used [0x00000000eac00000,0x00000000eac00000,0x00000000ead00000)
 ParOldGen       total 699392K, used 532472K [0x00000000c0000000, 0x00000000eab00000, 0x00000000eab00000)
  object space 699392K, 76% used [0x00000000c0000000,0x00000000e07fe138,0x00000000eab00000)
 Metaspace       used 67944K, committed 69440K, reserved 1114112K
  class space    used 7177K, committed 7808K, reserved 1048576K
}
Event: 50.547 GC heap after
{Heap after GC invocations=610 (full 3):
 PSYoungGen      total 2048K, used 992K [0x00000000eab00000, 0x00000000eaf80000, 0x0000000100000000)
  eden space 1024K, 0% used [0x00000000eab00000,0x00000000eab00000,0x00000000eac00000)
  from space 1024K, 96% used [0x00000000eac00000,0x00000000eacf8000,0x00000000ead00000)
  to   space 1536K, 0% used [0x00000000eae00000,0x00000000eae00000,0x00000000eaf80000)
 ParOldGen       total 699392K, used 532862K [0x00000000c0000000, 0x00000000eab00000, 0x00000000eab00000)
  object space 699392K, 76% used [0x00000000c0000000,0x00000000e085fab8,0x00000000eab00000)
 Metaspace       used 67944K, committed 69440K, reserved 1114112K
  class space    used 7177K, committed 7808K, reserved 1048576K
}
Event: 50.554 GC heap before
{Heap before GC invocations=611 (full 3):
 PSYoungGen      total 2048K, used 2015K [0x00000000eab00000, 0x00000000eaf80000, 0x0000000100000000)
  eden space 1024K, 99% used [0x00000000eab00000,0x00000000eabffff0,0x00000000eac00000)
  from space 1024K, 96% used [0x00000000eac00000,0x00000000eacf8000,0x00000000ead00000)
  to   space 1536K, 0% used [0x00000000eae00000,0x00000000eae00000,0x00000000eaf80000)
 ParOldGen       total 699392K, used 532862K [0x00000000c0000000, 0x00000000eab00000, 0x00000000eab00000)
  object space 699392K, 76% used [0x00000000c0000000,0x00000000e085fab8,0x00000000eab00000)
 Metaspace       used 67970K, committed 69440K, reserved 1114112K
  class space    used 7181K, committed 7808K, reserved 1048576K
}
Event: 50.558 GC heap after
{Heap after GC invocations=611 (full 3):
 PSYoungGen      total 2560K, used 864K [0x00000000eab00000, 0x00000000eaf00000, 0x0000000100000000)
  eden space 1536K, 0% used [0x00000000eab00000,0x00000000eab00000,0x00000000eac80000)
  from space 1024K, 84% used [0x00000000eae00000,0x00000000eaed8000,0x00000000eaf00000)
  to   space 1024K, 0% used [0x00000000ead00000,0x00000000ead00000,0x00000000eae00000)
 ParOldGen       total 699392K, used 533724K [0x00000000c0000000, 0x00000000eab00000, 0x00000000eab00000)
  object space 699392K, 76% used [0x00000000c0000000,0x00000000e0937190,0x00000000eab00000)
 Metaspace       used 67970K, committed 69440K, reserved 1114112K
  class space    used 7181K, committed 7808K, reserved 1048576K
}
Event: 50.580 GC heap before
{Heap before GC invocations=612 (full 3):
 PSYoungGen      total 2560K, used 2399K [0x00000000eab00000, 0x00000000eaf00000, 0x0000000100000000)
  eden space 1536K, 99% used [0x00000000eab00000,0x00000000eac7ffc0,0x00000000eac80000)
  from space 1024K, 84% used [0x00000000eae00000,0x00000000eaed8000,0x00000000eaf00000)
  to   space 1024K, 0% used [0x00000000ead00000,0x00000000ead00000,0x00000000eae00000)
 ParOldGen       total 699392K, used 533724K [0x00000000c0000000, 0x00000000eab00000, 0x00000000eab00000)
  object space 699392K, 76% used [0x00000000c0000000,0x00000000e0937190,0x00000000eab00000)
 Metaspace       used 67993K, committed 69504K, reserved 1114112K
  class space    used 7184K, committed 7808K, reserved 1048576K
}
Event: 50.584 GC heap after
{Heap after GC invocations=612 (full 3):
 PSYoungGen      total 3072K, used 1024K [0x00000000eab00000, 0x00000000eb100000, 0x0000000100000000)
  eden space 2048K, 0% used [0x00000000eab00000,0x00000000eab00000,0x00000000ead00000)
  from space 1024K, 100% used [0x00000000ead00000,0x00000000eae00000,0x00000000eae00000)
  to   space 2048K, 0% used [0x00000000eaf00000,0x00000000eaf00000,0x00000000eb100000)
 ParOldGen       total 699392K, used 534548K [0x00000000c0000000, 0x00000000eab00000, 0x00000000eab00000)
  object space 699392K, 76% used [0x00000000c0000000,0x00000000e0a05190,0x00000000eab00000)
 Metaspace       used 67993K, committed 69504K, reserved 1114112K
  class space    used 7184K, committed 7808K, reserved 1048576K
}
Event: 50.611 GC heap before
{Heap before GC invocations=613 (full 3):
 PSYoungGen      total 3072K, used 3034K [0x00000000eab00000, 0x00000000eb100000, 0x0000000100000000)
  eden space 2048K, 98% used [0x00000000eab00000,0x00000000eacf6850,0x00000000ead00000)
  from space 1024K, 100% used [0x00000000ead00000,0x00000000eae00000,0x00000000eae00000)
  to   space 2048K, 0% used [0x00000000eaf00000,0x00000000eaf00000,0x00000000eb100000)
 ParOldGen       total 699392K, used 534548K [0x00000000c0000000, 0x00000000eab00000, 0x00000000eab00000)
  object space 699392K, 76% used [0x00000000c0000000,0x00000000e0a05190,0x00000000eab00000)
 Metaspace       used 68028K, committed 69504K, reserved 1114112K
  class space    used 7188K, committed 7808K, reserved 1048576K
}
Event: 50.615 GC heap after
{Heap after GC invocations=613 (full 3):
 PSYoungGen      total 3072K, used 420K [0x00000000eab00000, 0x00000000eaf80000, 0x0000000100000000)
  eden space 2560K, 0% used [0x00000000eab00000,0x00000000eab00000,0x00000000ead80000)
  from space 512K, 82% used [0x00000000eaf00000,0x00000000eaf69318,0x00000000eaf80000)
  to   space 1024K, 0% used [0x00000000ead80000,0x00000000ead80000,0x00000000eae80000)
 ParOldGen       total 699392K, used 535596K [0x00000000c0000000, 0x00000000eab00000, 0x00000000eab00000)
  object space 699392K, 76% used [0x00000000c0000000,0x00000000e0b0b190,0x00000000eab00000)
 Metaspace       used 68028K, committed 69504K, reserved 1114112K
  class space    used 7188K, committed 7808K, reserved 1048576K
}
Event: 50.717 GC heap before
{Heap before GC invocations=614 (full 3):
 PSYoungGen      total 3072K, used 2980K [0x00000000eab00000, 0x00000000eaf80000, 0x0000000100000000)
  eden space 2560K, 100% used [0x00000000eab00000,0x00000000ead80000,0x00000000ead80000)
  from space 512K, 82% used [0x00000000eaf00000,0x00000000eaf69318,0x00000000eaf80000)
  to   space 1024K, 0% used [0x00000000ead80000,0x00000000ead80000,0x00000000eae80000)
 ParOldGen       total 699392K, used 535596K [0x00000000c0000000, 0x00000000eab00000, 0x00000000eab00000)
  object space 699392K, 76% used [0x00000000c0000000,0x00000000e0b0b190,0x00000000eab00000)
 Metaspace       used 68280K, committed 69760K, reserved 1114112K
  class space    used 7239K, committed 7872K, reserved 1048576K
}
Event: 50.719 GC heap after
{Heap after GC invocations=614 (full 3):
 PSYoungGen      total 3584K, used 288K [0x00000000eab00000, 0x00000000eaf80000, 0x0000000100000000)
  eden space 2560K, 0% used [0x00000000eab00000,0x00000000eab00000,0x00000000ead80000)
  from space 1024K, 28% used [0x00000000ead80000,0x00000000eadc8020,0x00000000eae80000)
  to   space 512K, 0% used [0x00000000eaf00000,0x00000000eaf00000,0x00000000eaf80000)
 ParOldGen       total 699392K, used 535644K [0x00000000c0000000, 0x00000000eab00000, 0x00000000eab00000)
  object space 699392K, 76% used [0x00000000c0000000,0x00000000e0b17190,0x00000000eab00000)
 Metaspace       used 68280K, committed 69760K, reserved 1114112K
  class space    used 7239K, committed 7872K, reserved 1048576K
}
Event: 50.937 GC heap before
{Heap before GC invocations=615 (full 3):
 PSYoungGen      total 3584K, used 2848K [0x00000000eab00000, 0x00000000eaf80000, 0x0000000100000000)
  eden space 2560K, 99% used [0x00000000eab00000,0x00000000ead7fff8,0x00000000ead80000)
  from space 1024K, 28% used [0x00000000ead80000,0x00000000eadc8020,0x00000000eae80000)
  to   space 512K, 0% used [0x00000000eaf00000,0x00000000eaf00000,0x00000000eaf80000)
 ParOldGen       total 699392K, used 535644K [0x00000000c0000000, 0x00000000eab00000, 0x00000000eab00000)
  object space 699392K, 76% used [0x00000000c0000000,0x00000000e0b17190,0x00000000eab00000)
 Metaspace       used 68509K, committed 70016K, reserved 1114112K
  class space    used 7252K, committed 7872K, reserved 1048576K
}
Event: 50.939 GC heap after
{Heap after GC invocations=615 (full 3):
 PSYoungGen      total 3072K, used 256K [0x00000000eab00000, 0x00000000eaf80000, 0x0000000100000000)
  eden space 2560K, 0% used [0x00000000eab00000,0x00000000eab00000,0x00000000ead80000)
  from space 512K, 50% used [0x00000000eaf00000,0x00000000eaf40000,0x00000000eaf80000)
  to   space 512K, 0% used [0x00000000eae80000,0x00000000eae80000,0x00000000eaf00000)
 ParOldGen       total 699392K, used 535756K [0x00000000c0000000, 0x00000000eab00000, 0x00000000eab00000)
  object space 699392K, 76% used [0x00000000c0000000,0x00000000e0b331b0,0x00000000eab00000)
 Metaspace       used 68509K, committed 70016K, reserved 1114112K
  class space    used 7252K, committed 7872K, reserved 1048576K
}

Dll operation events (14 events):
Event: 0.026 Loaded shared library c:\Users\Johnly\.vscode\extensions\redhat.java-1.41.1-win32-x64\jre\21.0.6-win32-x86_64\bin\java.dll
Event: 0.223 Loaded shared library c:\Users\Johnly\.vscode\extensions\redhat.java-1.41.1-win32-x64\jre\21.0.6-win32-x86_64\bin\zip.dll
Event: 0.268 Loaded shared library C:\Users\Johnly\.vscode\extensions\redhat.java-1.41.1-win32-x64\jre\21.0.6-win32-x86_64\bin\instrument.dll
Event: 0.278 Loaded shared library C:\Users\Johnly\.vscode\extensions\redhat.java-1.41.1-win32-x64\jre\21.0.6-win32-x86_64\bin\net.dll
Event: 0.299 Loaded shared library C:\Users\Johnly\.vscode\extensions\redhat.java-1.41.1-win32-x64\jre\21.0.6-win32-x86_64\bin\nio.dll
Event: 0.334 Loaded shared library C:\Users\Johnly\.vscode\extensions\redhat.java-1.41.1-win32-x64\jre\21.0.6-win32-x86_64\bin\zip.dll
Event: 0.399 Loaded shared library C:\Users\Johnly\.vscode\extensions\redhat.java-1.41.1-win32-x64\jre\21.0.6-win32-x86_64\bin\jimage.dll
Event: 0.598 Loaded shared library c:\Users\Johnly\.vscode\extensions\redhat.java-1.41.1-win32-x64\jre\21.0.6-win32-x86_64\bin\verify.dll
Event: 8.090 Loaded shared library C:\Users\Johnly\AppData\Roaming\Code\User\globalStorage\redhat.java\1.41.1\config_win\org.eclipse.equinox.launcher\org.eclipse.equinox.launcher.win32.win32.x86_64_1.2.1300.v20250331-1702\eclipse_11911.dll
Event: 10.649 Loaded shared library C:\Users\Johnly\.vscode\extensions\redhat.java-1.41.1-win32-x64\jre\21.0.6-win32-x86_64\bin\management.dll
Event: 10.657 Loaded shared library C:\Users\Johnly\.vscode\extensions\redhat.java-1.41.1-win32-x64\jre\21.0.6-win32-x86_64\bin\management_ext.dll
Event: 17.321 Loaded shared library C:\Users\Johnly\AppData\Local\Temp\jna--2070691848\jna14944282095571430287.dll
Event: 18.509 Loaded shared library C:\Users\Johnly\.vscode\extensions\redhat.java-1.41.1-win32-x64\jre\21.0.6-win32-x86_64\bin\sunmscapi.dll
Event: 18.791 Loaded shared library C:\Users\Johnly\.vscode\extensions\redhat.java-1.41.1-win32-x64\jre\21.0.6-win32-x86_64\bin\extnet.dll

Deoptimization events (20 events):
Event: 50.590 Thread 0x0000016d5e7f78d0 DEOPT PACKING pc=0x0000016d5399c668 sp=0x00000056417fea10
Event: 50.590 Thread 0x0000016d5e7f78d0 DEOPT UNPACKING pc=0x0000016d52c23aa2 sp=0x00000056417fe990 mode 2
Event: 50.933 Thread 0x0000016d683bf800 Uncommon trap: trap_request=0xffffff45 fr.pc=0x0000016d535a4488 relative=0x00000000000001e8
Event: 50.933 Thread 0x0000016d683bf800 Uncommon trap: reason=unstable_if action=reinterpret pc=0x0000016d535a4488 method=org.eclipse.core.runtime.Path.computeLength()I @ 92 c2
Event: 50.933 Thread 0x0000016d683bf800 DEOPT PACKING pc=0x0000016d535a4488 sp=0x00000056418fe630
Event: 50.933 Thread 0x0000016d683bf800 DEOPT UNPACKING pc=0x0000016d52c23aa2 sp=0x00000056418fe5b8 mode 2
Event: 50.940 Thread 0x0000016d683bf800 Uncommon trap: trap_request=0xffffff45 fr.pc=0x0000016d53830f7c relative=0x00000000000002bc
Event: 50.940 Thread 0x0000016d683bf800 Uncommon trap: reason=unstable_if action=reinterpret pc=0x0000016d53830f7c method=org.eclipse.core.runtime.Path.equals(Ljava/lang/Object;)Z @ 120 c2
Event: 50.941 Thread 0x0000016d683bf800 DEOPT PACKING pc=0x0000016d53830f7c sp=0x00000056418fe900
Event: 50.941 Thread 0x0000016d683bf800 DEOPT UNPACKING pc=0x0000016d52c23aa2 sp=0x00000056418fe890 mode 2
Event: 51.027 Thread 0x0000016d683bf170 DEOPT PACKING pc=0x0000016d4c1438a0 sp=0x00000056427fe790
Event: 51.027 Thread 0x0000016d683bf170 DEOPT UNPACKING pc=0x0000016d52c24242 sp=0x00000056427fdc98 mode 3
Event: 51.027 Thread 0x0000016d683bf170 Uncommon trap: trap_request=0xffffff45 fr.pc=0x0000016d532245b0 relative=0x00000000000001f0
Event: 51.027 Thread 0x0000016d683bf170 Uncommon trap: reason=unstable_if action=reinterpret pc=0x0000016d532245b0 method=java.util.concurrent.ConcurrentHashMap.get(Ljava/lang/Object;)Ljava/lang/Object; @ 76 c2
Event: 51.027 Thread 0x0000016d683bf170 DEOPT PACKING pc=0x0000016d532245b0 sp=0x00000056427fe640
Event: 51.027 Thread 0x0000016d683bf170 DEOPT UNPACKING pc=0x0000016d52c23aa2 sp=0x00000056427fe5a8 mode 2
Event: 51.027 Thread 0x0000016d683bf170 Uncommon trap: trap_request=0xffffff45 fr.pc=0x0000016d535286c0 relative=0x0000000000000ba0
Event: 51.027 Thread 0x0000016d683bf170 Uncommon trap: reason=unstable_if action=reinterpret pc=0x0000016d535286c0 method=java.util.concurrent.ConcurrentHashMap.putVal(Ljava/lang/Object;Ljava/lang/Object;Z)Ljava/lang/Object; @ 245 c2
Event: 51.027 Thread 0x0000016d683bf170 DEOPT PACKING pc=0x0000016d535286c0 sp=0x00000056427fe9f0
Event: 51.027 Thread 0x0000016d683bf170 DEOPT UNPACKING pc=0x0000016d52c23aa2 sp=0x00000056427fe968 mode 2

Classes loaded (20 events):
Event: 33.804 Loading class java/util/stream/ReduceOps$CountingSink done
Event: 33.805 Loading class java/util/stream/ReduceOps$CountingSink$OfRef done
Event: 33.907 Loading class java/util/stream/ReduceOps$1
Event: 33.907 Loading class java/util/stream/ReduceOps$1 done
Event: 33.907 Loading class java/util/stream/ReduceOps$1ReducingSink
Event: 33.907 Loading class java/util/stream/ReduceOps$1ReducingSink done
Event: 49.287 Loading class java/nio/file/attribute/PosixFileAttributeView
Event: 49.288 Loading class java/nio/file/attribute/PosixFileAttributeView done
Event: 49.438 Loading class java/nio/file/DirectoryIteratorException
Event: 49.438 Loading class java/nio/file/DirectoryIteratorException done
Event: 50.124 Loading class java/nio/file/FileTreeIterator
Event: 50.125 Loading class java/nio/file/FileTreeIterator done
Event: 50.471 Loading class java/util/concurrent/CompletableFuture$UniApply
Event: 50.478 Loading class java/util/concurrent/CompletableFuture$UniCompletion
Event: 50.482 Loading class java/util/concurrent/CompletableFuture$UniCompletion done
Event: 50.483 Loading class java/util/concurrent/CompletableFuture$UniApply done
Event: 50.486 Loading class java/util/concurrent/CompletableFuture$UniAccept
Event: 50.487 Loading class java/util/concurrent/CompletableFuture$UniAccept done
Event: 50.488 Loading class java/util/concurrent/CompletableFuture$UniExceptionally
Event: 50.488 Loading class java/util/concurrent/CompletableFuture$UniExceptionally done

Classes unloaded (11 events):
Event: 13.104 Thread 0x0000016d5c861da0 Unloading class 0x0000016d011a2c00 'java/lang/invoke/LambdaForm$MH+0x0000016d011a2c00'
Event: 13.104 Thread 0x0000016d5c861da0 Unloading class 0x0000016d011a2800 'java/lang/invoke/LambdaForm$MH+0x0000016d011a2800'
Event: 13.104 Thread 0x0000016d5c861da0 Unloading class 0x0000016d011a2400 'java/lang/invoke/LambdaForm$MH+0x0000016d011a2400'
Event: 13.104 Thread 0x0000016d5c861da0 Unloading class 0x0000016d011a2000 'java/lang/invoke/LambdaForm$MH+0x0000016d011a2000'
Event: 13.104 Thread 0x0000016d5c861da0 Unloading class 0x0000016d011a1c00 'java/lang/invoke/LambdaForm$BMH+0x0000016d011a1c00'
Event: 13.104 Thread 0x0000016d5c861da0 Unloading class 0x0000016d011a1800 'java/lang/invoke/LambdaForm$DMH+0x0000016d011a1800'
Event: 13.104 Thread 0x0000016d5c861da0 Unloading class 0x0000016d011a0400 'java/lang/invoke/LambdaForm$DMH+0x0000016d011a0400'
Event: 27.902 Thread 0x0000016d5c861da0 Unloading class 0x0000016d01604000 'java/lang/invoke/LambdaForm$DMH+0x0000016d01604000'
Event: 27.902 Thread 0x0000016d5c861da0 Unloading class 0x0000016d015fd400 'java/lang/invoke/LambdaForm$DMH+0x0000016d015fd400'
Event: 27.902 Thread 0x0000016d5c861da0 Unloading class 0x0000016d015fd000 'java/lang/invoke/LambdaForm$DMH+0x0000016d015fd000'
Event: 27.902 Thread 0x0000016d5c861da0 Unloading class 0x0000016d015fcc00 'java/lang/invoke/LambdaForm$DMH+0x0000016d015fcc00'

Classes redefined (0 events):
No events

Internal exceptions (20 events):
Event: 47.323 Thread 0x0000016d638a0a70 Exception <a 'sun/nio/fs/WindowsException'{0x00000000eac8ebb8}> (0x00000000eac8ebb8) 
thrown [s\src\hotspot\share\prims\jni.cpp, line 520]
Event: 47.349 Thread 0x0000016d638a0a70 Exception <a 'sun/nio/fs/WindowsException'{0x00000000eadb7da0}> (0x00000000eadb7da0) 
thrown [s\src\hotspot\share\prims\jni.cpp, line 520]
Event: 47.424 Thread 0x0000016d638a0a70 Exception <a 'sun/nio/fs/WindowsException'{0x00000000eac41d38}> (0x00000000eac41d38) 
thrown [s\src\hotspot\share\prims\jni.cpp, line 520]
Event: 47.946 Thread 0x0000016d638a0a70 Exception <a 'sun/nio/fs/WindowsException'{0x00000000eab4a3f0}> (0x00000000eab4a3f0) 
thrown [s\src\hotspot\share\prims\jni.cpp, line 520]
Event: 48.405 Thread 0x0000016d638a0a70 Exception <a 'sun/nio/fs/WindowsException'{0x00000000eabcdb18}> (0x00000000eabcdb18) 
thrown [s\src\hotspot\share\prims\jni.cpp, line 520]
Event: 49.207 Thread 0x0000016d638a0a70 Implicit null exception at 0x0000016d538f5b15 to 0x0000016d538f5c9e
Event: 49.961 Thread 0x0000016d638a0a70 Implicit null exception at 0x0000016d536baa42 to 0x0000016d536bf924
Event: 50.057 Thread 0x0000016d638a0a70 Implicit null exception at 0x0000016d5398de28 to 0x0000016d5398e7f8
Event: 50.460 Thread 0x0000016d638a0a70 Exception <a 'sun/nio/fs/WindowsException'{0x00000000ead43210}> (0x00000000ead43210) 
thrown [s\src\hotspot\share\prims\jni.cpp, line 520]
Event: 50.590 Thread 0x0000016d5e7f78d0 Implicit null exception at 0x0000016d5399a2eb to 0x0000016d5399c654
Event: 50.925 Thread 0x0000016d5e7f78d0 Exception <a 'java/lang/IncompatibleClassChangeError'{0x00000000ead022d0}: Found class java.lang.Object, but interface was expected> (0x00000000ead022d0) 
thrown [s\src\hotspot\share\interpreter\linkResolver.cpp, line 840]
Event: 50.930 Thread 0x0000016d5e7f78d0 Exception <a 'java/lang/IncompatibleClassChangeError'{0x00000000ead3db58}: Found class java.lang.Object, but interface was expected> (0x00000000ead3db58) 
thrown [s\src\hotspot\share\interpreter\linkResolver.cpp, line 840]
Event: 50.946 Thread 0x0000016d683bf170 Exception <a 'sun/nio/fs/WindowsException'{0x00000000eab46618}> (0x00000000eab46618) 
thrown [s\src\hotspot\share\prims\jni.cpp, line 520]
Event: 50.946 Thread 0x0000016d683bf170 Exception <a 'sun/nio/fs/WindowsException'{0x00000000eab47180}> (0x00000000eab47180) 
thrown [s\src\hotspot\share\prims\jni.cpp, line 520]
Event: 50.947 Thread 0x0000016d683bf170 Exception <a 'sun/nio/fs/WindowsException'{0x00000000eab48588}> (0x00000000eab48588) 
thrown [s\src\hotspot\share\prims\jni.cpp, line 520]
Event: 50.947 Thread 0x0000016d683bf170 Exception <a 'sun/nio/fs/WindowsException'{0x00000000eab48e68}> (0x00000000eab48e68) 
thrown [s\src\hotspot\share\prims\jni.cpp, line 520]
Event: 50.949 Thread 0x0000016d683bf170 Exception <a 'sun/nio/fs/WindowsException'{0x00000000eab4d730}> (0x00000000eab4d730) 
thrown [s\src\hotspot\share\prims\jni.cpp, line 520]
Event: 50.949 Thread 0x0000016d683bf170 Exception <a 'sun/nio/fs/WindowsException'{0x00000000eab4e278}> (0x00000000eab4e278) 
thrown [s\src\hotspot\share\prims\jni.cpp, line 520]
Event: 50.956 Thread 0x0000016d683bf170 Exception <a 'sun/nio/fs/WindowsException'{0x00000000eab707b8}> (0x00000000eab707b8) 
thrown [s\src\hotspot\share\prims\jni.cpp, line 520]
Event: 50.956 Thread 0x0000016d683bf170 Exception <a 'sun/nio/fs/WindowsException'{0x00000000eab71098}> (0x00000000eab71098) 
thrown [s\src\hotspot\share\prims\jni.cpp, line 520]

ZGC Phase Switch (0 events):
No events

VM Operations (20 events):
Event: 50.547 Executing VM operation: ParallelGCFailedAllocation (Allocation Failure) done
Event: 50.554 Executing VM operation: ParallelGCFailedAllocation (Allocation Failure)
Event: 50.558 Executing VM operation: ParallelGCFailedAllocation (Allocation Failure) done
Event: 50.580 Executing VM operation: ParallelGCFailedAllocation (Allocation Failure)
Event: 50.584 Executing VM operation: ParallelGCFailedAllocation (Allocation Failure) done
Event: 50.590 Executing VM operation: HandshakeAllThreads (Deoptimize)
Event: 50.590 Executing VM operation: HandshakeAllThreads (Deoptimize) done
Event: 50.595 Executing VM operation: HandshakeAllThreads (Deoptimize)
Event: 50.595 Executing VM operation: HandshakeAllThreads (Deoptimize) done
Event: 50.611 Executing VM operation: ParallelGCFailedAllocation (Allocation Failure)
Event: 50.615 Executing VM operation: ParallelGCFailedAllocation (Allocation Failure) done
Event: 50.633 Executing VM operation: HandshakeAllThreads (Deoptimize)
Event: 50.633 Executing VM operation: HandshakeAllThreads (Deoptimize) done
Event: 50.717 Executing VM operation: ParallelGCFailedAllocation (Allocation Failure)
Event: 50.719 Executing VM operation: ParallelGCFailedAllocation (Allocation Failure) done
Event: 50.937 Executing VM operation: ParallelGCFailedAllocation (Allocation Failure)
Event: 50.939 Executing VM operation: ParallelGCFailedAllocation (Allocation Failure) done
Event: 51.026 Executing VM operation: HandshakeAllThreads (Deoptimize)
Event: 51.027 Executing VM operation: HandshakeAllThreads (Deoptimize) done
Event: 52.040 Executing VM operation: Cleanup

Memory protections (0 events):
No events

Nmethod flushes (20 events):
Event: 27.939 Thread 0x0000016d5c861da0 flushing  nmethod 0x0000016d4bf74590
Event: 27.939 Thread 0x0000016d5c861da0 flushing  nmethod 0x0000016d4bf74a10
Event: 27.939 Thread 0x0000016d5c861da0 flushing  nmethod 0x0000016d4bf75390
Event: 27.939 Thread 0x0000016d5c861da0 flushing  nmethod 0x0000016d4bf75810
Event: 27.939 Thread 0x0000016d5c861da0 flushing  nmethod 0x0000016d4bf77290
Event: 27.939 Thread 0x0000016d5c861da0 flushing  nmethod 0x0000016d4bf8d790
Event: 27.939 Thread 0x0000016d5c861da0 flushing  nmethod 0x0000016d4bf90310
Event: 27.939 Thread 0x0000016d5c861da0 flushing  nmethod 0x0000016d4bf96690
Event: 27.939 Thread 0x0000016d5c861da0 flushing  nmethod 0x0000016d4bfb7490
Event: 27.939 Thread 0x0000016d5c861da0 flushing  nmethod 0x0000016d4bfbac90
Event: 27.939 Thread 0x0000016d5c861da0 flushing  nmethod 0x0000016d4c03ee90
Event: 27.939 Thread 0x0000016d5c861da0 flushing  nmethod 0x0000016d4c047090
Event: 27.939 Thread 0x0000016d5c861da0 flushing  nmethod 0x0000016d4c048910
Event: 27.939 Thread 0x0000016d5c861da0 flushing  nmethod 0x0000016d4c04c390
Event: 27.939 Thread 0x0000016d5c861da0 flushing  nmethod 0x0000016d4c04ca90
Event: 27.939 Thread 0x0000016d5c861da0 flushing  nmethod 0x0000016d4c04d210
Event: 27.939 Thread 0x0000016d5c861da0 flushing  nmethod 0x0000016d4c04d810
Event: 27.939 Thread 0x0000016d5c861da0 flushing  nmethod 0x0000016d4c04e090
Event: 27.939 Thread 0x0000016d5c861da0 flushing  nmethod 0x0000016d4c04f810
Event: 27.939 Thread 0x0000016d5c861da0 flushing  nmethod 0x0000016d4c050890

Events (20 events):
Event: 37.183 Thread 0x0000016d5c87a9a0 Thread added: 0x0000016d64c5d4b0
Event: 37.227 Thread 0x0000016d5c87a9a0 Thread added: 0x0000016d65ddd8c0
Event: 37.447 Thread 0x0000016d65ddd8c0 Thread exited: 0x0000016d65ddd8c0
Event: 42.845 Thread 0x0000016d64c5d4b0 Thread exited: 0x0000016d64c5d4b0
Event: 42.884 Thread 0x0000016d5c87a9a0 Thread added: 0x0000016d660040e0
Event: 43.794 Thread 0x0000016d660040e0 Thread exited: 0x0000016d660040e0
Event: 45.105 Thread 0x0000016d5c87a9a0 Thread added: 0x0000016d64edce00
Event: 45.109 Thread 0x0000016d64edce00 Thread added: 0x0000016d5e50ded0
Event: 46.681 Thread 0x0000016d5e50ded0 Thread exited: 0x0000016d5e50ded0
Event: 47.820 Thread 0x0000016d64edce00 Thread exited: 0x0000016d64edce00
Event: 49.401 Thread 0x0000016d5c87a9a0 Thread added: 0x0000016d65ddd8c0
Event: 49.401 Thread 0x0000016d5c87a9a0 Thread added: 0x0000016d65dddf90
Event: 50.119 Thread 0x0000016d638a0a70 Thread added: 0x0000016d683bf800
Event: 50.470 Thread 0x0000016d683bf800 Thread added: 0x0000016d683bd730
Event: 50.471 Thread 0x0000016d683bd730 Thread added: 0x0000016d683bf170
Event: 50.476 Thread 0x0000016d683bf170 Thread added: 0x0000016d683bddc0
Event: 50.486 Thread 0x0000016d5e7f78d0 Thread added: 0x0000016d683beae0
Event: 50.495 Thread 0x0000016d5e7f78d0 Thread added: 0x0000016d683bfe90
Event: 50.522 Thread 0x0000016d683bfe90 Thread added: 0x0000016d683be450
Event: 51.132 Thread 0x0000016d65dddf90 Thread exited: 0x0000016d65dddf90


Dynamic libraries:
0x00007ff762db0000 - 0x00007ff762dbe000 	c:\Users\Johnly\.vscode\extensions\redhat.java-1.41.1-win32-x64\jre\21.0.6-win32-x86_64\bin\java.exe
0x00007ffb1c140000 - 0x00007ffb1c3a0000 	C:\WINDOWS\SYSTEM32\ntdll.dll
0x00007ffb1b7b0000 - 0x00007ffb1b877000 	C:\WINDOWS\System32\KERNEL32.DLL
0x00007ffb197f0000 - 0x00007ffb19bbb000 	C:\WINDOWS\System32\KERNELBASE.dll
0x00007ffb196a0000 - 0x00007ffb197eb000 	C:\WINDOWS\System32\ucrtbase.dll
0x00007ffb08090000 - 0x00007ffb080ae000 	c:\Users\Johnly\.vscode\extensions\redhat.java-1.41.1-win32-x64\jre\21.0.6-win32-x86_64\bin\VCRUNTIME140.dll
0x00007ffb08070000 - 0x00007ffb08088000 	c:\Users\Johnly\.vscode\extensions\redhat.java-1.41.1-win32-x64\jre\21.0.6-win32-x86_64\bin\jli.dll
0x00007ffb1adb0000 - 0x00007ffb1af7c000 	C:\WINDOWS\System32\USER32.dll
0x00007ffb04a30000 - 0x00007ffb04cc7000 	C:\WINDOWS\WinSxS\amd64_microsoft.windows.common-controls_6595b64144ccf1df_6.0.26100.3624_none_3e086962e3345f24\COMCTL32.dll
0x00007ffb19670000 - 0x00007ffb19697000 	C:\WINDOWS\System32\win32u.dll
0x00007ffb1b700000 - 0x00007ffb1b7a9000 	C:\WINDOWS\System32\msvcrt.dll
0x00007ffb1bee0000 - 0x00007ffb1bf0a000 	C:\WINDOWS\System32\GDI32.dll
0x00007ffb19490000 - 0x00007ffb195c1000 	C:\WINDOWS\System32\gdi32full.dll
0x00007ffb19320000 - 0x00007ffb193c3000 	C:\WINDOWS\System32\msvcp_win.dll
0x00007ffb1b320000 - 0x00007ffb1b34f000 	C:\WINDOWS\System32\IMM32.DLL
0x00007ffb162b0000 - 0x00007ffb162bc000 	c:\Users\Johnly\.vscode\extensions\redhat.java-1.41.1-win32-x64\jre\21.0.6-win32-x86_64\bin\vcruntime140_1.dll
0x00007ffb07fe0000 - 0x00007ffb0806d000 	c:\Users\Johnly\.vscode\extensions\redhat.java-1.41.1-win32-x64\jre\21.0.6-win32-x86_64\bin\msvcp140.dll
0x00007ffab9170000 - 0x00007ffab9f00000 	c:\Users\Johnly\.vscode\extensions\redhat.java-1.41.1-win32-x64\jre\21.0.6-win32-x86_64\bin\server\jvm.dll
0x00007ffb1af80000 - 0x00007ffb1b033000 	C:\WINDOWS\System32\ADVAPI32.dll
0x00007ffb1b4a0000 - 0x00007ffb1b546000 	C:\WINDOWS\System32\sechost.dll
0x00007ffb1b5e0000 - 0x00007ffb1b6f6000 	C:\WINDOWS\System32\RPCRT4.dll
0x00007ffb1b360000 - 0x00007ffb1b3d4000 	C:\WINDOWS\System32\WS2_32.dll
0x00007ffb191a0000 - 0x00007ffb191fe000 	C:\WINDOWS\SYSTEM32\POWRPROF.dll
0x00007ffb12900000 - 0x00007ffb12936000 	C:\WINDOWS\SYSTEM32\WINMM.dll
0x00007ffb12940000 - 0x00007ffb1294b000 	C:\WINDOWS\SYSTEM32\VERSION.dll
0x00007ffb19180000 - 0x00007ffb19194000 	C:\WINDOWS\SYSTEM32\UMPDC.dll
0x00007ffb18130000 - 0x00007ffb1814a000 	C:\WINDOWS\SYSTEM32\kernel.appcore.dll
0x00007ffb14360000 - 0x00007ffb1436a000 	c:\Users\Johnly\.vscode\extensions\redhat.java-1.41.1-win32-x64\jre\21.0.6-win32-x86_64\bin\jimage.dll
0x00007ffb0a970000 - 0x00007ffb0abb1000 	C:\WINDOWS\SYSTEM32\DBGHELP.DLL
0x00007ffb1b880000 - 0x00007ffb1bc03000 	C:\WINDOWS\System32\combase.dll
0x00007ffb1a5a0000 - 0x00007ffb1a676000 	C:\WINDOWS\System32\OLEAUT32.dll
0x00007ffb02ed0000 - 0x00007ffb02f09000 	C:\WINDOWS\SYSTEM32\dbgcore.DLL
0x00007ffb195d0000 - 0x00007ffb19669000 	C:\WINDOWS\System32\bcryptPrimitives.dll
0x00007ffb126f0000 - 0x00007ffb126ff000 	c:\Users\Johnly\.vscode\extensions\redhat.java-1.41.1-win32-x64\jre\21.0.6-win32-x86_64\bin\instrument.dll
0x00007ffb07fc0000 - 0x00007ffb07fdf000 	c:\Users\Johnly\.vscode\extensions\redhat.java-1.41.1-win32-x64\jre\21.0.6-win32-x86_64\bin\java.dll
0x00007ffb1a680000 - 0x00007ffb1ada9000 	C:\WINDOWS\System32\SHELL32.dll
0x00007ffb19d40000 - 0x00007ffb19ea8000 	C:\WINDOWS\System32\wintypes.dll
0x00007ffb17000000 - 0x00007ffb17852000 	C:\WINDOWS\SYSTEM32\windows.storage.dll
0x00007ffb1bf20000 - 0x00007ffb1c00d000 	C:\WINDOWS\System32\SHCORE.dll
0x00007ffb1b430000 - 0x00007ffb1b494000 	C:\WINDOWS\System32\shlwapi.dll
0x00007ffb19230000 - 0x00007ffb1925f000 	C:\WINDOWS\SYSTEM32\profapi.dll
0x00007ffb07fa0000 - 0x00007ffb07fb8000 	c:\Users\Johnly\.vscode\extensions\redhat.java-1.41.1-win32-x64\jre\21.0.6-win32-x86_64\bin\zip.dll
0x00007ffb0fba0000 - 0x00007ffb0fbb0000 	C:\Users\Johnly\.vscode\extensions\redhat.java-1.41.1-win32-x64\jre\21.0.6-win32-x86_64\bin\net.dll
0x00007ffb0eb40000 - 0x00007ffb0ec5d000 	C:\WINDOWS\SYSTEM32\WINHTTP.dll
0x00007ffb18650000 - 0x00007ffb186ba000 	C:\WINDOWS\system32\mswsock.dll
0x00007ffb07f80000 - 0x00007ffb07f96000 	C:\Users\Johnly\.vscode\extensions\redhat.java-1.41.1-win32-x64\jre\21.0.6-win32-x86_64\bin\nio.dll
0x00007ffb08d80000 - 0x00007ffb08d90000 	c:\Users\Johnly\.vscode\extensions\redhat.java-1.41.1-win32-x64\jre\21.0.6-win32-x86_64\bin\verify.dll
0x00007ffb07e10000 - 0x00007ffb07e55000 	C:\Users\Johnly\AppData\Roaming\Code\User\globalStorage\redhat.java\1.41.1\config_win\org.eclipse.equinox.launcher\org.eclipse.equinox.launcher.win32.win32.x86_64_1.2.1300.v20250331-1702\eclipse_11911.dll
0x00007ffb1bcc0000 - 0x00007ffb1be56000 	C:\WINDOWS\System32\ole32.dll
0x00007ffb08a90000 - 0x00007ffb08a9a000 	C:\Users\Johnly\.vscode\extensions\redhat.java-1.41.1-win32-x64\jre\21.0.6-win32-x86_64\bin\management.dll
0x00007ffb08760000 - 0x00007ffb0876b000 	C:\Users\Johnly\.vscode\extensions\redhat.java-1.41.1-win32-x64\jre\21.0.6-win32-x86_64\bin\management_ext.dll
0x00007ffb1c010000 - 0x00007ffb1c018000 	C:\WINDOWS\System32\PSAPI.DLL
0x00007ffb188f0000 - 0x00007ffb1890c000 	C:\WINDOWS\SYSTEM32\CRYPTSP.dll
0x00007ffb18090000 - 0x00007ffb180ca000 	C:\WINDOWS\system32\rsaenh.dll
0x00007ffb186f0000 - 0x00007ffb1871b000 	C:\WINDOWS\SYSTEM32\USERENV.dll
0x00007ffb18b30000 - 0x00007ffb18b56000 	C:\WINDOWS\SYSTEM32\bcrypt.dll
0x00007ffb18910000 - 0x00007ffb1891c000 	C:\WINDOWS\SYSTEM32\CRYPTBASE.dll
0x00007ffb17b60000 - 0x00007ffb17b93000 	C:\WINDOWS\SYSTEM32\IPHLPAPI.DLL
0x00007ffb1bf10000 - 0x00007ffb1bf1a000 	C:\WINDOWS\System32\NSI.dll
0x00007ffb081a0000 - 0x00007ffb081e9000 	C:\Users\Johnly\AppData\Local\Temp\jna--2070691848\jna14944282095571430287.dll
0x00007ffb0ea70000 - 0x00007ffb0ea8f000 	C:\WINDOWS\SYSTEM32\dhcpcsvc6.DLL
0x00007ffb0ea40000 - 0x00007ffb0ea65000 	C:\WINDOWS\SYSTEM32\dhcpcsvc.DLL
0x00007ffb14370000 - 0x00007ffb1437e000 	C:\Users\Johnly\.vscode\extensions\redhat.java-1.41.1-win32-x64\jre\21.0.6-win32-x86_64\bin\sunmscapi.dll
0x00007ffb19bc0000 - 0x00007ffb19d37000 	C:\WINDOWS\System32\CRYPT32.dll
0x00007ffb18af0000 - 0x00007ffb18b20000 	C:\WINDOWS\SYSTEM32\ncrypt.dll
0x00007ffb18aa0000 - 0x00007ffb18adf000 	C:\WINDOWS\SYSTEM32\NTASN1.dll
0x00007ffb17bf0000 - 0x00007ffb17d15000 	C:\WINDOWS\SYSTEM32\DNSAPI.dll
0x00007ffb106e0000 - 0x00007ffb106eb000 	C:\Windows\System32\rasadhlp.dll
0x00007ffb0d850000 - 0x00007ffb0d8d5000 	C:\WINDOWS\System32\fwpuclnt.dll
0x00007ffb16470000 - 0x00007ffb16479000 	C:\Users\Johnly\.vscode\extensions\redhat.java-1.41.1-win32-x64\jre\21.0.6-win32-x86_64\bin\extnet.dll
0x00007ffb18250000 - 0x00007ffb18285000 	C:\WINDOWS\SYSTEM32\ntmarta.dll

dbghelp: loaded successfully - version: 4.0.5 - missing functions: none
symbol engine: initialized successfully - sym options: 0x614 - pdb path: .;c:\Users\Johnly\.vscode\extensions\redhat.java-1.41.1-win32-x64\jre\21.0.6-win32-x86_64\bin;C:\WINDOWS\SYSTEM32;C:\WINDOWS\WinSxS\amd64_microsoft.windows.common-controls_6595b64144ccf1df_6.0.26100.3624_none_3e086962e3345f24;c:\Users\Johnly\.vscode\extensions\redhat.java-1.41.1-win32-x64\jre\21.0.6-win32-x86_64\bin\server;C:\Users\Johnly\AppData\Roaming\Code\User\globalStorage\redhat.java\1.41.1\config_win\org.eclipse.equinox.launcher\org.eclipse.equinox.launcher.win32.win32.x86_64_1.2.1300.v20250331-1702;C:\Users\Johnly\AppData\Local\Temp\jna--2070691848

VM Arguments:
jvm_args: --add-modules=ALL-SYSTEM --add-opens=java.base/java.util=ALL-UNNAMED --add-opens=java.base/java.lang=ALL-UNNAMED --add-opens=java.base/sun.nio.fs=ALL-UNNAMED -Declipse.application=org.eclipse.jdt.ls.core.id1 -Dosgi.bundles.defaultStartLevel=4 -Declipse.product=org.eclipse.jdt.ls.core.product -Djava.import.generatesMetadataFilesAtProjectRoot=false -DDetectVMInstallationsJob.disabled=true -Dfile.encoding=utf8 -XX:+UseParallelGC -XX:GCTimeRatio=4 -XX:AdaptiveSizePolicyWeight=90 -Dsun.zip.disableMemoryMapping=true -Xmx1G -Xms100m -Xlog:disable -javaagent:c:\Users\Johnly\.vscode\extensions\redhat.java-1.41.1-win32-x64\lombok\lombok-1.18.36.jar -XX:+HeapDumpOnOutOfMemoryError -XX:HeapDumpPath=c:\Users\Johnly\AppData\Roaming\Code\User\workspaceStorage\06f7cb8f4aa0567787170b2adc627bbe\redhat.java -Daether.dependencyCollector.impl=bf 
java_command: c:\Users\Johnly\.vscode\extensions\redhat.java-1.41.1-win32-x64\server\plugins\org.eclipse.equinox.launcher_1.7.0.v20250331-1702.jar -configuration c:\Users\Johnly\AppData\Roaming\Code\User\globalStorage\redhat.java\1.41.1\config_win -data c:\Users\Johnly\AppData\Roaming\Code\User\workspaceStorage\06f7cb8f4aa0567787170b2adc627bbe\redhat.java\jdt_ws --pipe=\\.\pipe\lsp-33720d87764a400f83c0799c973009bb-sock
java_class_path (initial): c:\Users\Johnly\.vscode\extensions\redhat.java-1.41.1-win32-x64\server\plugins\org.eclipse.equinox.launcher_1.7.0.v20250331-1702.jar
Launcher Type: SUN_STANDARD

[Global flags]
    uintx AdaptiveSizePolicyWeight                 = 90                                        {product} {command line}
     intx CICompilerCount                          = 4                                         {product} {ergonomic}
    uintx GCTimeRatio                              = 4                                         {product} {command line}
     bool HeapDumpOnOutOfMemoryError               = true                                   {manageable} {command line}
    ccstr HeapDumpPath                             = c:\Users\Johnly\AppData\Roaming\Code\User\workspaceStorage\06f7cb8f4aa0567787170b2adc627bbe\redhat.java         {manageable} {command line}
   size_t InitialHeapSize                          = 104857600                                 {product} {command line}
   size_t MaxHeapSize                              = 1073741824                                {product} {command line}
   size_t MaxNewSize                               = 357564416                                 {product} {ergonomic}
   size_t MinHeapDeltaBytes                        = 524288                                    {product} {ergonomic}
   size_t MinHeapSize                              = 104857600                                 {product} {command line}
   size_t NewSize                                  = 34603008                                  {product} {ergonomic}
    uintx NonNMethodCodeHeapSize                   = 5839372                                {pd product} {ergonomic}
    uintx NonProfiledCodeHeapSize                  = 122909434                              {pd product} {ergonomic}
   size_t OldSize                                  = 70254592                                  {product} {ergonomic}
    uintx ProfiledCodeHeapSize                     = 122909434                              {pd product} {ergonomic}
    uintx ReservedCodeCacheSize                    = 251658240                              {pd product} {ergonomic}
     bool SegmentedCodeCache                       = true                                      {product} {ergonomic}
   size_t SoftMaxHeapSize                          = 1073741824                             {manageable} {ergonomic}
     bool UseCompressedOops                        = true                           {product lp64_product} {ergonomic}
     bool UseLargePagesIndividualAllocation        = false                                  {pd product} {ergonomic}
     bool UseParallelGC                            = true                                      {product} {command line}

Logging:
Log output configuration:
 #0: stdout all=off uptime,level,tags foldmultilines=false
 #1: stderr all=off uptime,level,tags foldmultilines=false

Environment Variables:
JAVA_HOME=C:\Program Files\Java\jdk-21\
PATH=C:\Program Files\Common Files\Oracle\Java\javapath;C:\Windows\system32;C:\Windows;C:\Windows\System32\Wbem;C:\Windows\System32\WindowsPowerShell\v1.0\;C:\Windows\System32\OpenSSH\;C:\Program Files (x86)\NVIDIA Corporation\PhysX\Common;C:\WINDOWS\system32;C:\WINDOWS;C:\WINDOWS\System32\Wbem;C:\WINDOWS\System32\WindowsPowerShell\v1.0\;C:\WINDOWS\System32\OpenSSH\;C:\Program Files\Git\cmd;C:\Program Files\PuTTY\;C:\Program Files\nodejs\;C:\Program Files\dotnet\;C:\Program Files\NVIDIA Corporation\NVIDIA app\NvDLISR;C:\Users\Johnly\AppData\Local\Microsoft\WindowsApps;C:\Users\Johnly\AppData\Local\Programs\Microsoft VS Code\bin;C:\Users\Johnly\AppData\Local\GitHubDesktop\bin;C:\MinGW\bin;C:\Program Files\Emacs\emacs-29.4\bin;C:\Users\Johnly\AppData\Roaming\npm;C:\Users\Johnly\AppData\Local\Android\Sdk\platform-tools;C:\Users\Johnly\AppData\Local\Android\Sdk\cmdline-tools\latest\bin;C:\Users\Johnly\AppData\Local\Android\Sdk\tools;C:\Program Files\Java\jdk-21\\bin;C:\Gradle\gradle-8.13\bin;C:\Users\Johnly\AppData\Local\Android\Sdk\build-tools\34.0.0;C:\Users\Johnly\AppData\Local\Android\Sdk\emulator;C:\Users\Johnly\AppData\Local\Muse Hub\lib;C:\Program Files\php;C:\Program Files\Maven\apache-maven-3.9.9\bin;
USERNAME=Johnly
OS=Windows_NT
PROCESSOR_IDENTIFIER=AMD64 Family 23 Model 24 Stepping 1, AuthenticAMD
TMP=C:\Users\Johnly\AppData\Local\Temp
TEMP=C:\Users\Johnly\AppData\Local\Temp




Periodic native trim disabled

---------------  S Y S T E M  ---------------

OS:
 Windows 11 , 64 bit Build 26100 (10.0.26100.3624)
OS uptime: 0 days 2:05 hours

CPU: total 8 (initial active 8) (8 cores per cpu, 2 threads per core) family 23 model 24 stepping 1 microcode 0x8108102, cx8, cmov, fxsr, ht, mmx, 3dnowpref, sse, sse2, sse3, ssse3, sse4a, sse4.1, sse4.2, popcnt, lzcnt, tsc, tscinvbit, avx, avx2, aes, clmul, bmi1, bmi2, adx, sha, fma, vzeroupper, clflush, clflushopt, rdtscp, f16c
Processor Information for the first 8 processors :
  Max Mhz: 2300, Current Mhz: 1400, Mhz Limit: 2300

Memory: 4k page, system-wide physical 15807M (5181M free)
TotalPageFile size 15807M (AvailPageFile size 11M)
current process WorkingSet (physical memory assigned to process): 897M, peak: 908M
current process commit charge ("private bytes"): 963M, peak: 979M

vm_info: OpenJDK 64-Bit Server VM (21.0.6+7-LTS) for windows-amd64 JRE (21.0.6+7-LTS), built on 2025-01-21T00:00:00Z by "admin" with MS VC++ 17.7 (VS2022)

END.
