#
# There is insufficient memory for the Java Runtime Environment to continue.
# Native memory allocation (malloc) failed to allocate 2023840 bytes. Error detail: Chunk::new
# Possible reasons:
#   The system is out of physical RAM or swap space
#   This process is running with CompressedOops enabled, and the Java Heap may be blocking the growth of the native heap
# Possible solutions:
#   Reduce memory load on the system
#   Increase physical memory or swap space
#   Check if swap backing store is full
#   Decrease Java heap size (-Xmx/-Xms)
#   Decrease number of Java threads
#   Decrease Java thread stack sizes (-Xss)
#   Set larger code cache with -XX:ReservedCodeCacheSize=
#   JVM is running with Unscaled Compressed Oops mode in which the Java heap is
#     placed in the first 4GB address space. The Java Heap base address is the
#     maximum limit for the native heap growth. Please use -XX:HeapBaseMinAddress
#     to set the Java Heap base and to place the Java Heap above 4GB virtual address.
# This output file may be truncated or incomplete.
#
#  Out of Memory Error (arena.cpp:168), pid=10896, tid=18044
#
# JRE version: OpenJDK Runtime Environment Temurin-21.0.6+7 (21.0.6+7) (build 21.0.6+7-LTS)
# Java VM: OpenJDK 64-Bit Server VM Temurin-21.0.6+7 (21.0.6+7-LTS, mixed mode, sharing, tiered, compressed oops, compressed class ptrs, parallel gc, windows-amd64)
# No core dump will be written. Minidumps are not enabled by default on client versions of Windows
#

---------------  S U M M A R Y ------------

Command Line: --add-modules=ALL-SYSTEM --add-opens=java.base/java.util=ALL-UNNAMED --add-opens=java.base/java.lang=ALL-UNNAMED --add-opens=java.base/sun.nio.fs=ALL-UNNAMED -Declipse.application=org.eclipse.jdt.ls.core.id1 -Dosgi.bundles.defaultStartLevel=4 -Declipse.product=org.eclipse.jdt.ls.core.product -Djava.import.generatesMetadataFilesAtProjectRoot=false -DDetectVMInstallationsJob.disabled=true -Dfile.encoding=utf8 -XX:+UseParallelGC -XX:GCTimeRatio=4 -XX:AdaptiveSizePolicyWeight=90 -Dsun.zip.disableMemoryMapping=true -Xmx1G -Xms100m -Xlog:disable -javaagent:c:\Users\Johnly\.vscode\extensions\redhat.java-1.40.0-win32-x64\lombok\lombok-1.18.36.jar -XX:+HeapDumpOnOutOfMemoryError -XX:HeapDumpPath=c:\Users\Johnly\AppData\Roaming\Code\User\workspaceStorage\6a2e6c06b4e0a7fda055d80ffa069b3f\redhat.java -Daether.dependencyCollector.impl=bf c:\Users\Johnly\.vscode\extensions\redhat.java-1.40.0-win32-x64\server\plugins\org.eclipse.equinox.launcher_1.6.1000.v20250131-0606.jar -configuration c:\Users\Johnly\AppData\Roaming\Code\User\globalStorage\redhat.java\1.40.0\config_win -data c:\Users\Johnly\AppData\Roaming\Code\User\workspaceStorage\6a2e6c06b4e0a7fda055d80ffa069b3f\redhat.java\jdt_ws --pipe=\\.\pipe\lsp-5e553145d1f94749c861623bb1210c93-sock

Host: AMD Ryzen 7 3750H with Radeon Vega Mobile Gfx  , 8 cores, 15G,  Windows 11 , 64 bit Build 26100 (10.0.26100.3323)
Time: Thu Mar 27 12:45:47 2025 W. Europe Standard Time elapsed time: 30.213329 seconds (0d 0h 0m 30s)

---------------  T H R E A D  ---------------

Current thread (0x000002a9f4c08790):  JavaThread "C2 CompilerThread2" daemon [_thread_in_native, id=18044, stack(0x000000e8e4600000,0x000000e8e4700000) (1024K)]


Current CompileTask:
C2:30213 9165       4       java.lang.invoke.DirectMethodHandle::make (275 bytes)

Stack: [0x000000e8e4600000,0x000000e8e4700000]
Native frames: (J=compiled Java code, j=interpreted, Vv=VM code, C=native code)
V  [jvm.dll+0x6cdee9]
V  [jvm.dll+0x8a83d1]
V  [jvm.dll+0x8aa8fe]
V  [jvm.dll+0x8aafe3]
V  [jvm.dll+0x27f706]
V  [jvm.dll+0xc500d]
V  [jvm.dll+0xc5543]
V  [jvm.dll+0x3b678c]
V  [jvm.dll+0x382935]
V  [jvm.dll+0x381d9a]
V  [jvm.dll+0x2479f0]
V  [jvm.dll+0x246fcf]
V  [jvm.dll+0x1c75ee]
V  [jvm.dll+0x25685a]
V  [jvm.dll+0x254dfa]
V  [jvm.dll+0x3f0256]
V  [jvm.dll+0x851f8b]
V  [jvm.dll+0x6cc5ed]
C  [ucrtbase.dll+0x37b0]
C  [KERNEL32.DLL+0x2e8d7]
C  [ntdll.dll+0xbbf6c]


---------------  P R O C E S S  ---------------

Threads class SMR info:
_java_thread_list=0x000002a9f4e24b70, length=50, elements={
0x000002a9d76ab610, 0x000002a9d776a6d0, 0x000002a9d776cf90, 0x000002a9eba63f80,
0x000002a9eba659e0, 0x000002a9eba66530, 0x000002a9eba69090, 0x000002a9eba69e10,
0x000002a9ed355820, 0x000002a9d771bb20, 0x000002a9ed6778e0, 0x000002a9f25213d0,
0x000002a9f216cb20, 0x000002a9f2251510, 0x000002a9f2251b70, 0x000002a9f2aded20,
0x000002a9f2addb50, 0x000002a9f29b7b40, 0x000002a9f29b6790, 0x000002a9f29b4d50,
0x000002a9f29b6e20, 0x000002a9f29b6100, 0x000002a9f29b81d0, 0x000002a9f29b5a70,
0x000002a9f3d343e0, 0x000002a9f3d37860, 0x000002a9f3d371d0, 0x000002a9f3d37ef0,
0x000002a9f3d364b0, 0x000002a9f3d34a70, 0x000002a9f3d38580, 0x000002a9f3d35100,
0x000002a9f3d38c10, 0x000002a9f3d35790, 0x000002a9f3d35e20, 0x000002a9f3d392a0,
0x000002a9f3d39930, 0x000002a9f3d3a650, 0x000002a9f3d3ace0, 0x000002a9f29b74b0,
0x000002a9f4223c00, 0x000002a9f42214a0, 0x000002a9f4222ee0, 0x000002a9f4224290,
0x000002a9f4224920, 0x000002a9f4221b30, 0x000002a9f42221c0, 0x000002a9f4224fb0,
0x000002a9edde5720, 0x000002a9f4c08790
}

Java Threads: ( => current thread )
  0x000002a9d76ab610 JavaThread "main"                              [_thread_blocked, id=5692, stack(0x000000e8e2400000,0x000000e8e2500000) (1024K)]
  0x000002a9d776a6d0 JavaThread "Reference Handler"          daemon [_thread_blocked, id=16336, stack(0x000000e8e2800000,0x000000e8e2900000) (1024K)]
  0x000002a9d776cf90 JavaThread "Finalizer"                  daemon [_thread_blocked, id=7704, stack(0x000000e8e2900000,0x000000e8e2a00000) (1024K)]
  0x000002a9eba63f80 JavaThread "Signal Dispatcher"          daemon [_thread_blocked, id=15740, stack(0x000000e8e2a00000,0x000000e8e2b00000) (1024K)]
  0x000002a9eba659e0 JavaThread "Attach Listener"            daemon [_thread_blocked, id=18080, stack(0x000000e8e2b00000,0x000000e8e2c00000) (1024K)]
  0x000002a9eba66530 JavaThread "Service Thread"             daemon [_thread_blocked, id=17336, stack(0x000000e8e2c00000,0x000000e8e2d00000) (1024K)]
  0x000002a9eba69090 JavaThread "Monitor Deflation Thread"   daemon [_thread_blocked, id=14844, stack(0x000000e8e2d00000,0x000000e8e2e00000) (1024K)]
  0x000002a9eba69e10 JavaThread "C2 CompilerThread0"         daemon [_thread_in_native, id=16348, stack(0x000000e8e2e00000,0x000000e8e2f00000) (1024K)]
  0x000002a9ed355820 JavaThread "C1 CompilerThread0"         daemon [_thread_blocked, id=15900, stack(0x000000e8e2f00000,0x000000e8e3000000) (1024K)]
  0x000002a9d771bb20 JavaThread "Common-Cleaner"             daemon [_thread_blocked, id=12060, stack(0x000000e8e3000000,0x000000e8e3100000) (1024K)]
  0x000002a9ed6778e0 JavaThread "Notification Thread"        daemon [_thread_blocked, id=12164, stack(0x000000e8e3100000,0x000000e8e3200000) (1024K)]
  0x000002a9f25213d0 JavaThread "Active Thread: Equinox Container: fa8b9ec9-bfb7-4d7b-b008-c0453434bed6"        [_thread_blocked, id=2384, stack(0x000000e8e3a00000,0x000000e8e3b00000) (1024K)]
  0x000002a9f216cb20 JavaThread "Refresh Thread: Equinox Container: fa8b9ec9-bfb7-4d7b-b008-c0453434bed6" daemon [_thread_blocked, id=1788, stack(0x000000e8e3300000,0x000000e8e3400000) (1024K)]
  0x000002a9f2251510 JavaThread "Framework Event Dispatcher: Equinox Container: fa8b9ec9-bfb7-4d7b-b008-c0453434bed6" daemon [_thread_blocked, id=4384, stack(0x000000e8e3c00000,0x000000e8e3d00000) (1024K)]
  0x000002a9f2251b70 JavaThread "Start Level: Equinox Container: fa8b9ec9-bfb7-4d7b-b008-c0453434bed6" daemon [_thread_blocked, id=14428, stack(0x000000e8e3d00000,0x000000e8e3e00000) (1024K)]
  0x000002a9f2aded20 JavaThread "Bundle File Closer"         daemon [_thread_blocked, id=18144, stack(0x000000e8e3f00000,0x000000e8e4000000) (1024K)]
  0x000002a9f2addb50 JavaThread "SCR Component Actor"        daemon [_thread_blocked, id=17156, stack(0x000000e8e4000000,0x000000e8e4100000) (1024K)]
  0x000002a9f29b7b40 JavaThread "Worker-JM"                         [_thread_blocked, id=8560, stack(0x000000e8e4100000,0x000000e8e4200000) (1024K)]
  0x000002a9f29b6790 JavaThread "JNA Cleaner"                daemon [_thread_blocked, id=16600, stack(0x000000e8e3200000,0x000000e8e3300000) (1024K)]
  0x000002a9f29b4d50 JavaThread "Worker-0: Initialize workspace"        [_thread_blocked, id=11044, stack(0x000000e8e4200000,0x000000e8e4300000) (1024K)]
  0x000002a9f29b6e20 JavaThread "Worker-1"                          [_thread_blocked, id=13792, stack(0x000000e8e4300000,0x000000e8e4400000) (1024K)]
  0x000002a9f29b6100 JavaThread "Worker-2"                          [_thread_blocked, id=4032, stack(0x000000e8e4400000,0x000000e8e4500000) (1024K)]
  0x000002a9f29b81d0 JavaThread "Java indexing"              daemon [_thread_blocked, id=14132, stack(0x000000e8e4700000,0x000000e8e4800000) (1024K)]
  0x000002a9f29b5a70 JavaThread "Worker-3"                          [_thread_blocked, id=15548, stack(0x000000e8e4a00000,0x000000e8e4b00000) (1024K)]
  0x000002a9f3d343e0 JavaThread "Worker-4"                          [_thread_blocked, id=16620, stack(0x000000e8e4b00000,0x000000e8e4c00000) (1024K)]
  0x000002a9f3d37860 JavaThread "Thread-2"                   daemon [_thread_in_native, id=17096, stack(0x000000e8e4c00000,0x000000e8e4d00000) (1024K)]
  0x000002a9f3d371d0 JavaThread "Thread-3"                   daemon [_thread_in_native, id=11736, stack(0x000000e8e4d00000,0x000000e8e4e00000) (1024K)]
  0x000002a9f3d37ef0 JavaThread "Thread-4"                   daemon [_thread_in_native, id=14820, stack(0x000000e8e4e00000,0x000000e8e4f00000) (1024K)]
  0x000002a9f3d364b0 JavaThread "Thread-5"                   daemon [_thread_in_native, id=16832, stack(0x000000e8e4f00000,0x000000e8e5000000) (1024K)]
  0x000002a9f3d34a70 JavaThread "Thread-6"                   daemon [_thread_in_native, id=15292, stack(0x000000e8e5000000,0x000000e8e5100000) (1024K)]
  0x000002a9f3d38580 JavaThread "Thread-7"                   daemon [_thread_in_native, id=13880, stack(0x000000e8e5100000,0x000000e8e5200000) (1024K)]
  0x000002a9f3d35100 JavaThread "Thread-8"                   daemon [_thread_in_native, id=8536, stack(0x000000e8e5200000,0x000000e8e5300000) (1024K)]
  0x000002a9f3d38c10 JavaThread "Thread-9"                   daemon [_thread_in_native, id=13772, stack(0x000000e8e5300000,0x000000e8e5400000) (1024K)]
  0x000002a9f3d35790 JavaThread "Thread-10"                  daemon [_thread_in_native, id=10252, stack(0x000000e8e5400000,0x000000e8e5500000) (1024K)]
  0x000002a9f3d35e20 JavaThread "pool-2-thread-1"                   [_thread_blocked, id=8908, stack(0x000000e8e5500000,0x000000e8e5600000) (1024K)]
  0x000002a9f3d392a0 JavaThread "WorkspaceEventsHandler"            [_thread_blocked, id=6364, stack(0x000000e8e5600000,0x000000e8e5700000) (1024K)]
  0x000002a9f3d39930 JavaThread "pool-1-thread-1"                   [_thread_in_vm, id=3284, stack(0x000000e8e5700000,0x000000e8e5800000) (1024K)]
  0x000002a9f3d3a650 JavaThread "LocalFile Deleter"          daemon [_thread_blocked, id=17620, stack(0x000000e8e3e00000,0x000000e8e3f00000) (1024K)]
  0x000002a9f3d3ace0 JavaThread "LocalFile Deleter"          daemon [_thread_blocked, id=15932, stack(0x000000e8e5800000,0x000000e8e5900000) (1024K)]
  0x000002a9f29b74b0 JavaThread "Compiler Source File Reader" daemon [_thread_blocked, id=17556, stack(0x000000e8e5900000,0x000000e8e5a00000) (1024K)]
  0x000002a9f4223c00 JavaThread "Compiler Processing Task"   daemon [_thread_blocked, id=18168, stack(0x000000e8e5a00000,0x000000e8e5b00000) (1024K)]
  0x000002a9f42214a0 JavaThread "Compiler Class File Writer" daemon [_thread_blocked, id=12488, stack(0x000000e8e5b00000,0x000000e8e5c00000) (1024K)]
  0x000002a9f4222ee0 JavaThread "Compiler Source File Reader" daemon [_thread_blocked, id=3400, stack(0x000000e8e5c00000,0x000000e8e5d00000) (1024K)]
  0x000002a9f4224290 JavaThread "Compiler Class File Writer" daemon [_thread_blocked, id=14332, stack(0x000000e8e5d00000,0x000000e8e5e00000) (1024K)]
  0x000002a9f4224920 JavaThread "Worker-5"                          [_thread_blocked, id=11796, stack(0x000000e8e5e00000,0x000000e8e5f00000) (1024K)]
  0x000002a9f4221b30 JavaThread "ForkJoinPool.commonPool-worker-1" daemon [_thread_blocked, id=13800, stack(0x000000e8e5f00000,0x000000e8e6000000) (1024K)]
  0x000002a9f42221c0 JavaThread "ForkJoinPool.commonPool-worker-2" daemon [_thread_blocked, id=17388, stack(0x000000e8e6000000,0x000000e8e6100000) (1024K)]
  0x000002a9f4224fb0 JavaThread "ForkJoinPool.commonPool-worker-3" daemon [_thread_blocked, id=6200, stack(0x000000e8e6100000,0x000000e8e6200000) (1024K)]
  0x000002a9edde5720 JavaThread "C2 CompilerThread1"         daemon [_thread_in_native, id=18108, stack(0x000000e8e4500000,0x000000e8e4600000) (1024K)]
=>0x000002a9f4c08790 JavaThread "C2 CompilerThread2"         daemon [_thread_in_native, id=18044, stack(0x000000e8e4600000,0x000000e8e4700000) (1024K)]
Total: 50

Other Threads:
  0x000002a9d51da830 VMThread "VM Thread"                           [id=17416, stack(0x000000e8e2700000,0x000000e8e2800000) (1024K)]
  0x000002a9eb97ca00 WatcherThread "VM Periodic Task Thread"        [id=276, stack(0x000000e8e2600000,0x000000e8e2700000) (1024K)]
  0x000002a9d51d9270 WorkerThread "GC Thread#0"                     [id=9956, stack(0x000000e8e2500000,0x000000e8e2600000) (1024K)]
  0x000002a9d51da490 WorkerThread "GC Thread#1"                     [id=13552, stack(0x000000e8e3400000,0x000000e8e3500000) (1024K)]
  0x000002a9d51d8ed0 WorkerThread "GC Thread#2"                     [id=15772, stack(0x000000e8e3500000,0x000000e8e3600000) (1024K)]
  0x000002a9ed9d9ab0 WorkerThread "GC Thread#3"                     [id=2324, stack(0x000000e8e3600000,0x000000e8e3700000) (1024K)]
  0x000002a9ed9da590 WorkerThread "GC Thread#4"                     [id=18336, stack(0x000000e8e3700000,0x000000e8e3800000) (1024K)]
  0x000002a9ed9db410 WorkerThread "GC Thread#5"                     [id=3368, stack(0x000000e8e3800000,0x000000e8e3900000) (1024K)]
  0x000002a9ed9db7b0 WorkerThread "GC Thread#6"                     [id=16692, stack(0x000000e8e3900000,0x000000e8e3a00000) (1024K)]
  0x000002a9ed9dbb50 WorkerThread "GC Thread#7"                     [id=2916, stack(0x000000e8e3b00000,0x000000e8e3c00000) (1024K)]
Total: 10

Threads with active compile tasks:
C2 CompilerThread0  30242 9396 %     4       org.lombokweb.asm.SymbolTable::<init> @ 98 (536 bytes)
C2 CompilerThread1  30242 9166       4       java.lang.invoke.MethodType::makeImpl (109 bytes)
C2 CompilerThread2  30242 9165       4       java.lang.invoke.DirectMethodHandle::make (275 bytes)
Total: 3

VM state: not at safepoint (normal execution)

VM Mutex/Monitor currently owned by a thread: None

Heap address: 0x00000000c0000000, size: 1024 MB, Compressed Oops mode: 32-bit

CDS archive(s) mapped at: [0x000002a980000000-0x000002a980ba0000-0x000002a980ba0000), size 12189696, SharedBaseAddress: 0x000002a980000000, ArchiveRelocationMode: 1.
Compressed class space mapped at: 0x000002a981000000-0x000002a9c1000000, reserved size: 1073741824
Narrow klass base: 0x000002a980000000, Narrow klass shift: 0, Narrow klass range: 0x100000000

GC Precious Log:
 CardTable entry size: 512
 CPUs: 8 total, 8 available
 Memory: 15807M
 Large Page Support: Disabled
 NUMA Support: Disabled
 Compressed Oops: Enabled (32-bit)
 Alignments: Space 512K, Generation 512K, Heap 2M
 Heap Min Capacity: 100M
 Heap Initial Capacity: 100M
 Heap Max Capacity: 1G
 Pre-touch: Disabled
 Parallel Workers: 8

Heap:
 PSYoungGen      total 4096K, used 1963K [0x00000000eab00000, 0x00000000eb080000, 0x0000000100000000)
  eden space 3584K, 49% used [0x00000000eab00000,0x00000000eacbac28,0x00000000eae80000)
  from space 512K, 37% used [0x00000000eb000000,0x00000000eb030000,0x00000000eb080000)
  to   space 512K, 0% used [0x00000000eaf80000,0x00000000eaf80000,0x00000000eb000000)
 ParOldGen       total 416768K, used 183915K [0x00000000c0000000, 0x00000000d9700000, 0x00000000eab00000)
  object space 416768K, 44% used [0x00000000c0000000,0x00000000cb39ae68,0x00000000d9700000)
 Metaspace       used 60436K, committed 61824K, reserved 1114112K
  class space    used 6356K, committed 6976K, reserved 1048576K

Card table byte_map: [0x000002a9d6f60000,0x000002a9d7170000] _byte_map_base: 0x000002a9d6960000

Marking Bits: (ParMarkBitMap*) 0x00007ffbaef43260
 Begin Bits: [0x000002a9e98a0000, 0x000002a9ea8a0000)
 End Bits:   [0x000002a9ea8a0000, 0x000002a9eb8a0000)

Polling page: 0x000002a9d53e0000

Metaspace:

Usage:
  Non-class:     52.82 MB used.
      Class:      6.21 MB used.
       Both:     59.03 MB used.

Virtual space:
  Non-class space:       64.00 MB reserved,      53.56 MB ( 84%) committed,  1 nodes.
      Class space:        1.00 GB reserved,       6.81 MB ( <1%) committed,  1 nodes.
             Both:        1.06 GB reserved,      60.38 MB (  6%) committed. 

Chunk freelists:
   Non-Class:  9.50 MB
       Class:  9.06 MB
        Both:  18.56 MB

MaxMetaspaceSize: unlimited
CompressedClassSpaceSize: 1.00 GB
Initial GC threshold: 21.00 MB
Current GC threshold: 97.31 MB
CDS: on
 - commit_granule_bytes: 65536.
 - commit_granule_words: 8192.
 - virtual_space_node_default_size: 8388608.
 - enlarge_chunks_in_place: 1.
 - use_allocation_guard: 0.


Internal statistics:

num_allocs_failed_limit: 9.
num_arena_births: 1150.
num_arena_deaths: 16.
num_vsnodes_births: 2.
num_vsnodes_deaths: 0.
num_space_committed: 966.
num_space_uncommitted: 0.
num_chunks_returned_to_freelist: 25.
num_chunks_taken_from_freelist: 4093.
num_chunk_merges: 12.
num_chunk_splits: 2470.
num_chunks_enlarged: 1312.
num_inconsistent_stats: 0.

CodeHeap 'non-profiled nmethods': size=120000Kb used=6556Kb max_used=6556Kb free=113443Kb
 bounds [0x000002a9e2370000, 0x000002a9e29e0000, 0x000002a9e98a0000]
CodeHeap 'profiled nmethods': size=120000Kb used=17753Kb max_used=17753Kb free=102246Kb
 bounds [0x000002a9da8a0000, 0x000002a9dba30000, 0x000002a9e1dd0000]
CodeHeap 'non-nmethods': size=5760Kb used=1434Kb max_used=1510Kb free=4325Kb
 bounds [0x000002a9e1dd0000, 0x000002a9e2040000, 0x000002a9e2370000]
 total_blobs=9369 nmethods=8618 adapters=657
 compilation: enabled
              stopped_count=0, restarted_count=0
 full_count=0

Compilation events (20 events):
Event: 29.938 Thread 0x000002a9ed355820 9423       3       org.jetbrains.java.decompiler.main.DecompilerContext::getOption (10 bytes)
Event: 29.938 Thread 0x000002a9ed355820 nmethod 9423 0x000002a9dae37e10 code [0x000002a9dae38000, 0x000002a9dae384f8]
Event: 29.938 Thread 0x000002a9ed355820 9422       3       java.util.stream.Collectors$$Lambda/0x000002a98127e928::accept (14 bytes)
Event: 29.939 Thread 0x000002a9ed355820 nmethod 9422 0x000002a9dad16890 code [0x000002a9dad16a40, 0x000002a9dad16d10]
Event: 29.940 Thread 0x000002a9ed355820 9424       3       java.lang.invoke.DelegatingMethodHandle::rebind (8 bytes)
Event: 29.940 Thread 0x000002a9ed355820 nmethod 9424 0x000002a9dae37890 code [0x000002a9dae37a60, 0x000002a9dae37cf0]
Event: 29.941 Thread 0x000002a9ed355820 9425       3       org.jetbrains.java.decompiler.util.TextBuffer::append (11 bytes)
Event: 29.942 Thread 0x000002a9ed355820 nmethod 9425 0x000002a9dae37410 code [0x000002a9dae375c0, 0x000002a9dae37778]
Event: 29.944 Thread 0x000002a9ed355820 9426       3       java.lang.Integer::compareTo (12 bytes)
Event: 29.944 Thread 0x000002a9ed355820 nmethod 9426 0x000002a9dae36f10 code [0x000002a9dae370c0, 0x000002a9dae37310]
Event: 29.944 Thread 0x000002a9ed355820 9427       3       java.lang.Integer::compareTo (9 bytes)
Event: 29.944 Thread 0x000002a9ed355820 nmethod 9427 0x000002a9dae36890 code [0x000002a9dae36a60, 0x000002a9dae36e00]
Event: 29.944 Thread 0x000002a9ed355820 9428       1       java.util.TreeMap$Entry::getKey (5 bytes)
Event: 29.944 Thread 0x000002a9ed355820 nmethod 9428 0x000002a9e24a2810 code [0x000002a9e24a29a0, 0x000002a9e24a2a68]
Event: 29.945 Thread 0x000002a9ed355820 9429       1       java.util.TreeMap$Entry::getValue (5 bytes)
Event: 29.945 Thread 0x000002a9ed355820 nmethod 9429 0x000002a9e24a2510 code [0x000002a9e24a26a0, 0x000002a9e24a2768]
Event: 29.953 Thread 0x000002a9ed355820 9430  s    3       java.lang.StringBuffer::toString (34 bytes)
Event: 29.953 Thread 0x000002a9ed355820 nmethod 9430 0x000002a9dae36190 code [0x000002a9dae36360, 0x000002a9dae36738]
Event: 29.954 Thread 0x000002a9ed355820 9431       3       java.util.concurrent.atomic.AtomicLong::incrementAndGet (14 bytes)
Event: 29.955 Thread 0x000002a9ed355820 nmethod 9431 0x000002a9db1aa090 code [0x000002a9db1aa220, 0x000002a9db1aa348]

GC Heap History (20 events):
Event: 29.741 GC heap before
{Heap before GC invocations=313 (full 3):
 PSYoungGen      total 5120K, used 5100K [0x00000000eab00000, 0x00000000eb300000, 0x0000000100000000)
  eden space 4096K, 100% used [0x00000000eab00000,0x00000000eaf00000,0x00000000eaf00000)
  from space 1024K, 98% used [0x00000000eb000000,0x00000000eb0fb1e8,0x00000000eb100000)
  to   space 2048K, 0% used [0x00000000eb100000,0x00000000eb100000,0x00000000eb300000)
 ParOldGen       total 416768K, used 182503K [0x00000000c0000000, 0x00000000d9700000, 0x00000000eab00000)
  object space 416768K, 43% used [0x00000000c0000000,0x00000000cb239d80,0x00000000d9700000)
 Metaspace       used 59489K, committed 60928K, reserved 1114112K
  class space    used 6266K, committed 6912K, reserved 1048576K
}
Event: 29.744 GC heap after
{Heap after GC invocations=313 (full 3):
 PSYoungGen      total 5632K, used 1107K [0x00000000eab00000, 0x00000000eb280000, 0x0000000100000000)
  eden space 4096K, 0% used [0x00000000eab00000,0x00000000eab00000,0x00000000eaf00000)
  from space 1536K, 72% used [0x00000000eb100000,0x00000000eb214e10,0x00000000eb280000)
  to   space 1536K, 0% used [0x00000000eaf80000,0x00000000eaf80000,0x00000000eb100000)
 ParOldGen       total 416768K, used 183267K [0x00000000c0000000, 0x00000000d9700000, 0x00000000eab00000)
  object space 416768K, 43% used [0x00000000c0000000,0x00000000cb2f8e58,0x00000000d9700000)
 Metaspace       used 59489K, committed 60928K, reserved 1114112K
  class space    used 6266K, committed 6912K, reserved 1048576K
}
Event: 29.758 GC heap before
{Heap before GC invocations=314 (full 3):
 PSYoungGen      total 5632K, used 5203K [0x00000000eab00000, 0x00000000eb280000, 0x0000000100000000)
  eden space 4096K, 100% used [0x00000000eab00000,0x00000000eaf00000,0x00000000eaf00000)
  from space 1536K, 72% used [0x00000000eb100000,0x00000000eb214e10,0x00000000eb280000)
  to   space 1536K, 0% used [0x00000000eaf80000,0x00000000eaf80000,0x00000000eb100000)
 ParOldGen       total 416768K, used 183267K [0x00000000c0000000, 0x00000000d9700000, 0x00000000eab00000)
  object space 416768K, 43% used [0x00000000c0000000,0x00000000cb2f8e58,0x00000000d9700000)
 Metaspace       used 59521K, committed 60928K, reserved 1114112K
  class space    used 6268K, committed 6912K, reserved 1048576K
}
Event: 29.760 GC heap after
{Heap after GC invocations=314 (full 3):
 PSYoungGen      total 5120K, used 609K [0x00000000eab00000, 0x00000000eb180000, 0x0000000100000000)
  eden space 4096K, 0% used [0x00000000eab00000,0x00000000eab00000,0x00000000eaf00000)
  from space 1024K, 59% used [0x00000000eaf80000,0x00000000eb018678,0x00000000eb080000)
  to   space 1024K, 0% used [0x00000000eb080000,0x00000000eb080000,0x00000000eb180000)
 ParOldGen       total 416768K, used 183339K [0x00000000c0000000, 0x00000000d9700000, 0x00000000eab00000)
  object space 416768K, 43% used [0x00000000c0000000,0x00000000cb30ae58,0x00000000d9700000)
 Metaspace       used 59521K, committed 60928K, reserved 1114112K
  class space    used 6268K, committed 6912K, reserved 1048576K
}
Event: 29.775 GC heap before
{Heap before GC invocations=315 (full 3):
 PSYoungGen      total 5120K, used 4651K [0x00000000eab00000, 0x00000000eb180000, 0x0000000100000000)
  eden space 4096K, 98% used [0x00000000eab00000,0x00000000eaef2598,0x00000000eaf00000)
  from space 1024K, 59% used [0x00000000eaf80000,0x00000000eb018678,0x00000000eb080000)
  to   space 1024K, 0% used [0x00000000eb080000,0x00000000eb080000,0x00000000eb180000)
 ParOldGen       total 416768K, used 183339K [0x00000000c0000000, 0x00000000d9700000, 0x00000000eab00000)
  object space 416768K, 43% used [0x00000000c0000000,0x00000000cb30ae58,0x00000000d9700000)
 Metaspace       used 59535K, committed 60928K, reserved 1114112K
  class space    used 6271K, committed 6912K, reserved 1048576K
}
Event: 29.778 GC heap after
{Heap after GC invocations=315 (full 3):
 PSYoungGen      total 5120K, used 979K [0x00000000eab00000, 0x00000000eb200000, 0x0000000100000000)
  eden space 4096K, 0% used [0x00000000eab00000,0x00000000eab00000,0x00000000eaf00000)
  from space 1024K, 95% used [0x00000000eb080000,0x00000000eb174ef8,0x00000000eb180000)
  to   space 1536K, 0% used [0x00000000eaf00000,0x00000000eaf00000,0x00000000eb080000)
 ParOldGen       total 416768K, used 183419K [0x00000000c0000000, 0x00000000d9700000, 0x00000000eab00000)
  object space 416768K, 44% used [0x00000000c0000000,0x00000000cb31ee58,0x00000000d9700000)
 Metaspace       used 59535K, committed 60928K, reserved 1114112K
  class space    used 6271K, committed 6912K, reserved 1048576K
}
Event: 29.811 GC heap before
{Heap before GC invocations=316 (full 3):
 PSYoungGen      total 5120K, used 5075K [0x00000000eab00000, 0x00000000eb200000, 0x0000000100000000)
  eden space 4096K, 100% used [0x00000000eab00000,0x00000000eaf00000,0x00000000eaf00000)
  from space 1024K, 95% used [0x00000000eb080000,0x00000000eb174ef8,0x00000000eb180000)
  to   space 1536K, 0% used [0x00000000eaf00000,0x00000000eaf00000,0x00000000eb080000)
 ParOldGen       total 416768K, used 183419K [0x00000000c0000000, 0x00000000d9700000, 0x00000000eab00000)
  object space 416768K, 44% used [0x00000000c0000000,0x00000000cb31ee58,0x00000000d9700000)
 Metaspace       used 59580K, committed 60992K, reserved 1114112K
  class space    used 6276K, committed 6912K, reserved 1048576K
}
Event: 29.814 GC heap after
{Heap after GC invocations=316 (full 3):
 PSYoungGen      total 5120K, used 853K [0x00000000eab00000, 0x00000000eb100000, 0x0000000100000000)
  eden space 4096K, 0% used [0x00000000eab00000,0x00000000eab00000,0x00000000eaf00000)
  from space 1024K, 83% used [0x00000000eaf00000,0x00000000eafd5778,0x00000000eb000000)
  to   space 1024K, 0% used [0x00000000eb000000,0x00000000eb000000,0x00000000eb100000)
 ParOldGen       total 416768K, used 183499K [0x00000000c0000000, 0x00000000d9700000, 0x00000000eab00000)
  object space 416768K, 44% used [0x00000000c0000000,0x00000000cb332e58,0x00000000d9700000)
 Metaspace       used 59580K, committed 60992K, reserved 1114112K
  class space    used 6276K, committed 6912K, reserved 1048576K
}
Event: 29.842 GC heap before
{Heap before GC invocations=317 (full 3):
 PSYoungGen      total 5120K, used 4949K [0x00000000eab00000, 0x00000000eb100000, 0x0000000100000000)
  eden space 4096K, 100% used [0x00000000eab00000,0x00000000eaf00000,0x00000000eaf00000)
  from space 1024K, 83% used [0x00000000eaf00000,0x00000000eafd5778,0x00000000eb000000)
  to   space 1024K, 0% used [0x00000000eb000000,0x00000000eb000000,0x00000000eb100000)
 ParOldGen       total 416768K, used 183499K [0x00000000c0000000, 0x00000000d9700000, 0x00000000eab00000)
  object space 416768K, 44% used [0x00000000c0000000,0x00000000cb332e58,0x00000000d9700000)
 Metaspace       used 59610K, committed 60992K, reserved 1114112K
  class space    used 6276K, committed 6912K, reserved 1048576K
}
Event: 29.844 GC heap after
{Heap after GC invocations=317 (full 3):
 PSYoungGen      total 4608K, used 998K [0x00000000eab00000, 0x00000000eb200000, 0x0000000100000000)
  eden space 3584K, 0% used [0x00000000eab00000,0x00000000eab00000,0x00000000eae80000)
  from space 1024K, 97% used [0x00000000eb000000,0x00000000eb0f9aa8,0x00000000eb100000)
  to   space 1536K, 0% used [0x00000000eae80000,0x00000000eae80000,0x00000000eb000000)
 ParOldGen       total 416768K, used 183595K [0x00000000c0000000, 0x00000000d9700000, 0x00000000eab00000)
  object space 416768K, 44% used [0x00000000c0000000,0x00000000cb34ae58,0x00000000d9700000)
 Metaspace       used 59610K, committed 60992K, reserved 1114112K
  class space    used 6276K, committed 6912K, reserved 1048576K
}
Event: 29.868 GC heap before
{Heap before GC invocations=318 (full 3):
 PSYoungGen      total 4608K, used 4423K [0x00000000eab00000, 0x00000000eb200000, 0x0000000100000000)
  eden space 3584K, 95% used [0x00000000eab00000,0x00000000eae58408,0x00000000eae80000)
  from space 1024K, 97% used [0x00000000eb000000,0x00000000eb0f9aa8,0x00000000eb100000)
  to   space 1536K, 0% used [0x00000000eae80000,0x00000000eae80000,0x00000000eb000000)
 ParOldGen       total 416768K, used 183595K [0x00000000c0000000, 0x00000000d9700000, 0x00000000eab00000)
  object space 416768K, 44% used [0x00000000c0000000,0x00000000cb34ae58,0x00000000d9700000)
 Metaspace       used 59627K, committed 61120K, reserved 1114112K
  class space    used 6276K, committed 6912K, reserved 1048576K
}
Event: 29.870 GC heap after
{Heap after GC invocations=318 (full 3):
 PSYoungGen      total 5120K, used 1110K [0x00000000eab00000, 0x00000000eb180000, 0x0000000100000000)
  eden space 3584K, 0% used [0x00000000eab00000,0x00000000eab00000,0x00000000eae80000)
  from space 1536K, 72% used [0x00000000eae80000,0x00000000eaf95a80,0x00000000eb000000)
  to   space 1536K, 0% used [0x00000000eb000000,0x00000000eb000000,0x00000000eb180000)
 ParOldGen       total 416768K, used 183667K [0x00000000c0000000, 0x00000000d9700000, 0x00000000eab00000)
  object space 416768K, 44% used [0x00000000c0000000,0x00000000cb35ce58,0x00000000d9700000)
 Metaspace       used 59627K, committed 61120K, reserved 1114112K
  class space    used 6276K, committed 6912K, reserved 1048576K
}
Event: 29.886 GC heap before
{Heap before GC invocations=319 (full 3):
 PSYoungGen      total 5120K, used 4694K [0x00000000eab00000, 0x00000000eb180000, 0x0000000100000000)
  eden space 3584K, 100% used [0x00000000eab00000,0x00000000eae80000,0x00000000eae80000)
  from space 1536K, 72% used [0x00000000eae80000,0x00000000eaf95a80,0x00000000eb000000)
  to   space 1536K, 0% used [0x00000000eb000000,0x00000000eb000000,0x00000000eb180000)
 ParOldGen       total 416768K, used 183667K [0x00000000c0000000, 0x00000000d9700000, 0x00000000eab00000)
  object space 416768K, 44% used [0x00000000c0000000,0x00000000cb35ce58,0x00000000d9700000)
 Metaspace       used 59643K, committed 61120K, reserved 1114112K
  class space    used 6277K, committed 6912K, reserved 1048576K
}
Event: 29.888 GC heap after
{Heap after GC invocations=319 (full 3):
 PSYoungGen      total 5120K, used 997K [0x00000000eab00000, 0x00000000eb180000, 0x0000000100000000)
  eden space 3584K, 0% used [0x00000000eab00000,0x00000000eab00000,0x00000000eae80000)
  from space 1536K, 64% used [0x00000000eb000000,0x00000000eb0f9478,0x00000000eb180000)
  to   space 1536K, 0% used [0x00000000eae80000,0x00000000eae80000,0x00000000eb000000)
 ParOldGen       total 416768K, used 183691K [0x00000000c0000000, 0x00000000d9700000, 0x00000000eab00000)
  object space 416768K, 44% used [0x00000000c0000000,0x00000000cb362e58,0x00000000d9700000)
 Metaspace       used 59643K, committed 61120K, reserved 1114112K
  class space    used 6277K, committed 6912K, reserved 1048576K
}
Event: 29.900 GC heap before
{Heap before GC invocations=320 (full 3):
 PSYoungGen      total 5120K, used 4581K [0x00000000eab00000, 0x00000000eb180000, 0x0000000100000000)
  eden space 3584K, 100% used [0x00000000eab00000,0x00000000eae80000,0x00000000eae80000)
  from space 1536K, 64% used [0x00000000eb000000,0x00000000eb0f9478,0x00000000eb180000)
  to   space 1536K, 0% used [0x00000000eae80000,0x00000000eae80000,0x00000000eb000000)
 ParOldGen       total 416768K, used 183691K [0x00000000c0000000, 0x00000000d9700000, 0x00000000eab00000)
  object space 416768K, 44% used [0x00000000c0000000,0x00000000cb362e58,0x00000000d9700000)
 Metaspace       used 59758K, committed 61248K, reserved 1114112K
  class space    used 6282K, committed 6912K, reserved 1048576K
}
Event: 29.902 GC heap after
{Heap after GC invocations=320 (full 3):
 PSYoungGen      total 4608K, used 949K [0x00000000eab00000, 0x00000000eb080000, 0x0000000100000000)
  eden space 3584K, 0% used [0x00000000eab00000,0x00000000eab00000,0x00000000eae80000)
  from space 1024K, 92% used [0x00000000eae80000,0x00000000eaf6d4b0,0x00000000eaf80000)
  to   space 1024K, 0% used [0x00000000eaf80000,0x00000000eaf80000,0x00000000eb080000)
 ParOldGen       total 416768K, used 183723K [0x00000000c0000000, 0x00000000d9700000, 0x00000000eab00000)
  object space 416768K, 44% used [0x00000000c0000000,0x00000000cb36ae58,0x00000000d9700000)
 Metaspace       used 59758K, committed 61248K, reserved 1114112K
  class space    used 6282K, committed 6912K, reserved 1048576K
}
Event: 29.911 GC heap before
{Heap before GC invocations=321 (full 3):
 PSYoungGen      total 4608K, used 4533K [0x00000000eab00000, 0x00000000eb080000, 0x0000000100000000)
  eden space 3584K, 100% used [0x00000000eab00000,0x00000000eae80000,0x00000000eae80000)
  from space 1024K, 92% used [0x00000000eae80000,0x00000000eaf6d4b0,0x00000000eaf80000)
  to   space 1024K, 0% used [0x00000000eaf80000,0x00000000eaf80000,0x00000000eb080000)
 ParOldGen       total 416768K, used 183723K [0x00000000c0000000, 0x00000000d9700000, 0x00000000eab00000)
  object space 416768K, 44% used [0x00000000c0000000,0x00000000cb36ae58,0x00000000d9700000)
 Metaspace       used 59795K, committed 61248K, reserved 1114112K
  class space    used 6286K, committed 6912K, reserved 1048576K
}
Event: 29.913 GC heap after
{Heap after GC invocations=321 (full 3):
 PSYoungGen      total 4608K, used 741K [0x00000000eab00000, 0x00000000eb080000, 0x0000000100000000)
  eden space 3584K, 0% used [0x00000000eab00000,0x00000000eab00000,0x00000000eae80000)
  from space 1024K, 72% used [0x00000000eaf80000,0x00000000eb0394d8,0x00000000eb080000)
  to   space 1024K, 0% used [0x00000000eae80000,0x00000000eae80000,0x00000000eaf80000)
 ParOldGen       total 416768K, used 183787K [0x00000000c0000000, 0x00000000d9700000, 0x00000000eab00000)
  object space 416768K, 44% used [0x00000000c0000000,0x00000000cb37ae68,0x00000000d9700000)
 Metaspace       used 59795K, committed 61248K, reserved 1114112K
  class space    used 6286K, committed 6912K, reserved 1048576K
}
Event: 29.926 GC heap before
{Heap before GC invocations=322 (full 3):
 PSYoungGen      total 4608K, used 4325K [0x00000000eab00000, 0x00000000eb080000, 0x0000000100000000)
  eden space 3584K, 100% used [0x00000000eab00000,0x00000000eae80000,0x00000000eae80000)
  from space 1024K, 72% used [0x00000000eaf80000,0x00000000eb0394d8,0x00000000eb080000)
  to   space 1024K, 0% used [0x00000000eae80000,0x00000000eae80000,0x00000000eaf80000)
 ParOldGen       total 416768K, used 183787K [0x00000000c0000000, 0x00000000d9700000, 0x00000000eab00000)
  object space 416768K, 44% used [0x00000000c0000000,0x00000000cb37ae68,0x00000000d9700000)
 Metaspace       used 59843K, committed 61312K, reserved 1114112K
  class space    used 6294K, committed 6912K, reserved 1048576K
}
Event: 29.928 GC heap after
{Heap after GC invocations=322 (full 3):
 PSYoungGen      total 4608K, used 999K [0x00000000eab00000, 0x00000000eb180000, 0x0000000100000000)
  eden space 3584K, 0% used [0x00000000eab00000,0x00000000eab00000,0x00000000eae80000)
  from space 1024K, 97% used [0x00000000eae80000,0x00000000eaf79e68,0x00000000eaf80000)
  to   space 1536K, 0% used [0x00000000eb000000,0x00000000eb000000,0x00000000eb180000)
 ParOldGen       total 416768K, used 183843K [0x00000000c0000000, 0x00000000d9700000, 0x00000000eab00000)
  object space 416768K, 44% used [0x00000000c0000000,0x00000000cb388e68,0x00000000d9700000)
 Metaspace       used 59843K, committed 61312K, reserved 1114112K
  class space    used 6294K, committed 6912K, reserved 1048576K
}

Dll operation events (10 events):
Event: 0.125 Loaded shared library c:\Users\Johnly\.vscode\extensions\redhat.java-1.40.0-win32-x64\jre\21.0.6-win32-x86_64\bin\java.dll
Event: 0.784 Loaded shared library c:\Users\Johnly\.vscode\extensions\redhat.java-1.40.0-win32-x64\jre\21.0.6-win32-x86_64\bin\zip.dll
Event: 0.859 Loaded shared library C:\Users\Johnly\.vscode\extensions\redhat.java-1.40.0-win32-x64\jre\21.0.6-win32-x86_64\bin\instrument.dll
Event: 0.879 Loaded shared library C:\Users\Johnly\.vscode\extensions\redhat.java-1.40.0-win32-x64\jre\21.0.6-win32-x86_64\bin\net.dll
Event: 0.888 Loaded shared library C:\Users\Johnly\.vscode\extensions\redhat.java-1.40.0-win32-x64\jre\21.0.6-win32-x86_64\bin\nio.dll
Event: 0.899 Loaded shared library C:\Users\Johnly\.vscode\extensions\redhat.java-1.40.0-win32-x64\jre\21.0.6-win32-x86_64\bin\zip.dll
Event: 0.961 Loaded shared library C:\Users\Johnly\.vscode\extensions\redhat.java-1.40.0-win32-x64\jre\21.0.6-win32-x86_64\bin\jimage.dll
Event: 1.109 Loaded shared library c:\Users\Johnly\.vscode\extensions\redhat.java-1.40.0-win32-x64\jre\21.0.6-win32-x86_64\bin\verify.dll
Event: 3.309 Loaded shared library C:\Users\Johnly\AppData\Roaming\Code\User\globalStorage\redhat.java\1.40.0\config_win\org.eclipse.equinox.launcher\org.eclipse.equinox.launcher.win32.win32.x86_64_1.2.1200.v20250212-0927\eclipse_11909.dll
Event: 6.909 Loaded shared library C:\Users\Johnly\AppData\Local\Temp\jna--2070691848\jna4186500002202488817.dll

Deoptimization events (20 events):
Event: 29.760 Thread 0x000002a9f4221b30 DEOPT PACKING pc=0x000002a9e257ca08 sp=0x000000e8e5ffdfa0
Event: 29.760 Thread 0x000002a9f4221b30 DEOPT UNPACKING pc=0x000002a9e1e23aa2 sp=0x000000e8e5ffdea8 mode 2
Event: 29.760 Thread 0x000002a9f4221b30 Uncommon trap: trap_request=0xffffffde fr.pc=0x000002a9e257b57c relative=0x00000000000007bc
Event: 29.760 Thread 0x000002a9f4221b30 Uncommon trap: reason=class_check action=maybe_recompile pc=0x000002a9e257b57c method=java.util.HashMap.putVal(ILjava/lang/Object;Ljava/lang/Object;ZZ)Ljava/lang/Object; @ 203 c2
Event: 29.760 Thread 0x000002a9f4221b30 DEOPT PACKING pc=0x000002a9e257b57c sp=0x000000e8e5ffdf00
Event: 29.760 Thread 0x000002a9f4221b30 DEOPT UNPACKING pc=0x000002a9e1e23aa2 sp=0x000000e8e5ffdea0 mode 2
Event: 29.804 Thread 0x000002a9f4221b30 Uncommon trap: trap_request=0xffffff45 fr.pc=0x000002a9e27e38d8 relative=0x00000000000001f8
Event: 29.804 Thread 0x000002a9f4221b30 Uncommon trap: reason=unstable_if action=reinterpret pc=0x000002a9e27e38d8 method=java.util.HashMap.getNode(Ljava/lang/Object;)Ljava/util/HashMap$Node; @ 66 c2
Event: 29.804 Thread 0x000002a9f4221b30 DEOPT PACKING pc=0x000002a9e27e38d8 sp=0x000000e8e5ffdf30
Event: 29.804 Thread 0x000002a9f4221b30 DEOPT UNPACKING pc=0x000002a9e1e23aa2 sp=0x000000e8e5ffde30 mode 2
Event: 29.804 Thread 0x000002a9f4221b30 Uncommon trap: trap_request=0xffffff45 fr.pc=0x000002a9e24068a8 relative=0x0000000000000148
Event: 29.804 Thread 0x000002a9f4221b30 Uncommon trap: reason=unstable_if action=reinterpret pc=0x000002a9e24068a8 method=java.util.HashMap.getNode(Ljava/lang/Object;)Ljava/util/HashMap$Node; @ 66 c2
Event: 29.804 Thread 0x000002a9f4221b30 DEOPT PACKING pc=0x000002a9e24068a8 sp=0x000000e8e5ffdeb0
Event: 29.804 Thread 0x000002a9f4221b30 DEOPT UNPACKING pc=0x000002a9e1e23aa2 sp=0x000000e8e5ffde30 mode 2
Event: 29.823 Thread 0x000002a9f4221b30 Uncommon trap: trap_request=0xffffffde fr.pc=0x000002a9e2887884 relative=0x0000000000000ca4
Event: 29.823 Thread 0x000002a9f4221b30 Uncommon trap: reason=class_check action=maybe_recompile pc=0x000002a9e2887884 method=java.util.HashMap.putVal(ILjava/lang/Object;Ljava/lang/Object;ZZ)Ljava/lang/Object; @ 91 c2
Event: 29.823 Thread 0x000002a9f4221b30 DEOPT PACKING pc=0x000002a9e2887884 sp=0x000000e8e5ffe100
Event: 29.823 Thread 0x000002a9f4221b30 DEOPT UNPACKING pc=0x000002a9e1e23aa2 sp=0x000000e8e5ffdf98 mode 2
Event: 29.935 Thread 0x000002a9f3d39930 DEOPT PACKING pc=0x000002a9db101bb3 sp=0x000000e8e57f9b50
Event: 29.935 Thread 0x000002a9f3d39930 DEOPT UNPACKING pc=0x000002a9e1e24242 sp=0x000000e8e57f9080 mode 0

Classes loaded (20 events):
Event: 29.645 Loading class java/util/stream/DistinctOps$1
Event: 29.645 Loading class java/util/stream/DistinctOps$1 done
Event: 29.686 Loading class java/util/stream/DistinctOps$1$2
Event: 29.686 Loading class java/util/stream/DistinctOps$1$2 done
Event: 29.937 Loading class java/util/HashMap$EntrySpliterator
Event: 29.937 Loading class java/util/HashMap$EntrySpliterator done
Event: 29.945 Loading class java/util/stream/ReferencePipeline$4
Event: 29.946 Loading class java/util/stream/IntPipeline$StatelessOp
Event: 29.947 Loading class java/util/stream/IntPipeline$StatelessOp done
Event: 29.948 Loading class java/util/stream/ReferencePipeline$4 done
Event: 29.950 Loading class java/util/stream/Nodes$IntFixedNodeBuilder
Event: 29.950 Loading class java/util/stream/Node$Builder$OfInt
Event: 29.951 Loading class java/util/stream/Sink$OfInt
Event: 29.951 Loading class java/util/stream/Sink$OfInt done
Event: 29.951 Loading class java/util/stream/Node$Builder$OfInt done
Event: 29.951 Loading class java/util/stream/Nodes$IntArrayNode
Event: 29.951 Loading class java/util/stream/Nodes$IntArrayNode done
Event: 29.951 Loading class java/util/stream/Nodes$IntFixedNodeBuilder done
Event: 29.951 Loading class java/util/stream/ReferencePipeline$4$1
Event: 29.951 Loading class java/util/stream/ReferencePipeline$4$1 done

Classes unloaded (8 events):
Event: 8.476 Thread 0x000002a9d51da830 Unloading class 0x000002a981194400 'java/lang/invoke/LambdaForm$MH+0x000002a981194400'
Event: 8.476 Thread 0x000002a9d51da830 Unloading class 0x000002a981194000 'java/lang/invoke/LambdaForm$MH+0x000002a981194000'
Event: 8.476 Thread 0x000002a9d51da830 Unloading class 0x000002a981193c00 'java/lang/invoke/LambdaForm$MH+0x000002a981193c00'
Event: 8.477 Thread 0x000002a9d51da830 Unloading class 0x000002a981193800 'java/lang/invoke/LambdaForm$MH+0x000002a981193800'
Event: 8.477 Thread 0x000002a9d51da830 Unloading class 0x000002a981193400 'java/lang/invoke/LambdaForm$BMH+0x000002a981193400'
Event: 8.477 Thread 0x000002a9d51da830 Unloading class 0x000002a981193000 'java/lang/invoke/LambdaForm$DMH+0x000002a981193000'
Event: 8.477 Thread 0x000002a9d51da830 Unloading class 0x000002a981191c00 'java/lang/invoke/LambdaForm$DMH+0x000002a981191c00'
Event: 29.354 Thread 0x000002a9d51da830 Unloading class 0x000002a981604400 'java/lang/invoke/LambdaForm$DMH+0x000002a981604400'

Classes redefined (0 events):
No events

Internal exceptions (20 events):
Event: 19.333 Thread 0x000002a9f29b6100 Exception <a 'sun/nio/fs/WindowsException'{0x00000000eae65ab8}> (0x00000000eae65ab8) 
thrown [s\src\hotspot\share\prims\jni.cpp, line 520]
Event: 19.334 Thread 0x000002a9f29b6100 Exception <a 'sun/nio/fs/WindowsException'{0x00000000eae6aac8}> (0x00000000eae6aac8) 
thrown [s\src\hotspot\share\prims\jni.cpp, line 520]
Event: 19.337 Thread 0x000002a9f29b6100 Exception <a 'sun/nio/fs/WindowsException'{0x00000000eaeba260}> (0x00000000eaeba260) 
thrown [s\src\hotspot\share\prims\jni.cpp, line 520]
Event: 19.338 Thread 0x000002a9f29b6100 Exception <a 'sun/nio/fs/WindowsException'{0x00000000eaebefd8}> (0x00000000eaebefd8) 
thrown [s\src\hotspot\share\prims\jni.cpp, line 520]
Event: 19.339 Thread 0x000002a9f29b6100 Exception <a 'sun/nio/fs/WindowsException'{0x00000000eaee83e8}> (0x00000000eaee83e8) 
thrown [s\src\hotspot\share\prims\jni.cpp, line 520]
Event: 19.340 Thread 0x000002a9f29b6100 Exception <a 'sun/nio/fs/WindowsException'{0x00000000eaf396b0}> (0x00000000eaf396b0) 
thrown [s\src\hotspot\share\prims\jni.cpp, line 520]
Event: 19.342 Thread 0x000002a9f29b6100 Exception <a 'sun/nio/fs/WindowsException'{0x00000000eaf625e8}> (0x00000000eaf625e8) 
thrown [s\src\hotspot\share\prims\jni.cpp, line 520]
Event: 19.343 Thread 0x000002a9f29b6100 Exception <a 'sun/nio/fs/WindowsException'{0x00000000eaf677c0}> (0x00000000eaf677c0) 
thrown [s\src\hotspot\share\prims\jni.cpp, line 520]
Event: 19.344 Thread 0x000002a9f29b6100 Exception <a 'sun/nio/fs/WindowsException'{0x00000000eaf94cb0}> (0x00000000eaf94cb0) 
thrown [s\src\hotspot\share\prims\jni.cpp, line 520]
Event: 19.345 Thread 0x000002a9f29b6100 Exception <a 'sun/nio/fs/WindowsException'{0x00000000eafbf9f8}> (0x00000000eafbf9f8) 
thrown [s\src\hotspot\share\prims\jni.cpp, line 520]
Event: 19.392 Thread 0x000002a9f3d39930 Exception <a 'java/lang/IncompatibleClassChangeError'{0x00000000eb2954d8}: Found class java.lang.Object, but interface was expected> (0x00000000eb2954d8) 
thrown [s\src\hotspot\share\interpreter\linkResolver.cpp, line 840]
Event: 19.754 Thread 0x000002a9f29b81d0 Implicit null exception at 0x000002a9e287106c to 0x000002a9e28769cc
Event: 28.354 Thread 0x000002a9f29b81d0 Exception <a 'sun/nio/fs/WindowsException'{0x00000000eab86928}> (0x00000000eab86928) 
thrown [s\src\hotspot\share\prims\jni.cpp, line 520]
Event: 28.473 Thread 0x000002a9f29b81d0 Exception <a 'sun/nio/fs/WindowsException'{0x00000000eab4c2d0}> (0x00000000eab4c2d0) 
thrown [s\src\hotspot\share\prims\jni.cpp, line 520]
Event: 28.676 Thread 0x000002a9f29b81d0 Exception <a 'sun/nio/fs/WindowsException'{0x00000000eab4ec88}> (0x00000000eab4ec88) 
thrown [s\src\hotspot\share\prims\jni.cpp, line 520]
Event: 29.170 Thread 0x000002a9f4221b30 Implicit null exception at 0x000002a9e2524d02 to 0x000002a9e2524dfc
Event: 29.570 Thread 0x000002a9f3d39930 Exception <a 'java/lang/NoSuchMethodError'{0x00000000eacdff08}: 'int java.lang.invoke.Invokers$Holder.invokeExact_MT(java.lang.Object, java.lang.Object)'> (0x00000000eacdff08) 
thrown [s\src\hotspot\share\interpreter\linkResolver.cpp, line 773]
Event: 29.663 Thread 0x000002a9f3d39930 Exception <a 'java/lang/LinkageError'{0x00000000eabfd370}: loader lombok.launch.ShadowClassLoader @4d979660 attempted duplicate class definition for lombok.launch.PatchFixesHider$ValPortal. (lombok.launch.PatchFixesHider$ValPortal is in unnamed module of loader lombok.launch.ShadowClassLoader @4d979660, parent loader org.eclipse.osgi.internal.loader.EquinoxClassLoader @46f34a51)> (0x00000000eabfd370) 
thrown [s\src\hotspot\share\classfile\systemDictionary.cpp, line 1682]
Event: 29.673 Thread 0x000002a9f42221c0 Exception <a 'java/lang/LinkageError'{0x00000000eac5e2f8}: loader lombok.launch.ShadowClassLoader @4d979660 attempted duplicate class definition for lombok.launch.PatchFixesHider$ValPortal. (lombok.launch.PatchFixesHider$ValPortal is in unnamed module of loader lombok.launch.ShadowClassLoader @4d979660, parent loader org.eclipse.osgi.internal.loader.EquinoxClassLoader @46f34a51)> (0x00000000eac5e2f8) 
thrown [s\src\hotspot\share\classfile\systemDictionary.cpp, line 1682]
Event: 29.719 Thread 0x000002a9f4221b30 Exception <a 'java/lang/NoSuchMethodError'{0x00000000eae63580}: 'int java.lang.invoke.DirectMethodHandle$Holder.invokeSpecial(java.lang.Object, java.lang.Object, java.lang.Object, java.lang.Object, java.lang.Object)'> (0x00000000eae63580) 
thrown [s\src\hotspot\share\interpreter\linkResolver.cpp, line 773]

ZGC Phase Switch (0 events):
No events

VM Operations (20 events):
Event: 29.741 Executing VM operation: ParallelGCFailedAllocation (Allocation Failure)
Event: 29.744 Executing VM operation: ParallelGCFailedAllocation (Allocation Failure) done
Event: 29.758 Executing VM operation: ParallelGCFailedAllocation (Allocation Failure)
Event: 29.760 Executing VM operation: ParallelGCFailedAllocation (Allocation Failure) done
Event: 29.775 Executing VM operation: ParallelGCFailedAllocation (Allocation Failure)
Event: 29.778 Executing VM operation: ParallelGCFailedAllocation (Allocation Failure) done
Event: 29.811 Executing VM operation: ParallelGCFailedAllocation (Allocation Failure)
Event: 29.814 Executing VM operation: ParallelGCFailedAllocation (Allocation Failure) done
Event: 29.842 Executing VM operation: ParallelGCFailedAllocation (Allocation Failure)
Event: 29.844 Executing VM operation: ParallelGCFailedAllocation (Allocation Failure) done
Event: 29.868 Executing VM operation: ParallelGCFailedAllocation (Allocation Failure)
Event: 29.870 Executing VM operation: ParallelGCFailedAllocation (Allocation Failure) done
Event: 29.886 Executing VM operation: ParallelGCFailedAllocation (Allocation Failure)
Event: 29.888 Executing VM operation: ParallelGCFailedAllocation (Allocation Failure) done
Event: 29.900 Executing VM operation: ParallelGCFailedAllocation (Allocation Failure)
Event: 29.902 Executing VM operation: ParallelGCFailedAllocation (Allocation Failure) done
Event: 29.911 Executing VM operation: ParallelGCFailedAllocation (Allocation Failure)
Event: 29.913 Executing VM operation: ParallelGCFailedAllocation (Allocation Failure) done
Event: 29.926 Executing VM operation: ParallelGCFailedAllocation (Allocation Failure)
Event: 29.928 Executing VM operation: ParallelGCFailedAllocation (Allocation Failure) done

Memory protections (0 events):
No events

Nmethod flushes (20 events):
Event: 29.386 Thread 0x000002a9d51da830 flushing  nmethod 0x000002a9db1be790
Event: 29.386 Thread 0x000002a9d51da830 flushing  nmethod 0x000002a9db1d5610
Event: 29.386 Thread 0x000002a9d51da830 flushing  nmethod 0x000002a9db1d6190
Event: 29.386 Thread 0x000002a9d51da830 flushing  nmethod 0x000002a9db1d7090
Event: 29.386 Thread 0x000002a9d51da830 flushing  nmethod 0x000002a9db1d9f90
Event: 29.386 Thread 0x000002a9d51da830 flushing  nmethod 0x000002a9db1da390
Event: 29.386 Thread 0x000002a9d51da830 flushing  nmethod 0x000002a9db1da890
Event: 29.386 Thread 0x000002a9d51da830 flushing  nmethod 0x000002a9db1dad10
Event: 29.386 Thread 0x000002a9d51da830 flushing  nmethod 0x000002a9db1e1c90
Event: 29.386 Thread 0x000002a9d51da830 flushing  nmethod 0x000002a9db1e2a90
Event: 29.386 Thread 0x000002a9d51da830 flushing  nmethod 0x000002a9db1e3090
Event: 29.386 Thread 0x000002a9d51da830 flushing  nmethod 0x000002a9db1e4e90
Event: 29.386 Thread 0x000002a9d51da830 flushing  nmethod 0x000002a9db1e5490
Event: 29.386 Thread 0x000002a9d51da830 flushing  nmethod 0x000002a9db1e5890
Event: 29.386 Thread 0x000002a9d51da830 flushing  nmethod 0x000002a9db1e6e10
Event: 29.386 Thread 0x000002a9d51da830 flushing  nmethod 0x000002a9db1e9b90
Event: 29.386 Thread 0x000002a9d51da830 flushing  nmethod 0x000002a9db1eab90
Event: 29.386 Thread 0x000002a9d51da830 flushing  nmethod 0x000002a9db1eaf90
Event: 29.386 Thread 0x000002a9d51da830 flushing  nmethod 0x000002a9db1f1e90
Event: 29.386 Thread 0x000002a9d51da830 flushing osr nmethod 0x000002a9db21a010

Events (20 events):
Event: 19.538 Thread 0x000002a9f29b6100 Thread added: 0x000002a9f4224920
Event: 23.937 Thread 0x000002a9f4105620 Thread exited: 0x000002a9f4105620
Event: 24.142 Thread 0x000002a9f3ef3cc0 Thread exited: 0x000002a9f3ef3cc0
Event: 24.912 Thread 0x000002a9ed355820 Thread added: 0x000002a9f3ef3cc0
Event: 24.912 Thread 0x000002a9ed355820 Thread added: 0x000002a9edde5720
Event: 25.290 Thread 0x000002a9edde5720 Thread exited: 0x000002a9edde5720
Event: 25.541 Thread 0x000002a9f3ef3cc0 Thread exited: 0x000002a9f3ef3cc0
Event: 25.793 Thread 0x000002a9ed355820 Thread added: 0x000002a9edde5720
Event: 26.207 Thread 0x000002a9edde5720 Thread exited: 0x000002a9edde5720
Event: 27.732 Thread 0x000002a9eba69e10 Thread added: 0x000002a9edde5720
Event: 28.008 Thread 0x000002a9edde5720 Thread exited: 0x000002a9edde5720
Event: 28.441 Thread 0x000002a9ed355820 Thread added: 0x000002a9edde5720
Event: 28.583 Thread 0x000002a9eba69e10 Thread added: 0x000002a9f28a2f70
Event: 29.052 Thread 0x000002a9f3d39930 Thread added: 0x000002a9f4221b30
Event: 29.054 Thread 0x000002a9f3d39930 Thread added: 0x000002a9f42221c0
Event: 29.055 Thread 0x000002a9f3d39930 Thread added: 0x000002a9f4224fb0
Event: 29.059 Thread 0x000002a9f28a2f70 Thread exited: 0x000002a9f28a2f70
Event: 29.059 Thread 0x000002a9edde5720 Thread exited: 0x000002a9edde5720
Event: 29.135 Thread 0x000002a9ed355820 Thread added: 0x000002a9edde5720
Event: 29.175 Thread 0x000002a9ed355820 Thread added: 0x000002a9f4c08790


Dynamic libraries:
0x00007ff6c9430000 - 0x00007ff6c943e000 	c:\Users\Johnly\.vscode\extensions\redhat.java-1.40.0-win32-x64\jre\21.0.6-win32-x86_64\bin\java.exe
0x00007ffc02780000 - 0x00007ffc029e3000 	C:\WINDOWS\SYSTEM32\ntdll.dll
0x00007ffc01fe0000 - 0x00007ffc020a7000 	C:\WINDOWS\System32\KERNEL32.DLL
0x00007ffbffc30000 - 0x00007ffbffff9000 	C:\WINDOWS\System32\KERNELBASE.dll
0x00007ffbff980000 - 0x00007ffbffacc000 	C:\WINDOWS\System32\ucrtbase.dll
0x00007ffbe8830000 - 0x00007ffbe8848000 	c:\Users\Johnly\.vscode\extensions\redhat.java-1.40.0-win32-x64\jre\21.0.6-win32-x86_64\bin\jli.dll
0x00007ffc00db0000 - 0x00007ffc00f7a000 	C:\WINDOWS\System32\USER32.dll
0x00007ffc00000000 - 0x00007ffc00027000 	C:\WINDOWS\System32\win32u.dll
0x00007ffc01f00000 - 0x00007ffc01f2a000 	C:\WINDOWS\System32\GDI32.dll
0x00007ffc00170000 - 0x00007ffc002a1000 	C:\WINDOWS\System32\gdi32full.dll
0x00007ffc000c0000 - 0x00007ffc00163000 	C:\WINDOWS\System32\msvcp_win.dll
0x00007ffbe8620000 - 0x00007ffbe863e000 	c:\Users\Johnly\.vscode\extensions\redhat.java-1.40.0-win32-x64\jre\21.0.6-win32-x86_64\bin\VCRUNTIME140.dll
0x00007ffbe7f30000 - 0x00007ffbe81c0000 	C:\WINDOWS\WinSxS\amd64_microsoft.windows.common-controls_6595b64144ccf1df_6.0.26100.3323_none_3e088096e3344490\COMCTL32.dll
0x00007ffc01200000 - 0x00007ffc012a9000 	C:\WINDOWS\System32\msvcrt.dll
0x00007ffc01100000 - 0x00007ffc0112f000 	C:\WINDOWS\System32\IMM32.DLL
0x00007ffbea3c0000 - 0x00007ffbea3cc000 	c:\Users\Johnly\.vscode\extensions\redhat.java-1.40.0-win32-x64\jre\21.0.6-win32-x86_64\bin\vcruntime140_1.dll
0x00007ffbdd170000 - 0x00007ffbdd1fd000 	c:\Users\Johnly\.vscode\extensions\redhat.java-1.40.0-win32-x64\jre\21.0.6-win32-x86_64\bin\msvcp140.dll
0x00007ffbae290000 - 0x00007ffbaf020000 	c:\Users\Johnly\.vscode\extensions\redhat.java-1.40.0-win32-x64\jre\21.0.6-win32-x86_64\bin\server\jvm.dll
0x00007ffc01140000 - 0x00007ffc011f2000 	C:\WINDOWS\System32\ADVAPI32.dll
0x00007ffc00ce0000 - 0x00007ffc00d86000 	C:\WINDOWS\System32\sechost.dll
0x00007ffc025c0000 - 0x00007ffc026d6000 	C:\WINDOWS\System32\RPCRT4.dll
0x00007ffc01080000 - 0x00007ffc010f4000 	C:\WINDOWS\System32\WS2_32.dll
0x00007ffbff810000 - 0x00007ffbff85e000 	C:\WINDOWS\SYSTEM32\POWRPROF.dll
0x00007ffbf6950000 - 0x00007ffbf6986000 	C:\WINDOWS\SYSTEM32\WINMM.dll
0x00007ffbf7aa0000 - 0x00007ffbf7aab000 	C:\WINDOWS\SYSTEM32\VERSION.dll
0x00007ffbff7f0000 - 0x00007ffbff804000 	C:\WINDOWS\SYSTEM32\UMPDC.dll
0x00007ffbfe7a0000 - 0x00007ffbfe7ba000 	C:\WINDOWS\SYSTEM32\kernel.appcore.dll
0x00007ffbe8820000 - 0x00007ffbe882a000 	c:\Users\Johnly\.vscode\extensions\redhat.java-1.40.0-win32-x64\jre\21.0.6-win32-x86_64\bin\jimage.dll
0x00007ffbf2230000 - 0x00007ffbf2471000 	C:\WINDOWS\SYSTEM32\DBGHELP.DLL
0x00007ffc00630000 - 0x00007ffc009b2000 	C:\WINDOWS\System32\combase.dll
0x00007ffc00a20000 - 0x00007ffc00af6000 	C:\WINDOWS\System32\OLEAUT32.dll
0x00007ffbe68a0000 - 0x00007ffbe68d9000 	C:\WINDOWS\SYSTEM32\dbgcore.DLL
0x00007ffbffb90000 - 0x00007ffbffc29000 	C:\WINDOWS\System32\bcryptPrimitives.dll
0x00007ffbe7c30000 - 0x00007ffbe7c3f000 	c:\Users\Johnly\.vscode\extensions\redhat.java-1.40.0-win32-x64\jre\21.0.6-win32-x86_64\bin\instrument.dll
0x00007ffbe0930000 - 0x00007ffbe094f000 	c:\Users\Johnly\.vscode\extensions\redhat.java-1.40.0-win32-x64\jre\21.0.6-win32-x86_64\bin\java.dll
0x00007ffc01450000 - 0x00007ffc01b65000 	C:\WINDOWS\System32\SHELL32.dll
0x00007ffc00430000 - 0x00007ffc00598000 	C:\WINDOWS\System32\wintypes.dll
0x00007ffbfd6a0000 - 0x00007ffbfdee5000 	C:\WINDOWS\SYSTEM32\windows.storage.dll
0x00007ffc01e10000 - 0x00007ffc01efb000 	C:\WINDOWS\System32\SHCORE.dll
0x00007ffc009c0000 - 0x00007ffc00a1d000 	C:\WINDOWS\System32\shlwapi.dll
0x00007ffbff890000 - 0x00007ffbff8bf000 	C:\WINDOWS\SYSTEM32\profapi.dll
0x00007ffbe03b0000 - 0x00007ffbe03c8000 	c:\Users\Johnly\.vscode\extensions\redhat.java-1.40.0-win32-x64\jre\21.0.6-win32-x86_64\bin\zip.dll
0x00007ffbe8610000 - 0x00007ffbe8620000 	C:\Users\Johnly\.vscode\extensions\redhat.java-1.40.0-win32-x64\jre\21.0.6-win32-x86_64\bin\net.dll
0x00007ffbf7d60000 - 0x00007ffbf7e7e000 	C:\WINDOWS\SYSTEM32\WINHTTP.dll
0x00007ffbfecc0000 - 0x00007ffbfed2a000 	C:\WINDOWS\system32\mswsock.dll
0x00007ffbe0200000 - 0x00007ffbe0216000 	C:\Users\Johnly\.vscode\extensions\redhat.java-1.40.0-win32-x64\jre\21.0.6-win32-x86_64\bin\nio.dll
0x00007ffbe5020000 - 0x00007ffbe5030000 	c:\Users\Johnly\.vscode\extensions\redhat.java-1.40.0-win32-x64\jre\21.0.6-win32-x86_64\bin\verify.dll
0x00007ffbdce30000 - 0x00007ffbdce75000 	C:\Users\Johnly\AppData\Roaming\Code\User\globalStorage\redhat.java\1.40.0\config_win\org.eclipse.equinox.launcher\org.eclipse.equinox.launcher.win32.win32.x86_64_1.2.1200.v20250212-0927\eclipse_11909.dll
0x00007ffc012b0000 - 0x00007ffc01445000 	C:\WINDOWS\System32\ole32.dll
0x00007ffbfef60000 - 0x00007ffbfef7c000 	C:\WINDOWS\SYSTEM32\CRYPTSP.dll
0x00007ffbfe700000 - 0x00007ffbfe73a000 	C:\WINDOWS\system32\rsaenh.dll
0x00007ffbfed60000 - 0x00007ffbfed8b000 	C:\WINDOWS\SYSTEM32\USERENV.dll
0x00007ffbff1a0000 - 0x00007ffbff1c6000 	C:\WINDOWS\SYSTEM32\bcrypt.dll
0x00007ffbfef80000 - 0x00007ffbfef8c000 	C:\WINDOWS\SYSTEM32\CRYPTBASE.dll
0x00007ffbfe230000 - 0x00007ffbfe263000 	C:\WINDOWS\SYSTEM32\IPHLPAPI.DLL
0x00007ffc026e0000 - 0x00007ffc026ea000 	C:\WINDOWS\System32\NSI.dll
0x00007ffbdd380000 - 0x00007ffbdd3c9000 	C:\Users\Johnly\AppData\Local\Temp\jna--2070691848\jna4186500002202488817.dll
0x00007ffc00fe0000 - 0x00007ffc00fe8000 	C:\WINDOWS\System32\PSAPI.DLL
0x00007ffbf7d30000 - 0x00007ffbf7d4f000 	C:\WINDOWS\SYSTEM32\dhcpcsvc6.DLL
0x00007ffbf7d00000 - 0x00007ffbf7d25000 	C:\WINDOWS\SYSTEM32\dhcpcsvc.DLL

dbghelp: loaded successfully - version: 4.0.5 - missing functions: none
symbol engine: initialized successfully - sym options: 0x614 - pdb path: .;c:\Users\Johnly\.vscode\extensions\redhat.java-1.40.0-win32-x64\jre\21.0.6-win32-x86_64\bin;C:\WINDOWS\SYSTEM32;C:\WINDOWS\WinSxS\amd64_microsoft.windows.common-controls_6595b64144ccf1df_6.0.26100.3323_none_3e088096e3344490;c:\Users\Johnly\.vscode\extensions\redhat.java-1.40.0-win32-x64\jre\21.0.6-win32-x86_64\bin\server;C:\Users\Johnly\AppData\Roaming\Code\User\globalStorage\redhat.java\1.40.0\config_win\org.eclipse.equinox.launcher\org.eclipse.equinox.launcher.win32.win32.x86_64_1.2.1200.v20250212-0927;C:\Users\Johnly\AppData\Local\Temp\jna--2070691848

VM Arguments:
jvm_args: --add-modules=ALL-SYSTEM --add-opens=java.base/java.util=ALL-UNNAMED --add-opens=java.base/java.lang=ALL-UNNAMED --add-opens=java.base/sun.nio.fs=ALL-UNNAMED -Declipse.application=org.eclipse.jdt.ls.core.id1 -Dosgi.bundles.defaultStartLevel=4 -Declipse.product=org.eclipse.jdt.ls.core.product -Djava.import.generatesMetadataFilesAtProjectRoot=false -DDetectVMInstallationsJob.disabled=true -Dfile.encoding=utf8 -XX:+UseParallelGC -XX:GCTimeRatio=4 -XX:AdaptiveSizePolicyWeight=90 -Dsun.zip.disableMemoryMapping=true -Xmx1G -Xms100m -Xlog:disable -javaagent:c:\Users\Johnly\.vscode\extensions\redhat.java-1.40.0-win32-x64\lombok\lombok-1.18.36.jar -XX:+HeapDumpOnOutOfMemoryError -XX:HeapDumpPath=c:\Users\Johnly\AppData\Roaming\Code\User\workspaceStorage\6a2e6c06b4e0a7fda055d80ffa069b3f\redhat.java -Daether.dependencyCollector.impl=bf 
java_command: c:\Users\Johnly\.vscode\extensions\redhat.java-1.40.0-win32-x64\server\plugins\org.eclipse.equinox.launcher_1.6.1000.v20250131-0606.jar -configuration c:\Users\Johnly\AppData\Roaming\Code\User\globalStorage\redhat.java\1.40.0\config_win -data c:\Users\Johnly\AppData\Roaming\Code\User\workspaceStorage\6a2e6c06b4e0a7fda055d80ffa069b3f\redhat.java\jdt_ws --pipe=\\.\pipe\lsp-5e553145d1f94749c861623bb1210c93-sock
java_class_path (initial): c:\Users\Johnly\.vscode\extensions\redhat.java-1.40.0-win32-x64\server\plugins\org.eclipse.equinox.launcher_1.6.1000.v20250131-0606.jar
Launcher Type: SUN_STANDARD

[Global flags]
    uintx AdaptiveSizePolicyWeight                 = 90                                        {product} {command line}
     intx CICompilerCount                          = 4                                         {product} {ergonomic}
    uintx GCTimeRatio                              = 4                                         {product} {command line}
     bool HeapDumpOnOutOfMemoryError               = true                                   {manageable} {command line}
    ccstr HeapDumpPath                             = c:\Users\Johnly\AppData\Roaming\Code\User\workspaceStorage\6a2e6c06b4e0a7fda055d80ffa069b3f\redhat.java         {manageable} {command line}
   size_t InitialHeapSize                          = 104857600                                 {product} {command line}
   size_t MaxHeapSize                              = 1073741824                                {product} {command line}
   size_t MaxNewSize                               = 357564416                                 {product} {ergonomic}
   size_t MinHeapDeltaBytes                        = 524288                                    {product} {ergonomic}
   size_t MinHeapSize                              = 104857600                                 {product} {command line}
   size_t NewSize                                  = 34603008                                  {product} {ergonomic}
    uintx NonNMethodCodeHeapSize                   = 5839372                                {pd product} {ergonomic}
    uintx NonProfiledCodeHeapSize                  = 122909434                              {pd product} {ergonomic}
   size_t OldSize                                  = 70254592                                  {product} {ergonomic}
    uintx ProfiledCodeHeapSize                     = 122909434                              {pd product} {ergonomic}
    uintx ReservedCodeCacheSize                    = 251658240                              {pd product} {ergonomic}
     bool SegmentedCodeCache                       = true                                      {product} {ergonomic}
   size_t SoftMaxHeapSize                          = 1073741824                             {manageable} {ergonomic}
     bool UseCompressedOops                        = true                           {product lp64_product} {ergonomic}
     bool UseLargePagesIndividualAllocation        = false                                  {pd product} {ergonomic}
     bool UseParallelGC                            = true                                      {product} {command line}

Logging:
Log output configuration:
 #0: stdout all=off uptime,level,tags foldmultilines=false
 #1: stderr all=off uptime,level,tags foldmultilines=false

Environment Variables:
JAVA_HOME=C:\Program Files\Java\jdk-21\
PATH=C:\Program Files\Common Files\Oracle\Java\javapath;C:\Windows\system32;C:\Windows;C:\Windows\System32\Wbem;C:\Windows\System32\WindowsPowerShell\v1.0\;C:\Windows\System32\OpenSSH\;C:\Program Files (x86)\NVIDIA Corporation\PhysX\Common;C:\Program Files\NVIDIA Corporation\NVIDIA NvDLISR;C:\WINDOWS\system32;C:\WINDOWS;C:\WINDOWS\System32\Wbem;C:\WINDOWS\System32\WindowsPowerShell\v1.0\;C:\WINDOWS\System32\OpenSSH\;C:\Program Files\Git\cmd;C:\Program Files\PuTTY\;C:\Program Files\nodejs\;C:\Program Files\dotnet\;C:\Users\Johnly\AppData\Local\Microsoft\WindowsApps;C:\Users\Johnly\AppData\Local\Programs\Microsoft VS Code\bin;C:\Users\Johnly\AppData\Local\GitHubDesktop\bin;C:\MinGW\bin;C:\Program Files\Emacs\emacs-29.4\bin;C:\Users\Johnly\AppData\Roaming\npm;C:\Users\Johnly\AppData\Local\Android\Sdk\platform-tools;C:\Users\Johnly\AppData\Local\Android\Sdk\cmdline-tools\latest\bin;C:\Users\Johnly\AppData\Local\Android\Sdk\tools;C:\Program Files\Java\jdk-21\\bin;C:\Gradle\gradle-8.13\bin;C:\Users\Johnly\AppData\Local\Android\Sdk\build-tools\34.0.0;C:\Users\Johnly\AppData\Local\Android\Sdk\emulator;C:\Users\Johnly\AppData\Local\Muse Hub\lib;C:\Program Files\php;
USERNAME=Johnly
OS=Windows_NT
PROCESSOR_IDENTIFIER=AMD64 Family 23 Model 24 Stepping 1, AuthenticAMD
TMP=C:\Users\Johnly\AppData\Local\Temp
TEMP=C:\Users\Johnly\AppData\Local\Temp




Periodic native trim disabled

---------------  S Y S T E M  ---------------

OS:
 Windows 11 , 64 bit Build 26100 (10.0.26100.3323)
OS uptime: 0 days 1:46 hours

CPU: total 8 (initial active 8) (8 cores per cpu, 2 threads per core) family 23 model 24 stepping 1 microcode 0x8108102, cx8, cmov, fxsr, ht, mmx, 3dnowpref, sse, sse2, sse3, ssse3, sse4a, sse4.1, sse4.2, popcnt, lzcnt, tsc, tscinvbit, avx, avx2, aes, clmul, bmi1, bmi2, adx, sha, fma, vzeroupper, clflush, clflushopt, rdtscp, f16c
Processor Information for the first 8 processors :
  Max Mhz: 2300, Current Mhz: 2300, Mhz Limit: 2300

Memory: 4k page, system-wide physical 15807M (3776M free)
TotalPageFile size 15807M (AvailPageFile size 14M)
current process WorkingSet (physical memory assigned to process): 778M, peak: 778M
current process commit charge ("private bytes"): 675M, peak: 678M

vm_info: OpenJDK 64-Bit Server VM (21.0.6+7-LTS) for windows-amd64 JRE (21.0.6+7-LTS), built on 2025-01-21T00:00:00Z by "admin" with MS VC++ 17.7 (VS2022)

END.
