#
# There is insufficient memory for the Java Runtime Environment to continue.
# Native memory allocation (malloc) failed to allocate 1180976 bytes. Error detail: Chunk::new
# Possible reasons:
#   The system is out of physical RAM or swap space
#   This process is running with CompressedOops enabled, and the Java Heap may be blocking the growth of the native heap
# Possible solutions:
#   Reduce memory load on the system
#   Increase physical memory or swap space
#   Check if swap backing store is full
#   Decrease Java heap size (-Xmx/-Xms)
#   Decrease number of Java threads
#   Decrease Java thread stack sizes (-Xss)
#   Set larger code cache with -XX:ReservedCodeCacheSize=
#   JVM is running with Unscaled Compressed Oops mode in which the Java heap is
#     placed in the first 4GB address space. The Java Heap base address is the
#     maximum limit for the native heap growth. Please use -XX:HeapBaseMinAddress
#     to set the Java Heap base and to place the Java Heap above 4GB virtual address.
# This output file may be truncated or incomplete.
#
#  Out of Memory Error (arena.cpp:168), pid=17220, tid=17604
#
# JRE version: OpenJDK Runtime Environment Temurin-21.0.6+7 (21.0.6+7) (build 21.0.6+7-LTS)
# Java VM: OpenJDK 64-Bit Server VM Temurin-21.0.6+7 (21.0.6+7-LTS, mixed mode, sharing, tiered, compressed oops, compressed class ptrs, parallel gc, windows-amd64)
# No core dump will be written. Minidumps are not enabled by default on client versions of Windows
#

---------------  S U M M A R Y ------------

Command Line: --add-modules=ALL-SYSTEM --add-opens=java.base/java.util=ALL-UNNAMED --add-opens=java.base/java.lang=ALL-UNNAMED --add-opens=java.base/sun.nio.fs=ALL-UNNAMED -Declipse.application=org.eclipse.jdt.ls.core.id1 -Dosgi.bundles.defaultStartLevel=4 -Declipse.product=org.eclipse.jdt.ls.core.product -Djava.import.generatesMetadataFilesAtProjectRoot=false -DDetectVMInstallationsJob.disabled=true -Dfile.encoding=utf8 -XX:+UseParallelGC -XX:GCTimeRatio=4 -XX:AdaptiveSizePolicyWeight=90 -Dsun.zip.disableMemoryMapping=true -Xmx1G -Xms100m -Xlog:disable -javaagent:c:\Users\Johnly\.vscode\extensions\redhat.java-1.40.0-win32-x64\lombok\lombok-1.18.36.jar -XX:+HeapDumpOnOutOfMemoryError -XX:HeapDumpPath=c:\Users\Johnly\AppData\Roaming\Code\User\workspaceStorage\6a2e6c06b4e0a7fda055d80ffa069b3f\redhat.java -Daether.dependencyCollector.impl=bf c:\Users\Johnly\.vscode\extensions\redhat.java-1.40.0-win32-x64\server\plugins\org.eclipse.equinox.launcher_1.6.1000.v20250131-0606.jar -configuration c:\Users\Johnly\AppData\Roaming\Code\User\globalStorage\redhat.java\1.40.0\config_win -data c:\Users\Johnly\AppData\Roaming\Code\User\workspaceStorage\6a2e6c06b4e0a7fda055d80ffa069b3f\redhat.java\jdt_ws --pipe=\\.\pipe\lsp-ee8c2af3f389d387f15181892e12b074-sock

Host: AMD Ryzen 7 3750H with Radeon Vega Mobile Gfx  , 8 cores, 15G,  Windows 11 , 64 bit Build 26100 (10.0.26100.3323)
Time: Thu Mar 27 12:45:13 2025 W. Europe Standard Time elapsed time: 42.054631 seconds (0d 0h 0m 42s)

---------------  T H R E A D  ---------------

Current thread (0x00000180e2b9dbc0):  JavaThread "C2 CompilerThread2" daemon [_thread_in_native, id=17604, stack(0x0000006915600000,0x0000006915700000) (1024K)]


Current CompileTask:
C2:42054 11129 %     4       org.lombokweb.asm.SymbolTable::<init> @ 98 (536 bytes)

Stack: [0x0000006915600000,0x0000006915700000]
Native frames: (J=compiled Java code, j=interpreted, Vv=VM code, C=native code)
V  [jvm.dll+0x6cdee9]
V  [jvm.dll+0x8a83d1]
V  [jvm.dll+0x8aa8fe]
V  [jvm.dll+0x8aafe3]
V  [jvm.dll+0x27f706]
V  [jvm.dll+0xc500d]
V  [jvm.dll+0xc5543]
V  [jvm.dll+0x2f2acd]
V  [jvm.dll+0x5f6a2a]
V  [jvm.dll+0x250bb2]
V  [jvm.dll+0x250f6f]
V  [jvm.dll+0x249834]
V  [jvm.dll+0x246ec4]
V  [jvm.dll+0x1c75ee]
V  [jvm.dll+0x25685a]
V  [jvm.dll+0x254dfa]
V  [jvm.dll+0x3f0256]
V  [jvm.dll+0x851f8b]
V  [jvm.dll+0x6cc5ed]
C  [ucrtbase.dll+0x37b0]
C  [KERNEL32.DLL+0x2e8d7]
C  [ntdll.dll+0xbbf6c]


---------------  P R O C E S S  ---------------

Threads class SMR info:
_java_thread_list=0x00000180e1a57a40, length=50, elements={
0x00000180837bcd80, 0x000001808387abb0, 0x000001808387dc90, 0x0000018097b75f50,
0x0000018097b77bb0, 0x0000018097b7d2b0, 0x0000018097b88490, 0x0000018097b8c670,
0x0000018097b8ff60, 0x000001808382f360, 0x00000180da888680, 0x00000180df5a6c00,
0x00000180dfcde3f0, 0x00000180df9d8da0, 0x00000180df429f30, 0x00000180df9b3830,
0x00000180dfffc800, 0x00000180dff45250, 0x00000180dff44530, 0x00000180dff46600,
0x00000180dff458e0, 0x00000180dff44bc0, 0x00000180dff45f70, 0x00000180dff43ea0,
0x00000180e20a5040, 0x00000180e20a7110, 0x00000180e20a56d0, 0x00000180e20a49b0,
0x00000180e20a77a0, 0x00000180e20a63f0, 0x00000180e20a7e30, 0x00000180e20a8b50,
0x00000180e20a6a80, 0x00000180e20a5d60, 0x00000180e20ab940, 0x00000180e20a84c0,
0x00000180e20abfd0, 0x00000180e20a9870, 0x00000180e34d9bb0, 0x00000180e34d9520,
0x00000180e34dd030, 0x00000180e34dc310, 0x00000180e34dc9a0, 0x00000180e34dd6c0,
0x00000180e34ddd50, 0x00000180e34db5f0, 0x00000180e34daf60, 0x00000180e34dfe20,
0x00000180e36747f0, 0x00000180e2b9dbc0
}

Java Threads: ( => current thread )
  0x00000180837bcd80 JavaThread "main"                              [_thread_blocked, id=16588, stack(0x0000006911900000,0x0000006911a00000) (1024K)]
  0x000001808387abb0 JavaThread "Reference Handler"          daemon [_thread_blocked, id=17156, stack(0x0000006911d00000,0x0000006911e00000) (1024K)]
  0x000001808387dc90 JavaThread "Finalizer"                  daemon [_thread_blocked, id=15984, stack(0x0000006911e00000,0x0000006911f00000) (1024K)]
  0x0000018097b75f50 JavaThread "Signal Dispatcher"          daemon [_thread_blocked, id=16808, stack(0x0000006911f00000,0x0000006912000000) (1024K)]
  0x0000018097b77bb0 JavaThread "Attach Listener"            daemon [_thread_blocked, id=17788, stack(0x0000006912000000,0x0000006912100000) (1024K)]
  0x0000018097b7d2b0 JavaThread "Service Thread"             daemon [_thread_blocked, id=18388, stack(0x0000006912100000,0x0000006912200000) (1024K)]
  0x0000018097b88490 JavaThread "Monitor Deflation Thread"   daemon [_thread_blocked, id=5636, stack(0x0000006912200000,0x0000006912300000) (1024K)]
  0x0000018097b8c670 JavaThread "C2 CompilerThread0"         daemon [_thread_in_native, id=1212, stack(0x0000006912300000,0x0000006912400000) (1024K)]
  0x0000018097b8ff60 JavaThread "C1 CompilerThread0"         daemon [_thread_blocked, id=6584, stack(0x0000006912400000,0x0000006912500000) (1024K)]
  0x000001808382f360 JavaThread "Common-Cleaner"             daemon [_thread_blocked, id=14132, stack(0x0000006912500000,0x0000006912600000) (1024K)]
  0x00000180da888680 JavaThread "Notification Thread"        daemon [_thread_blocked, id=8908, stack(0x0000006912700000,0x0000006912800000) (1024K)]
  0x00000180df5a6c00 JavaThread "Active Thread: Equinox Container: bb3279a2-8b4a-4bfb-ab30-3ef596833290"        [_thread_blocked, id=17108, stack(0x0000006912f00000,0x0000006913000000) (1024K)]
  0x00000180dfcde3f0 JavaThread "Refresh Thread: Equinox Container: bb3279a2-8b4a-4bfb-ab30-3ef596833290" daemon [_thread_blocked, id=9228, stack(0x0000006913000000,0x0000006913100000) (1024K)]
  0x00000180df9d8da0 JavaThread "Framework Event Dispatcher: Equinox Container: bb3279a2-8b4a-4bfb-ab30-3ef596833290" daemon [_thread_blocked, id=17736, stack(0x0000006913100000,0x0000006913200000) (1024K)]
  0x00000180df429f30 JavaThread "Start Level: Equinox Container: bb3279a2-8b4a-4bfb-ab30-3ef596833290" daemon [_thread_blocked, id=17740, stack(0x0000006913300000,0x0000006913400000) (1024K)]
  0x00000180df9b3830 JavaThread "Bundle File Closer"         daemon [_thread_blocked, id=15548, stack(0x0000006913400000,0x0000006913500000) (1024K)]
  0x00000180dfffc800 JavaThread "SCR Component Actor"        daemon [_thread_blocked, id=11800, stack(0x0000006912e00000,0x0000006912f00000) (1024K)]
  0x00000180dff45250 JavaThread "Worker-JM"                         [_thread_blocked, id=15828, stack(0x0000006913600000,0x0000006913700000) (1024K)]
  0x00000180dff44530 JavaThread "Worker-0"                          [_thread_blocked, id=16620, stack(0x0000006913700000,0x0000006913800000) (1024K)]
  0x00000180dff46600 JavaThread "Worker-1: Initialize workspace"        [_thread_blocked, id=9480, stack(0x0000006913800000,0x0000006913900000) (1024K)]
  0x00000180dff458e0 JavaThread "Java indexing"              daemon [_thread_in_Java, id=11044, stack(0x0000006913900000,0x0000006913a00000) (1024K)]
  0x00000180dff44bc0 JavaThread "Worker-2"                          [_thread_blocked, id=17044, stack(0x0000006913b00000,0x0000006913c00000) (1024K)]
  0x00000180dff45f70 JavaThread "Worker-3"                          [_thread_blocked, id=14432, stack(0x0000006913c00000,0x0000006913d00000) (1024K)]
  0x00000180dff43ea0 JavaThread "JNA Cleaner"                daemon [_thread_blocked, id=9192, stack(0x0000006913d00000,0x0000006913e00000) (1024K)]
  0x00000180e20a5040 JavaThread "Worker-4"                          [_thread_blocked, id=12012, stack(0x0000006914000000,0x0000006914100000) (1024K)]
  0x00000180e20a7110 JavaThread "Worker-5"                          [_thread_blocked, id=11856, stack(0x0000006914100000,0x0000006914200000) (1024K)]
  0x00000180e20a56d0 JavaThread "Thread-2"                   daemon [_thread_in_native, id=14820, stack(0x0000006914200000,0x0000006914300000) (1024K)]
  0x00000180e20a49b0 JavaThread "Thread-3"                   daemon [_thread_in_native, id=16832, stack(0x0000006914300000,0x0000006914400000) (1024K)]
  0x00000180e20a77a0 JavaThread "Thread-4"                   daemon [_thread_in_native, id=15620, stack(0x0000006914400000,0x0000006914500000) (1024K)]
  0x00000180e20a63f0 JavaThread "Thread-5"                   daemon [_thread_in_native, id=14268, stack(0x0000006914500000,0x0000006914600000) (1024K)]
  0x00000180e20a7e30 JavaThread "Thread-6"                   daemon [_thread_in_native, id=15392, stack(0x0000006914600000,0x0000006914700000) (1024K)]
  0x00000180e20a8b50 JavaThread "Thread-7"                   daemon [_thread_in_native, id=7064, stack(0x0000006914700000,0x0000006914800000) (1024K)]
  0x00000180e20a6a80 JavaThread "Thread-8"                   daemon [_thread_in_native, id=2704, stack(0x0000006914800000,0x0000006914900000) (1024K)]
  0x00000180e20a5d60 JavaThread "Thread-9"                   daemon [_thread_in_native, id=15956, stack(0x0000006914900000,0x0000006914a00000) (1024K)]
  0x00000180e20ab940 JavaThread "Thread-10"                  daemon [_thread_in_native, id=3928, stack(0x0000006914a00000,0x0000006914b00000) (1024K)]
  0x00000180e20a84c0 JavaThread "pool-2-thread-1"                   [_thread_blocked, id=11228, stack(0x0000006914b00000,0x0000006914c00000) (1024K)]
  0x00000180e20abfd0 JavaThread "WorkspaceEventsHandler"            [_thread_blocked, id=1352, stack(0x0000006914c00000,0x0000006914d00000) (1024K)]
  0x00000180e20a9870 JavaThread "pool-1-thread-1"                   [_thread_blocked, id=15940, stack(0x0000006914d00000,0x0000006914e00000) (1024K)]
  0x00000180e34d9bb0 JavaThread "Compiler Source File Reader" daemon [_thread_blocked, id=7660, stack(0x0000006913500000,0x0000006913600000) (1024K)]
  0x00000180e34d9520 JavaThread "Compiler Processing Task"   daemon [_thread_blocked, id=14200, stack(0x0000006914f00000,0x0000006915000000) (1024K)]
  0x00000180e34dd030 JavaThread "Compiler Class File Writer" daemon [_thread_blocked, id=16600, stack(0x0000006915000000,0x0000006915100000) (1024K)]
  0x00000180e34dc310 JavaThread "Compiler Source File Reader" daemon [_thread_blocked, id=14184, stack(0x0000006915100000,0x0000006915200000) (1024K)]
  0x00000180e34dc9a0 JavaThread "Compiler Class File Writer" daemon [_thread_blocked, id=8560, stack(0x0000006915200000,0x0000006915300000) (1024K)]
  0x00000180e34dd6c0 JavaThread "ForkJoinPool.commonPool-worker-1" daemon [_thread_in_Java, id=12672, stack(0x0000006911700000,0x0000006911800000) (1024K)]
  0x00000180e34ddd50 JavaThread "ForkJoinPool.commonPool-worker-2" daemon [_thread_blocked, id=11796, stack(0x0000006912600000,0x0000006912700000) (1024K)]
  0x00000180e34db5f0 JavaThread "ForkJoinPool.commonPool-worker-3" daemon [_thread_blocked, id=17948, stack(0x0000006913a00000,0x0000006913b00000) (1024K)]
  0x00000180e34daf60 JavaThread "ForkJoinPool.commonPool-worker-4" daemon [_thread_blocked, id=18128, stack(0x0000006915300000,0x0000006915400000) (1024K)]
  0x00000180e34dfe20 JavaThread "ForkJoinPool.commonPool-worker-5" daemon [_thread_blocked, id=18020, stack(0x0000006915400000,0x0000006915500000) (1024K)]
  0x00000180e36747f0 JavaThread "C2 CompilerThread1"         daemon [_thread_in_native, id=12860, stack(0x0000006915500000,0x0000006915600000) (1024K)]
=>0x00000180e2b9dbc0 JavaThread "C2 CompilerThread2"         daemon [_thread_in_native, id=17604, stack(0x0000006915600000,0x0000006915700000) (1024K)]
Total: 50

Other Threads:
  0x0000018081492c80 VMThread "VM Thread"                           [id=15968, stack(0x0000006911c00000,0x0000006911d00000) (1024K)]
  0x0000018097a8ba00 WatcherThread "VM Periodic Task Thread"        [id=13792, stack(0x0000006911b00000,0x0000006911c00000) (1024K)]
  0x0000018081494240 WorkerThread "GC Thread#0"                     [id=3300, stack(0x0000006911a00000,0x0000006911b00000) (1024K)]
  0x0000018081493760 WorkerThread "GC Thread#1"                     [id=12164, stack(0x0000006912800000,0x0000006912900000) (1024K)]
  0x0000018081493b00 WorkerThread "GC Thread#2"                     [id=1284, stack(0x0000006912900000,0x0000006912a00000) (1024K)]
  0x00000180df662a00 WorkerThread "GC Thread#3"                     [id=11632, stack(0x0000006912a00000,0x0000006912b00000) (1024K)]
  0x00000180df6634e0 WorkerThread "GC Thread#4"                     [id=4032, stack(0x0000006912b00000,0x0000006912c00000) (1024K)]
  0x00000180df661440 WorkerThread "GC Thread#5"                     [id=15292, stack(0x0000006912c00000,0x0000006912d00000) (1024K)]
  0x00000180df663140 WorkerThread "GC Thread#6"                     [id=8536, stack(0x0000006912d00000,0x0000006912e00000) (1024K)]
  0x00000180df663880 WorkerThread "GC Thread#7"                     [id=736, stack(0x0000006913200000,0x0000006913300000) (1024K)]
Total: 10

Threads with active compile tasks:
C2 CompilerThread0  42185 11223 %     4       org.lombokweb.asm.ClassReader::readCode @ 2037 (5117 bytes)
C2 CompilerThread1  42186 11308       4       lombok.patcher.MethodTarget::matches (29 bytes)
C2 CompilerThread2  42186 11129 %     4       org.lombokweb.asm.SymbolTable::<init> @ 98 (536 bytes)
Total: 3

VM state: at safepoint (normal execution)

VM Mutex/Monitor currently owned by a thread:  ([mutex/lock_event])
[0x00007ffbaef3e380] Threads_lock - owner thread: 0x0000018081492c80
[0x00007ffbaef3e480] Heap_lock - owner thread: 0x00000180dff458e0

Heap address: 0x00000000c0000000, size: 1024 MB, Compressed Oops mode: 32-bit

CDS archive(s) mapped at: [0x0000018098000000-0x0000018098ba0000-0x0000018098ba0000), size 12189696, SharedBaseAddress: 0x0000018098000000, ArchiveRelocationMode: 1.
Compressed class space mapped at: 0x0000018099000000-0x00000180d9000000, reserved size: 1073741824
Narrow klass base: 0x0000018098000000, Narrow klass shift: 0, Narrow klass range: 0x100000000

GC Precious Log:
 CardTable entry size: 512
 CPUs: 8 total, 8 available
 Memory: 15807M
 Large Page Support: Disabled
 NUMA Support: Disabled
 Compressed Oops: Enabled (32-bit)
 Alignments: Space 512K, Generation 512K, Heap 2M
 Heap Min Capacity: 100M
 Heap Initial Capacity: 100M
 Heap Max Capacity: 1G
 Pre-touch: Disabled
 Parallel Workers: 8

Heap:
 PSYoungGen      total 4096K, used 3312K [0x00000000eab00000, 0x00000000eb000000, 0x0000000100000000)
  eden space 3072K, 93% used [0x00000000eab00000,0x00000000eadcb378,0x00000000eae00000)
  from space 1024K, 44% used [0x00000000eae00000,0x00000000eae70de0,0x00000000eaf00000)
  to   space 1024K, 88% used [0x00000000eaf00000,0x00000000eafe3c48,0x00000000eb000000)
 ParOldGen       total 422400K, used 422005K [0x00000000c0000000, 0x00000000d9c80000, 0x00000000eab00000)
  object space 422400K, 99% used [0x00000000c0000000,0x00000000d9c1d420,0x00000000d9c80000)
 Metaspace       used 67656K, committed 69120K, reserved 1114112K
  class space    used 7127K, committed 7808K, reserved 1048576K

Card table byte_map: [0x0000018083190000,0x00000180833a0000] _byte_map_base: 0x0000018082b90000

Marking Bits: (ParMarkBitMap*) 0x00007ffbaef43260
 Begin Bits: [0x00000180959b0000, 0x00000180969b0000)
 End Bits:   [0x00000180969b0000, 0x00000180979b0000)

Polling page: 0x0000018082f80000

Metaspace:

Usage:
  Non-class:     59.11 MB used.
      Class:      6.96 MB used.
       Both:     66.07 MB used.

Virtual space:
  Non-class space:       64.00 MB reserved,      59.88 MB ( 94%) committed,  1 nodes.
      Class space:        1.00 GB reserved,       7.62 MB ( <1%) committed,  1 nodes.
             Both:        1.06 GB reserved,      67.50 MB (  6%) committed. 

Chunk freelists:
   Non-Class:  3.25 MB
       Class:  8.28 MB
        Both:  11.53 MB

MaxMetaspaceSize: unlimited
CompressedClassSpaceSize: 1.00 GB
Initial GC threshold: 21.00 MB
Current GC threshold: 98.12 MB
CDS: on
 - commit_granule_bytes: 65536.
 - commit_granule_words: 8192.
 - virtual_space_node_default_size: 8388608.
 - enlarge_chunks_in_place: 1.
 - use_allocation_guard: 0.


Internal statistics:

num_allocs_failed_limit: 13.
num_arena_births: 1168.
num_arena_deaths: 24.
num_vsnodes_births: 2.
num_vsnodes_deaths: 0.
num_space_committed: 1080.
num_space_uncommitted: 0.
num_chunks_returned_to_freelist: 39.
num_chunks_taken_from_freelist: 4171.
num_chunk_merges: 16.
num_chunk_splits: 2551.
num_chunks_enlarged: 1464.
num_inconsistent_stats: 0.

CodeHeap 'non-profiled nmethods': size=120000Kb used=7546Kb max_used=7546Kb free=112453Kb
 bounds [0x000001808e480000, 0x000001808ebe0000, 0x00000180959b0000]
CodeHeap 'profiled nmethods': size=120000Kb used=22474Kb max_used=22474Kb free=97525Kb
 bounds [0x00000180869b0000, 0x0000018087fb0000, 0x000001808dee0000]
CodeHeap 'non-nmethods': size=5760Kb used=1473Kb max_used=1543Kb free=4286Kb
 bounds [0x000001808dee0000, 0x000001808e150000, 0x000001808e480000]
 total_blobs=11271 nmethods=10478 adapters=699
 compilation: enabled
              stopped_count=0, restarted_count=0
 full_count=0

Compilation events (20 events):
Event: 41.024 Thread 0x00000180e36747f0 nmethod 11085 0x000001808ebd9890 code [0x000001808ebd9ac0, 0x000001808ebda2a0]
Event: 41.024 Thread 0x00000180e36747f0 11138       4       org.lombokweb.asm.MethodWriter::visitVarInsn (302 bytes)
Event: 41.025 Thread 0x0000018097b8ff60 nmethod 11281 0x0000018087f7af90 code [0x0000018087f7b900, 0x0000018087f833b0]
Event: 41.026 Thread 0x0000018097b8ff60 11286       3       org.jetbrains.java.decompiler.util.FastSparseSetFactory$FastSparseSet::intersection (76 bytes)
Event: 41.027 Thread 0x0000018097b8ff60 nmethod 11286 0x0000018087f85710 code [0x0000018087f858e0, 0x0000018087f85ca8]
Event: 41.027 Thread 0x0000018097b8ff60 11287       3       org.jetbrains.java.decompiler.util.FastSparseSetFactory$FastSparseSet::iterator (9 bytes)
Event: 41.027 Thread 0x0000018097b8ff60 nmethod 11287 0x0000018087f85e90 code [0x0000018087f86040, 0x0000018087f861f0]
Event: 41.027 Thread 0x0000018097b8ff60 11283       3       org.jetbrains.java.decompiler.modules.decompiler.sforms.FlattenStatementsHelper::saveEdge (221 bytes)
Event: 41.031 Thread 0x0000018097b8ff60 nmethod 11283 0x0000018087f86290 code [0x0000018087f86600, 0x0000018087f88490]
Event: 41.031 Thread 0x0000018097b8ff60 11284       3       org.jetbrains.java.decompiler.modules.decompiler.sforms.DirectNode::<init> (88 bytes)
Event: 41.032 Thread 0x0000018097b8ff60 nmethod 11284 0x0000018087f88d90 code [0x0000018087f88fe0, 0x0000018087f89948]
Event: 41.032 Thread 0x0000018097b8ff60 11282       3       org.jetbrains.java.decompiler.modules.decompiler.StackVarsProcessor::isReplaceableVar (36 bytes)
Event: 41.033 Thread 0x0000018097b8ff60 nmethod 11282 0x0000018087f89c90 code [0x0000018087f89e80, 0x0000018087f8a3d0]
Event: 41.033 Thread 0x0000018097b8ff60 11289       3       org.jetbrains.java.decompiler.util.FastSparseSetFactory$FastSparseSet::remove (77 bytes)
Event: 41.035 Thread 0x0000018097b8ff60 nmethod 11289 0x0000018087f8a590 code [0x0000018087f8a7e0, 0x0000018087f8b1c0]
Event: 41.035 Thread 0x0000018097b8ff60 11285       1       org.jetbrains.java.decompiler.modules.decompiler.stats.CatchAllStatement::getHandler (5 bytes)
Event: 41.036 Thread 0x0000018097b8ff60 nmethod 11285 0x000001808ebda890 code [0x000001808ebdaa20, 0x000001808ebdaae8]
Event: 41.036 Thread 0x0000018097b8ff60 11291       3       org.jetbrains.java.decompiler.modules.decompiler.sforms.SSAUConstructorSparseEx::getFilteredOutMap (860 bytes)
Event: 41.038 Thread 0x00000180e36747f0 nmethod 11138 0x000001808ebdab90 code [0x000001808ebdad80, 0x000001808ebdb2c8]
Event: 41.038 Thread 0x00000180e36747f0 11288       4       java.util.HashMap::get (19 bytes)

GC Heap History (20 events):
Event: 39.432 GC heap before
{Heap before GC invocations=324 (full 3):
 PSYoungGen      total 4608K, used 4572K [0x00000000eab00000, 0x00000000eb300000, 0x0000000100000000)
  eden space 4096K, 99% used [0x00000000eab00000,0x00000000eaef7cc8,0x00000000eaf00000)
  from space 512K, 99% used [0x00000000eb180000,0x00000000eb1ff5a8,0x00000000eb200000)
  to   space 2048K, 0% used [0x00000000eaf00000,0x00000000eaf00000,0x00000000eb100000)
 ParOldGen       total 417280K, used 417028K [0x00000000c0000000, 0x00000000d9780000, 0x00000000eab00000)
  object space 417280K, 99% used [0x00000000c0000000,0x00000000d97410d0,0x00000000d9780000)
 Metaspace       used 67032K, committed 68544K, reserved 1114112K
  class space    used 7080K, committed 7744K, reserved 1048576K
}
Event: 39.437 GC heap after
{Heap after GC invocations=324 (full 3):
 PSYoungGen      total 5632K, used 1346K [0x00000000eab00000, 0x00000000eb200000, 0x0000000100000000)
  eden space 4096K, 0% used [0x00000000eab00000,0x00000000eab00000,0x00000000eaf00000)
  from space 1536K, 87% used [0x00000000eaf00000,0x00000000eb0508e0,0x00000000eb080000)
  to   space 1536K, 0% used [0x00000000eb080000,0x00000000eb080000,0x00000000eb200000)
 ParOldGen       total 417792K, used 417369K [0x00000000c0000000, 0x00000000d9800000, 0x00000000eab00000)
  object space 417792K, 99% used [0x00000000c0000000,0x00000000d9796798,0x00000000d9800000)
 Metaspace       used 67032K, committed 68544K, reserved 1114112K
  class space    used 7080K, committed 7744K, reserved 1048576K
}
Event: 39.465 GC heap before
{Heap before GC invocations=325 (full 3):
 PSYoungGen      total 5632K, used 5308K [0x00000000eab00000, 0x00000000eb200000, 0x0000000100000000)
  eden space 4096K, 96% used [0x00000000eab00000,0x00000000eaede9a0,0x00000000eaf00000)
  from space 1536K, 87% used [0x00000000eaf00000,0x00000000eb0508e0,0x00000000eb080000)
  to   space 1536K, 0% used [0x00000000eb080000,0x00000000eb080000,0x00000000eb200000)
 ParOldGen       total 417792K, used 417369K [0x00000000c0000000, 0x00000000d9800000, 0x00000000eab00000)
  object space 417792K, 99% used [0x00000000c0000000,0x00000000d9796798,0x00000000d9800000)
 Metaspace       used 67132K, committed 68608K, reserved 1114112K
  class space    used 7087K, committed 7744K, reserved 1048576K
}
Event: 39.470 GC heap after
{Heap after GC invocations=325 (full 3):
 PSYoungGen      total 5632K, used 897K [0x00000000eab00000, 0x00000000eb200000, 0x0000000100000000)
  eden space 4096K, 0% used [0x00000000eab00000,0x00000000eab00000,0x00000000eaf00000)
  from space 1536K, 58% used [0x00000000eb080000,0x00000000eb160670,0x00000000eb200000)
  to   space 1536K, 0% used [0x00000000eaf00000,0x00000000eaf00000,0x00000000eb080000)
 ParOldGen       total 417792K, used 417665K [0x00000000c0000000, 0x00000000d9800000, 0x00000000eab00000)
  object space 417792K, 99% used [0x00000000c0000000,0x00000000d97e0798,0x00000000d9800000)
 Metaspace       used 67132K, committed 68608K, reserved 1114112K
  class space    used 7087K, committed 7744K, reserved 1048576K
}
Event: 39.506 GC heap before
{Heap before GC invocations=326 (full 3):
 PSYoungGen      total 5632K, used 4993K [0x00000000eab00000, 0x00000000eb200000, 0x0000000100000000)
  eden space 4096K, 100% used [0x00000000eab00000,0x00000000eaf00000,0x00000000eaf00000)
  from space 1536K, 58% used [0x00000000eb080000,0x00000000eb160670,0x00000000eb200000)
  to   space 1536K, 0% used [0x00000000eaf00000,0x00000000eaf00000,0x00000000eb080000)
 ParOldGen       total 417792K, used 417665K [0x00000000c0000000, 0x00000000d9800000, 0x00000000eab00000)
  object space 417792K, 99% used [0x00000000c0000000,0x00000000d97e0798,0x00000000d9800000)
 Metaspace       used 67200K, committed 68672K, reserved 1114112K
  class space    used 7095K, committed 7744K, reserved 1048576K
}
Event: 39.510 GC heap after
{Heap after GC invocations=326 (full 3):
 PSYoungGen      total 5120K, used 691K [0x00000000eab00000, 0x00000000eb100000, 0x0000000100000000)
  eden space 4096K, 0% used [0x00000000eab00000,0x00000000eab00000,0x00000000eaf00000)
  from space 1024K, 67% used [0x00000000eaf00000,0x00000000eafacef8,0x00000000eb000000)
  to   space 1024K, 0% used [0x00000000eb000000,0x00000000eb000000,0x00000000eb100000)
 ParOldGen       total 417792K, used 417705K [0x00000000c0000000, 0x00000000d9800000, 0x00000000eab00000)
  object space 417792K, 99% used [0x00000000c0000000,0x00000000d97ea798,0x00000000d9800000)
 Metaspace       used 67200K, committed 68672K, reserved 1114112K
  class space    used 7095K, committed 7744K, reserved 1048576K
}
Event: 39.577 GC heap before
{Heap before GC invocations=327 (full 3):
 PSYoungGen      total 5120K, used 4671K [0x00000000eab00000, 0x00000000eb100000, 0x0000000100000000)
  eden space 4096K, 97% used [0x00000000eab00000,0x00000000eaee2f00,0x00000000eaf00000)
  from space 1024K, 67% used [0x00000000eaf00000,0x00000000eafacef8,0x00000000eb000000)
  to   space 1024K, 0% used [0x00000000eb000000,0x00000000eb000000,0x00000000eb100000)
 ParOldGen       total 417792K, used 417705K [0x00000000c0000000, 0x00000000d9800000, 0x00000000eab00000)
  object space 417792K, 99% used [0x00000000c0000000,0x00000000d97ea798,0x00000000d9800000)
 Metaspace       used 67317K, committed 68864K, reserved 1114112K
  class space    used 7107K, committed 7808K, reserved 1048576K
}
Event: 39.584 GC heap after
{Heap after GC invocations=327 (full 3):
 PSYoungGen      total 4608K, used 1013K [0x00000000eab00000, 0x00000000eb200000, 0x0000000100000000)
  eden space 3584K, 0% used [0x00000000eab00000,0x00000000eab00000,0x00000000eae80000)
  from space 1024K, 99% used [0x00000000eb000000,0x00000000eb0fd770,0x00000000eb100000)
  to   space 1536K, 0% used [0x00000000eae80000,0x00000000eae80000,0x00000000eb000000)
 ParOldGen       total 418304K, used 417801K [0x00000000c0000000, 0x00000000d9880000, 0x00000000eab00000)
  object space 418304K, 99% used [0x00000000c0000000,0x00000000d9802798,0x00000000d9880000)
 Metaspace       used 67317K, committed 68864K, reserved 1114112K
  class space    used 7107K, committed 7808K, reserved 1048576K
}
Event: 40.631 GC heap before
{Heap before GC invocations=328 (full 3):
 PSYoungGen      total 4608K, used 4597K [0x00000000eab00000, 0x00000000eb200000, 0x0000000100000000)
  eden space 3584K, 100% used [0x00000000eab00000,0x00000000eae80000,0x00000000eae80000)
  from space 1024K, 99% used [0x00000000eb000000,0x00000000eb0fd770,0x00000000eb100000)
  to   space 1536K, 0% used [0x00000000eae80000,0x00000000eae80000,0x00000000eb000000)
 ParOldGen       total 418304K, used 417801K [0x00000000c0000000, 0x00000000d9880000, 0x00000000eab00000)
  object space 418304K, 99% used [0x00000000c0000000,0x00000000d9802798,0x00000000d9880000)
 Metaspace       used 67340K, committed 68864K, reserved 1114112K
  class space    used 7108K, committed 7808K, reserved 1048576K
}
Event: 40.644 GC heap after
{Heap after GC invocations=328 (full 3):
 PSYoungGen      total 5120K, used 1048K [0x00000000eab00000, 0x00000000eb180000, 0x0000000100000000)
  eden space 3584K, 0% used [0x00000000eab00000,0x00000000eab00000,0x00000000eae80000)
  from space 1536K, 68% used [0x00000000eae80000,0x00000000eaf86098,0x00000000eb000000)
  to   space 1536K, 0% used [0x00000000eb000000,0x00000000eb000000,0x00000000eb180000)
 ParOldGen       total 418304K, used 417985K [0x00000000c0000000, 0x00000000d9880000, 0x00000000eab00000)
  object space 418304K, 99% used [0x00000000c0000000,0x00000000d9830798,0x00000000d9880000)
 Metaspace       used 67340K, committed 68864K, reserved 1114112K
  class space    used 7108K, committed 7808K, reserved 1048576K
}
Event: 40.830 GC heap before
{Heap before GC invocations=329 (full 3):
 PSYoungGen      total 5120K, used 4632K [0x00000000eab00000, 0x00000000eb180000, 0x0000000100000000)
  eden space 3584K, 100% used [0x00000000eab00000,0x00000000eae80000,0x00000000eae80000)
  from space 1536K, 68% used [0x00000000eae80000,0x00000000eaf86098,0x00000000eb000000)
  to   space 1536K, 0% used [0x00000000eb000000,0x00000000eb000000,0x00000000eb180000)
 ParOldGen       total 418304K, used 417985K [0x00000000c0000000, 0x00000000d9880000, 0x00000000eab00000)
  object space 418304K, 99% used [0x00000000c0000000,0x00000000d9830798,0x00000000d9880000)
 Metaspace       used 67429K, committed 68928K, reserved 1114112K
  class space    used 7118K, committed 7808K, reserved 1048576K
}
Event: 40.837 GC heap after
{Heap after GC invocations=329 (full 3):
 PSYoungGen      total 5120K, used 1245K [0x00000000eab00000, 0x00000000eb180000, 0x0000000100000000)
  eden space 3584K, 0% used [0x00000000eab00000,0x00000000eab00000,0x00000000eae80000)
  from space 1536K, 81% used [0x00000000eb000000,0x00000000eb137520,0x00000000eb180000)
  to   space 1536K, 0% used [0x00000000eae80000,0x00000000eae80000,0x00000000eb000000)
 ParOldGen       total 419328K, used 418938K [0x00000000c0000000, 0x00000000d9980000, 0x00000000eab00000)
  object space 419328K, 99% used [0x00000000c0000000,0x00000000d991e830,0x00000000d9980000)
 Metaspace       used 67429K, committed 68928K, reserved 1114112K
  class space    used 7118K, committed 7808K, reserved 1048576K
}
Event: 40.892 GC heap before
{Heap before GC invocations=330 (full 3):
 PSYoungGen      total 5120K, used 4829K [0x00000000eab00000, 0x00000000eb180000, 0x0000000100000000)
  eden space 3584K, 100% used [0x00000000eab00000,0x00000000eae80000,0x00000000eae80000)
  from space 1536K, 81% used [0x00000000eb000000,0x00000000eb137520,0x00000000eb180000)
  to   space 1536K, 0% used [0x00000000eae80000,0x00000000eae80000,0x00000000eb000000)
 ParOldGen       total 419328K, used 418938K [0x00000000c0000000, 0x00000000d9980000, 0x00000000eab00000)
  object space 419328K, 99% used [0x00000000c0000000,0x00000000d991e830,0x00000000d9980000)
 Metaspace       used 67460K, committed 68928K, reserved 1114112K
  class space    used 7118K, committed 7808K, reserved 1048576K
}
Event: 40.896 GC heap after
{Heap after GC invocations=330 (full 3):
 PSYoungGen      total 4608K, used 677K [0x00000000eab00000, 0x00000000eb080000, 0x0000000100000000)
  eden space 3584K, 0% used [0x00000000eab00000,0x00000000eab00000,0x00000000eae80000)
  from space 1024K, 66% used [0x00000000eae80000,0x00000000eaf29470,0x00000000eaf80000)
  to   space 1024K, 0% used [0x00000000eaf80000,0x00000000eaf80000,0x00000000eb080000)
 ParOldGen       total 420352K, used 420018K [0x00000000c0000000, 0x00000000d9a80000, 0x00000000eab00000)
  object space 420352K, 99% used [0x00000000c0000000,0x00000000d9a2c9b8,0x00000000d9a80000)
 Metaspace       used 67460K, committed 68928K, reserved 1114112K
  class space    used 7118K, committed 7808K, reserved 1048576K
}
Event: 40.947 GC heap before
{Heap before GC invocations=331 (full 3):
 PSYoungGen      total 4608K, used 4261K [0x00000000eab00000, 0x00000000eb080000, 0x0000000100000000)
  eden space 3584K, 100% used [0x00000000eab00000,0x00000000eae80000,0x00000000eae80000)
  from space 1024K, 66% used [0x00000000eae80000,0x00000000eaf29470,0x00000000eaf80000)
  to   space 1024K, 0% used [0x00000000eaf80000,0x00000000eaf80000,0x00000000eb080000)
 ParOldGen       total 420352K, used 420018K [0x00000000c0000000, 0x00000000d9a80000, 0x00000000eab00000)
  object space 420352K, 99% used [0x00000000c0000000,0x00000000d9a2c9b8,0x00000000d9a80000)
 Metaspace       used 67467K, committed 68928K, reserved 1114112K
  class space    used 7118K, committed 7808K, reserved 1048576K
}
Event: 40.953 GC heap after
{Heap after GC invocations=331 (full 3):
 PSYoungGen      total 3584K, used 1002K [0x00000000eab00000, 0x00000000eb280000, 0x0000000100000000)
  eden space 2560K, 0% used [0x00000000eab00000,0x00000000eab00000,0x00000000ead80000)
  from space 1024K, 97% used [0x00000000eaf80000,0x00000000eb07a8f8,0x00000000eb080000)
  to   space 2048K, 0% used [0x00000000ead80000,0x00000000ead80000,0x00000000eaf80000)
 ParOldGen       total 420864K, used 420438K [0x00000000c0000000, 0x00000000d9b00000, 0x00000000eab00000)
  object space 420864K, 99% used [0x00000000c0000000,0x00000000d9a959c8,0x00000000d9b00000)
 Metaspace       used 67467K, committed 68928K, reserved 1114112K
  class space    used 7118K, committed 7808K, reserved 1048576K
}
Event: 40.984 GC heap before
{Heap before GC invocations=332 (full 3):
 PSYoungGen      total 3584K, used 3562K [0x00000000eab00000, 0x00000000eb280000, 0x0000000100000000)
  eden space 2560K, 100% used [0x00000000eab00000,0x00000000ead80000,0x00000000ead80000)
  from space 1024K, 97% used [0x00000000eaf80000,0x00000000eb07a8f8,0x00000000eb080000)
  to   space 2048K, 0% used [0x00000000ead80000,0x00000000ead80000,0x00000000eaf80000)
 ParOldGen       total 420864K, used 420438K [0x00000000c0000000, 0x00000000d9b00000, 0x00000000eab00000)
  object space 420864K, 99% used [0x00000000c0000000,0x00000000d9a959c8,0x00000000d9b00000)
 Metaspace       used 67472K, committed 68928K, reserved 1114112K
  class space    used 7118K, committed 7808K, reserved 1048576K
}
Event: 40.990 GC heap after
{Heap after GC invocations=332 (full 3):
 PSYoungGen      total 4096K, used 1096K [0x00000000eab00000, 0x00000000eb080000, 0x0000000100000000)
  eden space 2560K, 0% used [0x00000000eab00000,0x00000000eab00000,0x00000000ead80000)
  from space 1536K, 71% used [0x00000000ead80000,0x00000000eae920d0,0x00000000eaf00000)
  to   space 1536K, 0% used [0x00000000eaf00000,0x00000000eaf00000,0x00000000eb080000)
 ParOldGen       total 421376K, used 421336K [0x00000000c0000000, 0x00000000d9b80000, 0x00000000eab00000)
  object space 421376K, 99% used [0x00000000c0000000,0x00000000d9b76300,0x00000000d9b80000)
 Metaspace       used 67472K, committed 68928K, reserved 1114112K
  class space    used 7118K, committed 7808K, reserved 1048576K
}
Event: 41.015 GC heap before
{Heap before GC invocations=333 (full 3):
 PSYoungGen      total 4096K, used 3486K [0x00000000eab00000, 0x00000000eb080000, 0x0000000100000000)
  eden space 2560K, 93% used [0x00000000eab00000,0x00000000ead55860,0x00000000ead80000)
  from space 1536K, 71% used [0x00000000ead80000,0x00000000eae920d0,0x00000000eaf00000)
  to   space 1536K, 0% used [0x00000000eaf00000,0x00000000eaf00000,0x00000000eb080000)
 ParOldGen       total 421376K, used 421336K [0x00000000c0000000, 0x00000000d9b80000, 0x00000000eab00000)
  object space 421376K, 99% used [0x00000000c0000000,0x00000000d9b76300,0x00000000d9b80000)
 Metaspace       used 67490K, committed 68992K, reserved 1114112K
  class space    used 7118K, committed 7808K, reserved 1048576K
}
Event: 41.022 GC heap after
{Heap after GC invocations=333 (full 3):
 PSYoungGen      total 4096K, used 997K [0x00000000eab00000, 0x00000000eb080000, 0x0000000100000000)
  eden space 2560K, 0% used [0x00000000eab00000,0x00000000eab00000,0x00000000ead80000)
  from space 1536K, 64% used [0x00000000eaf00000,0x00000000eaff94c0,0x00000000eb080000)
  to   space 1536K, 0% used [0x00000000ead80000,0x00000000ead80000,0x00000000eaf00000)
 ParOldGen       total 421888K, used 421404K [0x00000000c0000000, 0x00000000d9c00000, 0x00000000eab00000)
  object space 421888K, 99% used [0x00000000c0000000,0x00000000d9b87310,0x00000000d9c00000)
 Metaspace       used 67490K, committed 68992K, reserved 1114112K
  class space    used 7118K, committed 7808K, reserved 1048576K
}

Dll operation events (14 events):
Event: 0.016 Loaded shared library c:\Users\Johnly\.vscode\extensions\redhat.java-1.40.0-win32-x64\jre\21.0.6-win32-x86_64\bin\java.dll
Event: 0.122 Loaded shared library c:\Users\Johnly\.vscode\extensions\redhat.java-1.40.0-win32-x64\jre\21.0.6-win32-x86_64\bin\zip.dll
Event: 0.158 Loaded shared library C:\Users\Johnly\.vscode\extensions\redhat.java-1.40.0-win32-x64\jre\21.0.6-win32-x86_64\bin\instrument.dll
Event: 0.164 Loaded shared library C:\Users\Johnly\.vscode\extensions\redhat.java-1.40.0-win32-x64\jre\21.0.6-win32-x86_64\bin\net.dll
Event: 0.167 Loaded shared library C:\Users\Johnly\.vscode\extensions\redhat.java-1.40.0-win32-x64\jre\21.0.6-win32-x86_64\bin\nio.dll
Event: 0.172 Loaded shared library C:\Users\Johnly\.vscode\extensions\redhat.java-1.40.0-win32-x64\jre\21.0.6-win32-x86_64\bin\zip.dll
Event: 0.199 Loaded shared library C:\Users\Johnly\.vscode\extensions\redhat.java-1.40.0-win32-x64\jre\21.0.6-win32-x86_64\bin\jimage.dll
Event: 0.340 Loaded shared library c:\Users\Johnly\.vscode\extensions\redhat.java-1.40.0-win32-x64\jre\21.0.6-win32-x86_64\bin\verify.dll
Event: 2.432 Loaded shared library C:\Users\Johnly\AppData\Roaming\Code\User\globalStorage\redhat.java\1.40.0\config_win\org.eclipse.equinox.launcher\org.eclipse.equinox.launcher.win32.win32.x86_64_1.2.1200.v20250212-0927\eclipse_11909.dll
Event: 4.829 Loaded shared library C:\Users\Johnly\.vscode\extensions\redhat.java-1.40.0-win32-x64\jre\21.0.6-win32-x86_64\bin\management.dll
Event: 4.837 Loaded shared library C:\Users\Johnly\.vscode\extensions\redhat.java-1.40.0-win32-x64\jre\21.0.6-win32-x86_64\bin\management_ext.dll
Event: 8.214 Loaded shared library C:\Users\Johnly\AppData\Local\Temp\jna--2070691848\jna6943134641925883252.dll
Event: 8.486 Loaded shared library C:\Users\Johnly\.vscode\extensions\redhat.java-1.40.0-win32-x64\jre\21.0.6-win32-x86_64\bin\sunmscapi.dll
Event: 9.276 Loaded shared library C:\Users\Johnly\.vscode\extensions\redhat.java-1.40.0-win32-x64\jre\21.0.6-win32-x86_64\bin\extnet.dll

Deoptimization events (20 events):
Event: 40.791 Thread 0x00000180dff44bc0 Uncommon trap: trap_request=0xffffffc6 fr.pc=0x000001808eb880d8 relative=0x0000000000000678
Event: 40.792 Thread 0x00000180dff44bc0 Uncommon trap: reason=bimorphic_or_optimized_type_check action=maybe_recompile pc=0x000001808eb880d8 method=org.eclipse.jdt.internal.compiler.util.SimpleLookupTable.put(Ljava/lang/Object;Ljava/lang/Object;)Ljava/lang/Object; @ 7 c2
Event: 40.792 Thread 0x00000180dff44bc0 DEOPT PACKING pc=0x000001808eb880d8 sp=0x0000006913bfe4b0
Event: 40.792 Thread 0x00000180dff44bc0 DEOPT UNPACKING pc=0x000001808df33aa2 sp=0x0000006913bfe468 mode 2
Event: 40.842 Thread 0x00000180e34dd6c0 Uncommon trap: trap_request=0xffffff45 fr.pc=0x000001808ebd1b30 relative=0x0000000000000610
Event: 40.842 Thread 0x00000180e34dd6c0 Uncommon trap: reason=unstable_if action=reinterpret pc=0x000001808ebd1b30 method=java.util.HashMap.putVal(ILjava/lang/Object;Ljava/lang/Object;ZZ)Ljava/lang/Object; @ 206 c2
Event: 40.842 Thread 0x00000180e34dd6c0 DEOPT PACKING pc=0x000001808ebd1b30 sp=0x00000069117fd9c0
Event: 40.842 Thread 0x00000180e34dd6c0 DEOPT UNPACKING pc=0x000001808df33aa2 sp=0x00000069117fd8d0 mode 2
Event: 40.843 Thread 0x00000180e34dd6c0 Uncommon trap: trap_request=0xffffff45 fr.pc=0x000001808eb433e4 relative=0x00000000000001a4
Event: 40.843 Thread 0x00000180e34dd6c0 Uncommon trap: reason=unstable_if action=reinterpret pc=0x000001808eb433e4 method=java.util.HashMap.getNode(Ljava/lang/Object;)Ljava/util/HashMap$Node; @ 131 c2
Event: 40.844 Thread 0x00000180e34dd6c0 DEOPT PACKING pc=0x000001808eb433e4 sp=0x00000069117fda00
Event: 40.844 Thread 0x00000180e34dd6c0 DEOPT UNPACKING pc=0x000001808df33aa2 sp=0x00000069117fd900 mode 2
Event: 40.848 Thread 0x00000180e34dd6c0 Uncommon trap: trap_request=0xffffff45 fr.pc=0x000001808eb42d14 relative=0x0000000000000254
Event: 40.848 Thread 0x00000180e34dd6c0 Uncommon trap: reason=unstable_if action=reinterpret pc=0x000001808eb42d14 method=java.util.HashMap.getNode(Ljava/lang/Object;)Ljava/util/HashMap$Node; @ 131 c2
Event: 40.848 Thread 0x00000180e34dd6c0 DEOPT PACKING pc=0x000001808eb42d14 sp=0x00000069117fd980
Event: 40.848 Thread 0x00000180e34dd6c0 DEOPT UNPACKING pc=0x000001808df33aa2 sp=0x00000069117fd900 mode 2
Event: 40.865 Thread 0x00000180e34ddd50 DEOPT PACKING pc=0x00000180871854b3 sp=0x00000069126fa1c0
Event: 40.865 Thread 0x00000180e34ddd50 DEOPT UNPACKING pc=0x000001808df34242 sp=0x00000069126f96f0 mode 0
Event: 40.937 Thread 0x00000180e34ddd50 DEOPT PACKING pc=0x00000180871854b3 sp=0x00000069126fa1c0
Event: 40.937 Thread 0x00000180e34ddd50 DEOPT UNPACKING pc=0x000001808df34242 sp=0x00000069126f96f0 mode 0

Classes loaded (20 events):
Event: 37.798 Loading class java/util/concurrent/CompletableFuture$UniApply
Event: 37.798 Loading class java/util/concurrent/CompletableFuture$UniCompletion
Event: 37.798 Loading class java/util/concurrent/CompletableFuture$UniCompletion done
Event: 37.798 Loading class java/util/concurrent/CompletableFuture$UniApply done
Event: 37.800 Loading class java/util/concurrent/CompletableFuture$UniAccept
Event: 37.800 Loading class java/util/concurrent/CompletableFuture$UniAccept done
Event: 37.800 Loading class java/util/concurrent/CompletableFuture$UniExceptionally
Event: 37.801 Loading class java/util/concurrent/CompletableFuture$UniExceptionally done
Event: 37.865 Loading class java/util/stream/ReferencePipeline$15
Event: 37.865 Loading class java/util/stream/ReferencePipeline$15 done
Event: 37.866 Loading class java/util/stream/ReferencePipeline$15$1
Event: 37.866 Loading class java/util/stream/ReferencePipeline$15$1 done
Event: 38.035 Loading class java/lang/UnsupportedClassVersionError
Event: 38.035 Loading class java/lang/UnsupportedClassVersionError done
Event: 39.495 Loading class java/util/stream/DistinctOps
Event: 39.495 Loading class java/util/stream/DistinctOps done
Event: 39.495 Loading class java/util/stream/DistinctOps$1
Event: 39.496 Loading class java/util/stream/DistinctOps$1 done
Event: 39.511 Loading class java/util/stream/DistinctOps$1$2
Event: 39.511 Loading class java/util/stream/DistinctOps$1$2 done

Classes unloaded (12 events):
Event: 6.300 Thread 0x0000018081492c80 Unloading class 0x0000018099193c00 'java/lang/invoke/LambdaForm$MH+0x0000018099193c00'
Event: 6.300 Thread 0x0000018081492c80 Unloading class 0x0000018099193800 'java/lang/invoke/LambdaForm$MH+0x0000018099193800'
Event: 6.300 Thread 0x0000018081492c80 Unloading class 0x0000018099193400 'java/lang/invoke/LambdaForm$MH+0x0000018099193400'
Event: 6.300 Thread 0x0000018081492c80 Unloading class 0x0000018099193000 'java/lang/invoke/LambdaForm$MH+0x0000018099193000'
Event: 6.300 Thread 0x0000018081492c80 Unloading class 0x0000018099192c00 'java/lang/invoke/LambdaForm$BMH+0x0000018099192c00'
Event: 6.300 Thread 0x0000018081492c80 Unloading class 0x0000018099192800 'java/lang/invoke/LambdaForm$DMH+0x0000018099192800'
Event: 6.300 Thread 0x0000018081492c80 Unloading class 0x0000018099191400 'java/lang/invoke/LambdaForm$DMH+0x0000018099191400'
Event: 8.876 Thread 0x0000018081492c80 Unloading class 0x00000180992de400 'java/lang/invoke/LambdaForm$MH+0x00000180992de400'
Event: 8.876 Thread 0x0000018081492c80 Unloading class 0x00000180992dd800 'java/lang/invoke/LambdaForm$MH+0x00000180992dd800'
Event: 8.876 Thread 0x0000018081492c80 Unloading class 0x00000180992dcc00 'java/lang/invoke/LambdaForm$MH+0x00000180992dcc00'
Event: 8.876 Thread 0x0000018081492c80 Unloading class 0x00000180992dc400 'java/lang/invoke/LambdaForm$DMH+0x00000180992dc400'
Event: 8.876 Thread 0x0000018081492c80 Unloading class 0x00000180992dbc00 'java/lang/invoke/LambdaForm$MH+0x00000180992dbc00'

Classes redefined (0 events):
No events

Internal exceptions (20 events):
Event: 37.055 Thread 0x00000180dff458e0 Implicit null exception at 0x000001808eb38917 to 0x000001808eb38ff4
Event: 37.148 Thread 0x00000180dff458e0 Exception <a 'sun/nio/fs/WindowsException'{0x00000000eab9e010}> (0x00000000eab9e010) 
thrown [s\src\hotspot\share\prims\jni.cpp, line 520]
Event: 37.315 Thread 0x00000180dff458e0 Exception <a 'sun/nio/fs/WindowsException'{0x00000000eafff448}> (0x00000000eafff448) 
thrown [s\src\hotspot\share\prims\jni.cpp, line 520]
Event: 37.730 Thread 0x00000180dff458e0 Implicit null exception at 0x000001808eaa3ba2 to 0x000001808eaa65a8
Event: 37.769 Thread 0x00000180dff458e0 Exception <a 'sun/nio/fs/WindowsException'{0x00000000eadfa088}> (0x00000000eadfa088) 
thrown [s\src\hotspot\share\prims\jni.cpp, line 520]
Event: 37.785 Thread 0x00000180dff458e0 Exception <a 'sun/nio/fs/WindowsException'{0x00000000eae045c0}> (0x00000000eae045c0) 
thrown [s\src\hotspot\share\prims\jni.cpp, line 520]
Event: 37.853 Thread 0x00000180e20a9870 Exception <a 'sun/nio/fs/WindowsException'{0x00000000eab41960}> (0x00000000eab41960) 
thrown [s\src\hotspot\share\prims\jni.cpp, line 520]
Event: 37.858 Thread 0x00000180e20a9870 Exception <a 'sun/nio/fs/WindowsException'{0x00000000eab5d8a8}> (0x00000000eab5d8a8) 
thrown [s\src\hotspot\share\prims\jni.cpp, line 520]
Event: 37.868 Thread 0x00000180e20a9870 Exception <a 'sun/nio/fs/WindowsException'{0x00000000eabb2408}> (0x00000000eabb2408) 
thrown [s\src\hotspot\share\prims\jni.cpp, line 520]
Event: 37.997 Thread 0x00000180e34ddd50 Exception <a 'sun/nio/fs/WindowsException'{0x00000000eabf9350}> (0x00000000eabf9350) 
thrown [s\src\hotspot\share\prims\jni.cpp, line 520]
Event: 38.031 Thread 0x00000180e20a9870 Exception <a 'sun/nio/fs/WindowsException'{0x00000000ead183a8}> (0x00000000ead183a8) 
thrown [s\src\hotspot\share\prims\jni.cpp, line 520]
Event: 38.048 Thread 0x00000180e20a9870 Exception <a 'sun/nio/fs/WindowsException'{0x00000000eada7428}> (0x00000000eada7428) 
thrown [s\src\hotspot\share\prims\jni.cpp, line 520]
Event: 38.048 Thread 0x00000180e20a9870 Exception <a 'sun/nio/fs/WindowsException'{0x00000000eada7d08}> (0x00000000eada7d08) 
thrown [s\src\hotspot\share\prims\jni.cpp, line 520]
Event: 38.049 Thread 0x00000180e20a9870 Exception <a 'sun/nio/fs/WindowsException'{0x00000000eadba1e8}> (0x00000000eadba1e8) 
thrown [s\src\hotspot\share\prims\jni.cpp, line 520]
Event: 38.049 Thread 0x00000180e20a9870 Exception <a 'sun/nio/fs/WindowsException'{0x00000000eadbad18}> (0x00000000eadbad18) 
thrown [s\src\hotspot\share\prims\jni.cpp, line 520]
Event: 38.083 Thread 0x00000180e34ddd50 Exception <a 'java/lang/NoSuchMethodError'{0x00000000eae61108}: 'int java.lang.invoke.Invokers$Holder.invokeExact_MT(java.lang.Object, java.lang.Object)'> (0x00000000eae61108) 
thrown [s\src\hotspot\share\interpreter\linkResolver.cpp, line 773]
Event: 38.085 Thread 0x00000180e20a9870 Exception <a 'sun/nio/fs/WindowsException'{0x00000000eae8c8f0}> (0x00000000eae8c8f0) 
thrown [s\src\hotspot\share\prims\jni.cpp, line 520]
Event: 39.295 Thread 0x00000180e20a9870 Exception <a 'java/lang/LinkageError'{0x00000000eaec9180}: loader lombok.launch.ShadowClassLoader @7d065f51 attempted duplicate class definition for lombok.launch.PatchFixesHider$ValPortal. (lombok.launch.PatchFixesHider$ValPortal is in unnamed module of loader lombok.launch.ShadowClassLoader @7d065f51, parent loader org.eclipse.osgi.internal.loader.EquinoxClassLoader @13f94f73)> (0x00000000eaec9180) 
thrown [s\src\hotspot\share\classfile\systemDictionary.cpp, line 1682]
Event: 39.295 Thread 0x00000180e34ddd50 Exception <a 'java/lang/LinkageError'{0x00000000eaecb400}: loader lombok.launch.ShadowClassLoader @7d065f51 attempted duplicate class definition for lombok.launch.PatchFixesHider$ValPortal. (lombok.launch.PatchFixesHider$ValPortal is in unnamed module of loader lombok.launch.ShadowClassLoader @7d065f51, parent loader org.eclipse.osgi.internal.loader.EquinoxClassLoader @13f94f73)> (0x00000000eaecb400) 
thrown [s\src\hotspot\share\classfile\systemDictionary.cpp, line 1682]
Event: 39.562 Thread 0x00000180e34dd6c0 Exception <a 'java/lang/NoSuchMethodError'{0x00000000ead7c5d0}: 'int java.lang.invoke.DirectMethodHandle$Holder.invokeSpecial(java.lang.Object, java.lang.Object, java.lang.Object, java.lang.Object, java.lang.Object)'> (0x00000000ead7c5d0) 
thrown [s\src\hotspot\share\interpreter\linkResolver.cpp, line 773]

ZGC Phase Switch (0 events):
No events

VM Operations (20 events):
Event: 39.470 Executing VM operation: ParallelGCFailedAllocation (Allocation Failure) done
Event: 39.496 Executing VM operation: ParallelGCFailedAllocation (Allocation Failure)
Event: 39.510 Executing VM operation: ParallelGCFailedAllocation (Allocation Failure) done
Event: 39.511 Executing VM operation: HandshakeAllThreads (Deoptimize)
Event: 39.511 Executing VM operation: HandshakeAllThreads (Deoptimize) done
Event: 39.577 Executing VM operation: ParallelGCFailedAllocation (Allocation Failure)
Event: 39.584 Executing VM operation: ParallelGCFailedAllocation (Allocation Failure) done
Event: 40.631 Executing VM operation: ParallelGCFailedAllocation (Allocation Failure)
Event: 40.644 Executing VM operation: ParallelGCFailedAllocation (Allocation Failure) done
Event: 40.817 Executing VM operation: ParallelGCFailedAllocation (Allocation Failure)
Event: 40.837 Executing VM operation: ParallelGCFailedAllocation (Allocation Failure) done
Event: 40.874 Executing VM operation: ParallelGCFailedAllocation (Allocation Failure)
Event: 40.896 Executing VM operation: ParallelGCFailedAllocation (Allocation Failure) done
Event: 40.947 Executing VM operation: ParallelGCFailedAllocation (Allocation Failure)
Event: 40.953 Executing VM operation: ParallelGCFailedAllocation (Allocation Failure) done
Event: 40.971 Executing VM operation: ParallelGCFailedAllocation (Allocation Failure)
Event: 40.990 Executing VM operation: ParallelGCFailedAllocation (Allocation Failure) done
Event: 41.004 Executing VM operation: ParallelGCFailedAllocation (Allocation Failure)
Event: 41.022 Executing VM operation: ParallelGCFailedAllocation (Allocation Failure) done
Event: 41.047 Executing VM operation: ParallelGCFailedAllocation (Allocation Failure)

Memory protections (0 events):
No events

Nmethod flushes (20 events):
Event: 23.142 Thread 0x0000018081492c80 flushing  nmethod 0x000001808727fb90
Event: 23.142 Thread 0x0000018081492c80 flushing  nmethod 0x0000018087281010
Event: 23.142 Thread 0x0000018081492c80 flushing  nmethod 0x0000018087287510
Event: 23.142 Thread 0x0000018081492c80 flushing  nmethod 0x0000018087287a90
Event: 23.142 Thread 0x0000018081492c80 flushing  nmethod 0x000001808728e990
Event: 23.142 Thread 0x0000018081492c80 flushing  nmethod 0x000001808728ee10
Event: 23.142 Thread 0x0000018081492c80 flushing  nmethod 0x000001808728f410
Event: 23.142 Thread 0x0000018081492c80 flushing  nmethod 0x000001808728f810
Event: 23.142 Thread 0x0000018081492c80 flushing  nmethod 0x000001808728fe10
Event: 23.142 Thread 0x0000018081492c80 flushing  nmethod 0x0000018087291390
Event: 23.142 Thread 0x0000018081492c80 flushing  nmethod 0x00000180872bf190
Event: 23.142 Thread 0x0000018081492c80 flushing  nmethod 0x00000180872f2a10
Event: 23.142 Thread 0x0000018081492c80 flushing  nmethod 0x00000180872f7c10
Event: 23.142 Thread 0x0000018081492c80 flushing  nmethod 0x00000180872fe690
Event: 23.142 Thread 0x0000018081492c80 flushing  nmethod 0x0000018087317790
Event: 23.142 Thread 0x0000018081492c80 flushing  nmethod 0x0000018087319890
Event: 23.142 Thread 0x0000018081492c80 flushing  nmethod 0x000001808731af10
Event: 23.142 Thread 0x0000018081492c80 flushing  nmethod 0x000001808731d110
Event: 23.142 Thread 0x0000018081492c80 flushing  nmethod 0x0000018087351110
Event: 23.142 Thread 0x0000018081492c80 flushing  nmethod 0x000001808735ba10

Events (20 events):
Event: 31.858 Thread 0x0000018097b8ff60 Thread added: 0x00000180e4050ac0
Event: 32.072 Thread 0x00000180e4050ac0 Thread exited: 0x00000180e4050ac0
Event: 32.072 Thread 0x00000180e36747f0 Thread exited: 0x00000180e36747f0
Event: 32.077 Thread 0x0000018097b8ff60 Thread added: 0x00000180e36747f0
Event: 32.083 Thread 0x0000018097b8ff60 Thread added: 0x00000180e4050ac0
Event: 32.418 Thread 0x00000180e4050ac0 Thread exited: 0x00000180e4050ac0
Event: 35.648 Thread 0x00000180e36747f0 Thread exited: 0x00000180e36747f0
Event: 37.330 Thread 0x0000018097b8ff60 Thread added: 0x00000180e36747f0
Event: 37.331 Thread 0x0000018097b8ff60 Thread added: 0x00000180e3185c30
Event: 37.616 Thread 0x00000180e3185c30 Thread exited: 0x00000180e3185c30
Event: 37.678 Thread 0x00000180e36747f0 Thread exited: 0x00000180e36747f0
Event: 37.800 Thread 0x00000180e20a9870 Thread added: 0x00000180e34dd6c0
Event: 37.806 Thread 0x00000180e34dd6c0 Thread added: 0x00000180e34ddd50
Event: 37.815 Thread 0x00000180e34ddd50 Thread added: 0x00000180e34db5f0
Event: 37.816 Thread 0x00000180e34db5f0 Thread added: 0x00000180e34daf60
Event: 37.818 Thread 0x00000180e34daf60 Thread added: 0x00000180e34dfe20
Event: 38.050 Thread 0x0000018097b8ff60 Thread added: 0x00000180e36747f0
Event: 39.347 Thread 0x0000018097b8ff60 Thread added: 0x00000180e2b9dbc0
Event: 40.848 Thread 0x00000180dff44530 Thread added: 0x00000180e34dea70
Event: 40.853 Thread 0x00000180e34dea70 Thread exited: 0x00000180e34dea70


Dynamic libraries:
0x00007ff6c9430000 - 0x00007ff6c943e000 	c:\Users\Johnly\.vscode\extensions\redhat.java-1.40.0-win32-x64\jre\21.0.6-win32-x86_64\bin\java.exe
0x00007ffc02780000 - 0x00007ffc029e3000 	C:\WINDOWS\SYSTEM32\ntdll.dll
0x00007ffc01fe0000 - 0x00007ffc020a7000 	C:\WINDOWS\System32\KERNEL32.DLL
0x00007ffbffc30000 - 0x00007ffbffff9000 	C:\WINDOWS\System32\KERNELBASE.dll
0x00007ffbff980000 - 0x00007ffbffacc000 	C:\WINDOWS\System32\ucrtbase.dll
0x00007ffbe8830000 - 0x00007ffbe8848000 	c:\Users\Johnly\.vscode\extensions\redhat.java-1.40.0-win32-x64\jre\21.0.6-win32-x86_64\bin\jli.dll
0x00007ffbe8620000 - 0x00007ffbe863e000 	c:\Users\Johnly\.vscode\extensions\redhat.java-1.40.0-win32-x64\jre\21.0.6-win32-x86_64\bin\VCRUNTIME140.dll
0x00007ffc00db0000 - 0x00007ffc00f7a000 	C:\WINDOWS\System32\USER32.dll
0x00007ffc00000000 - 0x00007ffc00027000 	C:\WINDOWS\System32\win32u.dll
0x00007ffc01f00000 - 0x00007ffc01f2a000 	C:\WINDOWS\System32\GDI32.dll
0x00007ffc00170000 - 0x00007ffc002a1000 	C:\WINDOWS\System32\gdi32full.dll
0x00007ffbe7f30000 - 0x00007ffbe81c0000 	C:\WINDOWS\WinSxS\amd64_microsoft.windows.common-controls_6595b64144ccf1df_6.0.26100.3323_none_3e088096e3344490\COMCTL32.dll
0x00007ffc000c0000 - 0x00007ffc00163000 	C:\WINDOWS\System32\msvcp_win.dll
0x00007ffc01200000 - 0x00007ffc012a9000 	C:\WINDOWS\System32\msvcrt.dll
0x00007ffc01100000 - 0x00007ffc0112f000 	C:\WINDOWS\System32\IMM32.DLL
0x00007ffbea3c0000 - 0x00007ffbea3cc000 	c:\Users\Johnly\.vscode\extensions\redhat.java-1.40.0-win32-x64\jre\21.0.6-win32-x86_64\bin\vcruntime140_1.dll
0x00007ffbdd170000 - 0x00007ffbdd1fd000 	c:\Users\Johnly\.vscode\extensions\redhat.java-1.40.0-win32-x64\jre\21.0.6-win32-x86_64\bin\msvcp140.dll
0x00007ffbae290000 - 0x00007ffbaf020000 	c:\Users\Johnly\.vscode\extensions\redhat.java-1.40.0-win32-x64\jre\21.0.6-win32-x86_64\bin\server\jvm.dll
0x00007ffc01140000 - 0x00007ffc011f2000 	C:\WINDOWS\System32\ADVAPI32.dll
0x00007ffc00ce0000 - 0x00007ffc00d86000 	C:\WINDOWS\System32\sechost.dll
0x00007ffc025c0000 - 0x00007ffc026d6000 	C:\WINDOWS\System32\RPCRT4.dll
0x00007ffc01080000 - 0x00007ffc010f4000 	C:\WINDOWS\System32\WS2_32.dll
0x00007ffbff810000 - 0x00007ffbff85e000 	C:\WINDOWS\SYSTEM32\POWRPROF.dll
0x00007ffbf6950000 - 0x00007ffbf6986000 	C:\WINDOWS\SYSTEM32\WINMM.dll
0x00007ffbf7aa0000 - 0x00007ffbf7aab000 	C:\WINDOWS\SYSTEM32\VERSION.dll
0x00007ffbff7f0000 - 0x00007ffbff804000 	C:\WINDOWS\SYSTEM32\UMPDC.dll
0x00007ffbfe7a0000 - 0x00007ffbfe7ba000 	C:\WINDOWS\SYSTEM32\kernel.appcore.dll
0x00007ffbe8820000 - 0x00007ffbe882a000 	c:\Users\Johnly\.vscode\extensions\redhat.java-1.40.0-win32-x64\jre\21.0.6-win32-x86_64\bin\jimage.dll
0x00007ffbf2230000 - 0x00007ffbf2471000 	C:\WINDOWS\SYSTEM32\DBGHELP.DLL
0x00007ffc00630000 - 0x00007ffc009b2000 	C:\WINDOWS\System32\combase.dll
0x00007ffc00a20000 - 0x00007ffc00af6000 	C:\WINDOWS\System32\OLEAUT32.dll
0x00007ffbe68a0000 - 0x00007ffbe68d9000 	C:\WINDOWS\SYSTEM32\dbgcore.DLL
0x00007ffbffb90000 - 0x00007ffbffc29000 	C:\WINDOWS\System32\bcryptPrimitives.dll
0x00007ffbe7c30000 - 0x00007ffbe7c3f000 	c:\Users\Johnly\.vscode\extensions\redhat.java-1.40.0-win32-x64\jre\21.0.6-win32-x86_64\bin\instrument.dll
0x00007ffbe0930000 - 0x00007ffbe094f000 	c:\Users\Johnly\.vscode\extensions\redhat.java-1.40.0-win32-x64\jre\21.0.6-win32-x86_64\bin\java.dll
0x00007ffc01450000 - 0x00007ffc01b65000 	C:\WINDOWS\System32\SHELL32.dll
0x00007ffc00430000 - 0x00007ffc00598000 	C:\WINDOWS\System32\wintypes.dll
0x00007ffbfd6a0000 - 0x00007ffbfdee5000 	C:\WINDOWS\SYSTEM32\windows.storage.dll
0x00007ffc01e10000 - 0x00007ffc01efb000 	C:\WINDOWS\System32\SHCORE.dll
0x00007ffc009c0000 - 0x00007ffc00a1d000 	C:\WINDOWS\System32\shlwapi.dll
0x00007ffbff890000 - 0x00007ffbff8bf000 	C:\WINDOWS\SYSTEM32\profapi.dll
0x00007ffbe03b0000 - 0x00007ffbe03c8000 	c:\Users\Johnly\.vscode\extensions\redhat.java-1.40.0-win32-x64\jre\21.0.6-win32-x86_64\bin\zip.dll
0x00007ffbe8610000 - 0x00007ffbe8620000 	C:\Users\Johnly\.vscode\extensions\redhat.java-1.40.0-win32-x64\jre\21.0.6-win32-x86_64\bin\net.dll
0x00007ffbf7d60000 - 0x00007ffbf7e7e000 	C:\WINDOWS\SYSTEM32\WINHTTP.dll
0x00007ffbfecc0000 - 0x00007ffbfed2a000 	C:\WINDOWS\system32\mswsock.dll
0x00007ffbe0200000 - 0x00007ffbe0216000 	C:\Users\Johnly\.vscode\extensions\redhat.java-1.40.0-win32-x64\jre\21.0.6-win32-x86_64\bin\nio.dll
0x00007ffbe5020000 - 0x00007ffbe5030000 	c:\Users\Johnly\.vscode\extensions\redhat.java-1.40.0-win32-x64\jre\21.0.6-win32-x86_64\bin\verify.dll
0x00007ffbdce30000 - 0x00007ffbdce75000 	C:\Users\Johnly\AppData\Roaming\Code\User\globalStorage\redhat.java\1.40.0\config_win\org.eclipse.equinox.launcher\org.eclipse.equinox.launcher.win32.win32.x86_64_1.2.1200.v20250212-0927\eclipse_11909.dll
0x00007ffc012b0000 - 0x00007ffc01445000 	C:\WINDOWS\System32\ole32.dll
0x00007ffbe4ed0000 - 0x00007ffbe4eda000 	C:\Users\Johnly\.vscode\extensions\redhat.java-1.40.0-win32-x64\jre\21.0.6-win32-x86_64\bin\management.dll
0x00007ffbe4580000 - 0x00007ffbe458b000 	C:\Users\Johnly\.vscode\extensions\redhat.java-1.40.0-win32-x64\jre\21.0.6-win32-x86_64\bin\management_ext.dll
0x00007ffc00fe0000 - 0x00007ffc00fe8000 	C:\WINDOWS\System32\PSAPI.DLL
0x00007ffbfef60000 - 0x00007ffbfef7c000 	C:\WINDOWS\SYSTEM32\CRYPTSP.dll
0x00007ffbfe700000 - 0x00007ffbfe73a000 	C:\WINDOWS\system32\rsaenh.dll
0x00007ffbfed60000 - 0x00007ffbfed8b000 	C:\WINDOWS\SYSTEM32\USERENV.dll
0x00007ffbff1a0000 - 0x00007ffbff1c6000 	C:\WINDOWS\SYSTEM32\bcrypt.dll
0x00007ffbfef80000 - 0x00007ffbfef8c000 	C:\WINDOWS\SYSTEM32\CRYPTBASE.dll
0x00007ffbfe230000 - 0x00007ffbfe263000 	C:\WINDOWS\SYSTEM32\IPHLPAPI.DLL
0x00007ffc026e0000 - 0x00007ffc026ea000 	C:\WINDOWS\System32\NSI.dll
0x00007ffbdd380000 - 0x00007ffbdd3c9000 	C:\Users\Johnly\AppData\Local\Temp\jna--2070691848\jna6943134641925883252.dll
0x00007ffbf7d30000 - 0x00007ffbf7d4f000 	C:\WINDOWS\SYSTEM32\dhcpcsvc6.DLL
0x00007ffbf7d00000 - 0x00007ffbf7d25000 	C:\WINDOWS\SYSTEM32\dhcpcsvc.DLL
0x00007ffbe3ec0000 - 0x00007ffbe3ece000 	C:\Users\Johnly\.vscode\extensions\redhat.java-1.40.0-win32-x64\jre\21.0.6-win32-x86_64\bin\sunmscapi.dll
0x00007ffc002b0000 - 0x00007ffc00427000 	C:\WINDOWS\System32\CRYPT32.dll
0x00007ffbff160000 - 0x00007ffbff190000 	C:\WINDOWS\SYSTEM32\ncrypt.dll
0x00007ffbff110000 - 0x00007ffbff14f000 	C:\WINDOWS\SYSTEM32\NTASN1.dll
0x00007ffbfe2d0000 - 0x00007ffbfe3f5000 	C:\WINDOWS\SYSTEM32\DNSAPI.dll
0x00007ffbf96d0000 - 0x00007ffbf96db000 	C:\Windows\System32\rasadhlp.dll
0x00007ffbf7640000 - 0x00007ffbf76c5000 	C:\WINDOWS\System32\fwpuclnt.dll
0x00007ffbe13e0000 - 0x00007ffbe13e9000 	C:\Users\Johnly\.vscode\extensions\redhat.java-1.40.0-win32-x64\jre\21.0.6-win32-x86_64\bin\extnet.dll

dbghelp: loaded successfully - version: 4.0.5 - missing functions: none
symbol engine: initialized successfully - sym options: 0x614 - pdb path: .;c:\Users\Johnly\.vscode\extensions\redhat.java-1.40.0-win32-x64\jre\21.0.6-win32-x86_64\bin;C:\WINDOWS\SYSTEM32;C:\WINDOWS\WinSxS\amd64_microsoft.windows.common-controls_6595b64144ccf1df_6.0.26100.3323_none_3e088096e3344490;c:\Users\Johnly\.vscode\extensions\redhat.java-1.40.0-win32-x64\jre\21.0.6-win32-x86_64\bin\server;C:\Users\Johnly\AppData\Roaming\Code\User\globalStorage\redhat.java\1.40.0\config_win\org.eclipse.equinox.launcher\org.eclipse.equinox.launcher.win32.win32.x86_64_1.2.1200.v20250212-0927;C:\Users\Johnly\AppData\Local\Temp\jna--2070691848

VM Arguments:
jvm_args: --add-modules=ALL-SYSTEM --add-opens=java.base/java.util=ALL-UNNAMED --add-opens=java.base/java.lang=ALL-UNNAMED --add-opens=java.base/sun.nio.fs=ALL-UNNAMED -Declipse.application=org.eclipse.jdt.ls.core.id1 -Dosgi.bundles.defaultStartLevel=4 -Declipse.product=org.eclipse.jdt.ls.core.product -Djava.import.generatesMetadataFilesAtProjectRoot=false -DDetectVMInstallationsJob.disabled=true -Dfile.encoding=utf8 -XX:+UseParallelGC -XX:GCTimeRatio=4 -XX:AdaptiveSizePolicyWeight=90 -Dsun.zip.disableMemoryMapping=true -Xmx1G -Xms100m -Xlog:disable -javaagent:c:\Users\Johnly\.vscode\extensions\redhat.java-1.40.0-win32-x64\lombok\lombok-1.18.36.jar -XX:+HeapDumpOnOutOfMemoryError -XX:HeapDumpPath=c:\Users\Johnly\AppData\Roaming\Code\User\workspaceStorage\6a2e6c06b4e0a7fda055d80ffa069b3f\redhat.java -Daether.dependencyCollector.impl=bf 
java_command: c:\Users\Johnly\.vscode\extensions\redhat.java-1.40.0-win32-x64\server\plugins\org.eclipse.equinox.launcher_1.6.1000.v20250131-0606.jar -configuration c:\Users\Johnly\AppData\Roaming\Code\User\globalStorage\redhat.java\1.40.0\config_win -data c:\Users\Johnly\AppData\Roaming\Code\User\workspaceStorage\6a2e6c06b4e0a7fda055d80ffa069b3f\redhat.java\jdt_ws --pipe=\\.\pipe\lsp-ee8c2af3f389d387f15181892e12b074-sock
java_class_path (initial): c:\Users\Johnly\.vscode\extensions\redhat.java-1.40.0-win32-x64\server\plugins\org.eclipse.equinox.launcher_1.6.1000.v20250131-0606.jar
Launcher Type: SUN_STANDARD

[Global flags]
    uintx AdaptiveSizePolicyWeight                 = 90                                        {product} {command line}
     intx CICompilerCount                          = 4                                         {product} {ergonomic}
    uintx GCTimeRatio                              = 4                                         {product} {command line}
     bool HeapDumpOnOutOfMemoryError               = true                                   {manageable} {command line}
    ccstr HeapDumpPath                             = c:\Users\Johnly\AppData\Roaming\Code\User\workspaceStorage\6a2e6c06b4e0a7fda055d80ffa069b3f\redhat.java         {manageable} {command line}
   size_t InitialHeapSize                          = 104857600                                 {product} {command line}
   size_t MaxHeapSize                              = 1073741824                                {product} {command line}
   size_t MaxNewSize                               = 357564416                                 {product} {ergonomic}
   size_t MinHeapDeltaBytes                        = 524288                                    {product} {ergonomic}
   size_t MinHeapSize                              = 104857600                                 {product} {command line}
   size_t NewSize                                  = 34603008                                  {product} {ergonomic}
    uintx NonNMethodCodeHeapSize                   = 5839372                                {pd product} {ergonomic}
    uintx NonProfiledCodeHeapSize                  = 122909434                              {pd product} {ergonomic}
   size_t OldSize                                  = 70254592                                  {product} {ergonomic}
    uintx ProfiledCodeHeapSize                     = 122909434                              {pd product} {ergonomic}
    uintx ReservedCodeCacheSize                    = 251658240                              {pd product} {ergonomic}
     bool SegmentedCodeCache                       = true                                      {product} {ergonomic}
   size_t SoftMaxHeapSize                          = 1073741824                             {manageable} {ergonomic}
     bool UseCompressedOops                        = true                           {product lp64_product} {ergonomic}
     bool UseLargePagesIndividualAllocation        = false                                  {pd product} {ergonomic}
     bool UseParallelGC                            = true                                      {product} {command line}

Logging:
Log output configuration:
 #0: stdout all=off uptime,level,tags foldmultilines=false
 #1: stderr all=off uptime,level,tags foldmultilines=false

Environment Variables:
JAVA_HOME=C:\Program Files\Java\jdk-21\
PATH=C:\Program Files\Common Files\Oracle\Java\javapath;C:\Windows\system32;C:\Windows;C:\Windows\System32\Wbem;C:\Windows\System32\WindowsPowerShell\v1.0\;C:\Windows\System32\OpenSSH\;C:\Program Files (x86)\NVIDIA Corporation\PhysX\Common;C:\Program Files\NVIDIA Corporation\NVIDIA NvDLISR;C:\WINDOWS\system32;C:\WINDOWS;C:\WINDOWS\System32\Wbem;C:\WINDOWS\System32\WindowsPowerShell\v1.0\;C:\WINDOWS\System32\OpenSSH\;C:\Program Files\Git\cmd;C:\Program Files\PuTTY\;C:\Program Files\nodejs\;C:\Program Files\dotnet\;C:\Users\Johnly\AppData\Local\Microsoft\WindowsApps;C:\Users\Johnly\AppData\Local\Programs\Microsoft VS Code\bin;C:\Users\Johnly\AppData\Local\GitHubDesktop\bin;C:\MinGW\bin;C:\Program Files\Emacs\emacs-29.4\bin;C:\Users\Johnly\AppData\Roaming\npm;C:\Users\Johnly\AppData\Local\Android\Sdk\platform-tools;C:\Users\Johnly\AppData\Local\Android\Sdk\cmdline-tools\latest\bin;C:\Users\Johnly\AppData\Local\Android\Sdk\tools;C:\Program Files\Java\jdk-21\\bin;C:\Gradle\gradle-8.13\bin;C:\Users\Johnly\AppData\Local\Android\Sdk\build-tools\34.0.0;C:\Users\Johnly\AppData\Local\Android\Sdk\emulator;C:\Users\Johnly\AppData\Local\Muse Hub\lib;C:\Program Files\php;
USERNAME=Johnly
OS=Windows_NT
PROCESSOR_IDENTIFIER=AMD64 Family 23 Model 24 Stepping 1, AuthenticAMD
TMP=C:\Users\Johnly\AppData\Local\Temp
TEMP=C:\Users\Johnly\AppData\Local\Temp




Periodic native trim disabled

---------------  S Y S T E M  ---------------

OS:
 Windows 11 , 64 bit Build 26100 (10.0.26100.3323)
OS uptime: 0 days 1:45 hours

CPU: total 8 (initial active 8) (8 cores per cpu, 2 threads per core) family 23 model 24 stepping 1 microcode 0x8108102, cx8, cmov, fxsr, ht, mmx, 3dnowpref, sse, sse2, sse3, ssse3, sse4a, sse4.1, sse4.2, popcnt, lzcnt, tsc, tscinvbit, avx, avx2, aes, clmul, bmi1, bmi2, adx, sha, fma, vzeroupper, clflush, clflushopt, rdtscp, f16c
Processor Information for the first 8 processors :
  Max Mhz: 2300, Current Mhz: 1400, Mhz Limit: 2300

Memory: 4k page, system-wide physical 15807M (3768M free)
TotalPageFile size 15807M (AvailPageFile size 7M)
current process WorkingSet (physical memory assigned to process): 763M, peak: 777M
current process commit charge ("private bytes"): 671M, peak: 683M

vm_info: OpenJDK 64-Bit Server VM (21.0.6+7-LTS) for windows-amd64 JRE (21.0.6+7-LTS), built on 2025-01-21T00:00:00Z by "admin" with MS VC++ 17.7 (VS2022)

END.
